[16/2/2018 9:27:5] /town thais
[16/2/2018 9:27:55] /addskill [ADM] Weslley Kiyo, level, 100
[16/2/2018 9:29:43] /town svarground
[16/2/2018 9:29:45] /town svargrond
[16/2/2018 9:30:15] /i vial, 0
[16/2/2018 9:30:25] /town thais
[16/2/2018 9:30:36] /i vial, 0
[16/2/2018 17:20:49] /save
[16/2/2018 17:20:50] /shutdown
[16/2/2018 17:31:47] /addskill testando kina, level, 7
[16/2/2018 17:32:46] /addskill testando kina, level, 17
[16/2/2018 17:33:15] /addskill testando kina, level, 6
[16/2/2018 17:33:18] /addskill testando kina, level, -1
[16/2/2018 19:0:7] /save
[16/2/2018 19:0:9] /shutdown
[16/2/2018 19:2:35] /save
[16/2/2018 19:2:36] /shutdown
[16/2/2018 19:9:14] /save
[16/2/2018 19:9:15] /shutdown
[16/2/2018 19:17:15] /addskill testando druid, level, 7
[16/2/2018 19:17:37] /addskill testando druid, level, 30
[16/2/2018 19:18:51] /addskill testando pala, level, 7
[16/2/2018 19:19:47] /addskill testando pala, level, 24
[16/2/2018 19:20:27] /addskill testando soc, level, 7
[16/2/2018 19:20:49] /addskill testando soc, level, 30
[16/2/2018 19:22:12] /addskill [ADM] Weslley Kiyo, level, -70
