[2/11/2018 13:43:15] /i 2160
[2/11/2018 13:43:20] /i backpack
[2/11/2018 13:43:23] /town 1
[2/11/2018 13:45:18] /reload globalevents
[2/11/2018 16:21:36] /addskill ADM Kolisao, level, 200
[2/11/2018 16:21:44] /addskill Mage Test, level, 200
[2/11/2018 16:25:25] /save
[2/11/2018 16:25:27] /shutdown
[2/11/2018 16:25:58] /up
[2/11/2018 16:26:5] /down
[2/11/2018 16:26:12] /c mage test
[2/11/2018 16:27:19] /town 1
[2/11/2018 18:1:18] /town 1
[2/11/2018 18:10:25] /goto mage test
[2/11/2018 18:10:29] /goto mage test
[2/11/2018 18:10:31] /goto mage test
[2/11/2018 18:10:33] /goto mage test
[2/11/2018 18:10:34] /goto mage test
[2/11/2018 18:10:36] /goto mage test
[2/11/2018 18:10:38] /goto mage test
[2/11/2018 18:10:42] /goto mage test
[2/11/2018 18:10:45] /goto mage test
[2/11/2018 18:10:47] /goto mage test
[2/11/2018 18:10:49] /goto mage test
[2/11/2018 18:39:18] /town 1
[2/11/2018 18:39:27] /town 1
[2/11/2018 18:43:8] /reload talkaction
[2/11/2018 18:43:30] /reload talkaction
[2/11/2018 18:43:50] /reload talkaction
[2/11/2018 18:44:1] /reload talkaction
[2/11/2018 18:44:32] /reload talkaction
[2/11/2018 18:44:39] /reload talkaction
[2/11/2018 18:44:45] /reload talkaction
[2/11/2018 18:46:3] /reload talkaction
[2/11/2018 18:46:7] /goto mage test
[2/11/2018 18:46:15] /goto mage test
[2/11/2018 18:46:30] /reload talkaction
[2/11/2018 18:46:56] /reload talkaction
[2/11/2018 18:47:5] /reload talkaction
[2/11/2018 18:48:12] /reload talkaction
[2/11/2018 18:48:30] /reload talkaction
[2/11/2018 18:48:47] /reload talkaction
[2/11/2018 18:49:4] /reload talkaction
[2/11/2018 18:49:33] /reload talkaction
[2/11/2018 18:49:43] /reload talkaction
[2/11/2018 18:49:56] /reload talkaction
[2/11/2018 18:50:25] /reload talkaction
[2/11/2018 18:50:29] /goto mage test
[2/11/2018 18:50:45] /reload talkaction
[2/11/2018 18:51:24] /reload talkaction
[2/11/2018 18:57:7] /goto mage test
[2/11/2018 18:57:58] /reload talkaction
[2/11/2018 18:58:0] /goto mage test
[2/11/2018 18:58:41] /reload talkaction
[2/11/2018 18:58:42] /goto mage test
[2/11/2018 18:59:3] /reload talkaction
[2/11/2018 18:59:4] /goto mage test
[2/11/2018 18:59:56] /reload talkaction
[2/11/2018 18:59:57] /goto mage test
[2/11/2018 19:3:11] /reload talkaction
[2/11/2018 19:3:12] /goto mage test
[2/11/2018 19:4:50] /reload talkaction
[2/11/2018 19:4:50] /goto mage test
[2/11/2018 19:5:38] /reload talkaction
[2/11/2018 19:5:39] /goto mage test
[2/11/2018 19:6:5] /reload talkaction
[2/11/2018 19:6:6] /goto mage test
[2/11/2018 19:6:16] /reload talkaction
[2/11/2018 19:6:16] /goto mage test
[2/11/2018 19:6:34] /reload talkaction
[2/11/2018 19:6:35] /goto mage test
[2/11/2018 19:6:57] /reload talkaction
[2/11/2018 19:6:58] /goto mage test
[2/11/2018 20:51:15] /town 1
[2/11/2018 21:3:7] /town 1
[2/11/2018 21:49:16] /down
[2/11/2018 21:51:56] /up
[2/11/2018 21:53:8] /down
[2/11/2018 21:53:34] /up
[2/11/2018 21:55:4] /down
[2/11/2018 21:55:16] /up
[2/11/2018 21:56:3] /reload globalevents
[2/11/2018 21:56:18] /up
[2/11/2018 21:56:20] /down
[2/11/2018 21:56:39] /reload globalevents
[2/11/2018 21:57:20] /m morgaroth
[2/11/2018 21:57:21] /town 1
[2/11/2018 22:11:6] /goto mage test
[2/11/2018 22:23:14] /reload monster
[2/11/2018 22:23:19] /m reward chest
[2/11/2018 22:23:30] /i magic sword
[2/11/2018 22:23:39] /addskill adm kolisao, sword, 100
[2/11/2018 22:23:58] /reload monster
[2/11/2018 22:24:0] /r
[2/11/2018 22:24:3] /m reward chest
[2/11/2018 22:24:22] /reload monster
[2/11/2018 22:24:23] /m reward chest
[2/11/2018 22:40:21] /reload creaturescript
[2/11/2018 22:40:27] /m reward chest
[2/11/2018 22:42:52] /m dragon
[2/11/2018 22:42:58] /m dragon
[2/11/2018 22:43:6] /m reward chest
[2/11/2018 22:43:22] /i blessed shield
[2/11/2018 22:43:24] /m reward chest
[2/11/2018 22:43:25] /m reward chest
[2/11/2018 22:43:47] /m orc
[2/11/2018 22:43:51] /m orc
[2/11/2018 22:43:55] /m orc
[2/11/2018 22:43:55] /m orc
[2/11/2018 22:43:56] /m orc
[2/11/2018 22:43:56] /m orc
[2/11/2018 22:44:46] /reload creaturescript
[2/11/2018 22:44:51] /m reward chest
[2/11/2018 22:45:0] /m reward chest
[2/11/2018 22:45:6] /m reward chest
[2/11/2018 22:45:6] /m reward chest
[2/11/2018 22:45:6] /m reward chest
[2/11/2018 22:45:7] /m reward chest
[2/11/2018 22:45:7] /m reward chest
[2/11/2018 22:45:26] /m reward chest
[2/11/2018 22:45:31] /m reward chest
[2/11/2018 22:46:10] /reload creaturescript
[2/11/2018 22:46:12] /m reward chest
[2/11/2018 22:46:18] /m reward chest
[2/11/2018 22:46:19] /m reward chest
[2/11/2018 22:46:20] /m reward chest
[2/11/2018 22:46:48] /m reward chest
[2/11/2018 22:46:48] /m reward chest
[2/11/2018 22:46:56] /m reward chest
[2/11/2018 22:47:3] /m reward chest
[2/11/2018 22:47:13] /m reward chest
[2/11/2018 22:47:20] /m reward chest
[2/11/2018 22:47:29] /m reward chest
[2/11/2018 22:47:35] /m reward chest
[2/11/2018 22:47:43] /m reward chest
[2/11/2018 22:47:49] /m reward chest
[2/11/2018 22:47:56] /m reward chest
[2/11/2018 22:48:2] /m reward chest
[2/11/2018 22:48:7] /m reward chest
[2/11/2018 22:48:24] /m reward chest
[2/11/2018 22:48:30] /m reward chest
[2/11/2018 22:48:35] /m reward chest
[2/11/2018 22:48:39] /m reward chest
[2/11/2018 22:48:44] /m reward chest
[2/11/2018 22:49:56] /r
[2/11/2018 22:49:57] /r
[2/11/2018 22:50:4] /m reward chest
[2/11/2018 22:50:7] /r
[2/11/2018 22:50:9] /m reward chest
[2/11/2018 23:44:44] /m reward chest
[2/11/2018 23:45:6] /m reward chest6
[2/11/2018 23:45:10] /m reward chest
[3/11/2018 1:1:38] /m Reward Chest
[3/11/2018 1:1:39] /r
[3/11/2018 1:1:47] /m Reward Chest
[3/11/2018 1:1:48] /m Reward Chest
[3/11/2018 1:1:51] /r
[3/11/2018 1:1:51] /r
[3/11/2018 1:4:21] /i fire bomb
[3/11/2018 1:4:23] /i fire bomb rune
[3/11/2018 1:5:7] /goto reward chest
[3/11/2018 1:8:14] /i magic wall rune
[3/11/2018 1:8:52] /goto reward chest
[3/11/2018 1:9:4] /goto reward chest
[3/11/2018 1:9:31] /goto reward chest
[3/11/2018 1:9:41] /goto reward chest
[3/11/2018 1:9:45] /goto reward chest
[3/11/2018 1:9:51] /goto reward chest
[3/11/2018 1:9:55] /goto reward chest
[3/11/2018 1:10:0] /goto reward chest
[3/11/2018 1:10:5] /goto reward chest
[3/11/2018 1:10:12] /goto reward chest
[3/11/2018 1:10:17] /goto reward chest
[3/11/2018 1:10:22] /goto reward chest
[3/11/2018 1:10:27] /goto reward chest
[3/11/2018 1:10:33] /goto reward chest
[3/11/2018 1:10:41] /goto reward chest
[3/11/2018 1:10:45] /goto reward chest
[3/11/2018 1:10:50] /goto reward chest
[3/11/2018 1:10:55] /goto reward chest
[3/11/2018 1:11:11] /goto reward chest
[3/11/2018 1:11:12] /goto reward chest
[3/11/2018 1:13:8] /goto reward chest
[3/11/2018 1:14:36] /goto reward chest
[3/11/2018 1:14:40] /goto reward chest
[3/11/2018 1:14:45] /goto reward chest
[3/11/2018 1:14:49] /goto reward chest
[3/11/2018 1:14:53] /goto reward chest
[3/11/2018 1:14:57] /goto reward chest
[3/11/2018 1:15:1] /goto reward chest
[3/11/2018 1:15:8] /goto reward chest
[3/11/2018 1:15:14] /goto reward chest
[3/11/2018 1:15:17] /goto reward chest
[3/11/2018 1:15:21] /goto reward chest
[3/11/2018 1:15:28] /goto reward chest
[3/11/2018 1:15:32] /goto reward chest
[3/11/2018 1:15:42] /goto reward chest
[3/11/2018 1:15:49] /goto reward chest
[3/11/2018 1:15:54] /goto reward chest
[3/11/2018 1:15:57] /goto reward chest
[3/11/2018 1:16:1] /goto reward chest
[3/11/2018 1:16:7] /goto reward chest
[3/11/2018 1:16:13] /goto reward chest
[3/11/2018 1:20:38] /reload creaturescript
[3/11/2018 1:20:47] /reload creaturescript
[3/11/2018 1:20:51] /goto reward chest
[3/11/2018 1:21:17] /reload creaturescript
[3/11/2018 1:21:19] /goto reward chest
[3/11/2018 1:21:29] /goto reward chest
[3/11/2018 1:21:37] /goto reward chest
[3/11/2018 1:21:45] /goto reward chest
[3/11/2018 1:21:51] /goto reward chest
[3/11/2018 1:22:10] /reload creaturescript
[3/11/2018 1:22:11] /goto reward chest
[3/11/2018 1:22:17] /goto reward chest
[3/11/2018 1:22:23] /goto reward chest
[3/11/2018 1:22:28] /goto reward chest
[3/11/2018 1:22:38] /goto reward chest
[3/11/2018 1:22:45] /goto reward chest
[3/11/2018 1:22:51] /goto reward chest
[3/11/2018 1:23:7] /goto reward chest
[3/11/2018 1:23:21] /goto reward chest
[3/11/2018 1:23:27] /goto reward chest
[3/11/2018 1:23:38] /goto reward chest
[3/11/2018 1:23:46] /goto reward chest
[3/11/2018 1:23:52] /goto reward chest
[3/11/2018 1:24:21] /reload creaturescript
[3/11/2018 1:24:23] /goto reward chest
[3/11/2018 1:24:28] /goto reward chest
[3/11/2018 1:24:39] /goto reward chest
[3/11/2018 1:24:46] /goto reward chest
[3/11/2018 1:24:51] /goto reward chest
[3/11/2018 1:24:56] /goto reward chest
[3/11/2018 1:25:1] /goto reward chest
[3/11/2018 1:25:5] /goto reward chest
[3/11/2018 1:25:10] /goto reward chest
[3/11/2018 1:25:15] /goto reward chest
[3/11/2018 1:25:20] /goto reward chest
[3/11/2018 1:25:25] /goto reward chest
[3/11/2018 1:25:29] /goto reward chest
[3/11/2018 1:25:34] /goto reward chest
[3/11/2018 1:25:42] /goto reward chest
[3/11/2018 1:25:48] /goto reward chest
[3/11/2018 1:25:55] /goto reward chest
[3/11/2018 1:26:21] /reload creaturescript
[3/11/2018 1:26:22] /goto reward chest
[3/11/2018 1:26:27] /goto reward chest
[3/11/2018 1:26:31] /goto reward chest
[3/11/2018 1:26:36] /goto reward chest
[3/11/2018 1:26:40] /goto reward chest
[3/11/2018 1:27:14] /town 1
[3/11/2018 1:27:52] /goto reward chest
[3/11/2018 1:27:56] /goto reward chest
[3/11/2018 1:28:2] /goto reward chest
[3/11/2018 1:28:7] /goto reward chest
[3/11/2018 1:28:13] /goto reward chest
[3/11/2018 1:28:19] /goto reward chest
[3/11/2018 1:28:27] /goto reward chest
[3/11/2018 1:28:32] /goto reward chest
[3/11/2018 1:28:37] /goto reward chest
[3/11/2018 11:14:13] /town 1
[3/11/2018 11:14:45] /m reward chest
[3/11/2018 11:14:46] /m reward chest
[3/11/2018 11:14:47] /m reward chest
[3/11/2018 11:14:48] /m reward chest
[3/11/2018 11:14:49] /m reward chest
[3/11/2018 11:14:50] /m reward chest
[3/11/2018 11:19:6] /m reward chest
[3/11/2018 11:19:7] /m reward chest
[3/11/2018 11:19:8] /m reward chest
[3/11/2018 11:19:24] /m reward chest
[3/11/2018 11:19:25] /m reward chest
[3/11/2018 11:19:26] /m reward chest
[3/11/2018 11:19:27] /m reward chest
[3/11/2018 11:19:28] /m reward chest
[3/11/2018 14:30:46] /goto reward chest
[3/11/2018 14:30:51] /goto reward chest
[3/11/2018 14:30:55] /goto reward chest
[3/11/2018 14:31:0] /goto reward chest
[3/11/2018 14:31:6] /goto reward chest
[3/11/2018 14:31:12] /goto reward chest
[3/11/2018 14:31:19] /town 1
[4/11/2018 12:39:0] /m dreadbeast
[4/11/2018 12:39:2] /r
[4/11/2018 12:39:7] /m undead minion
[4/11/2018 12:39:8] /r
[4/11/2018 12:39:14] /m undead mine worker
[4/11/2018 12:39:16] /r
[4/11/2018 20:29:30] /addskill ADM Kolisao, level, -150
[4/11/2018 20:29:39] /addskill ADM Kolisao, level, 100
[4/11/2018 20:29:46] /light
[4/11/2018 20:47:19] /light
[4/11/2018 21:3:31] /light
[4/11/2018 21:3:47] /m bc gate
[4/11/2018 21:3:57] /r
[4/11/2018 21:4:4] /m bc gate
[4/11/2018 21:4:4] /m bc gate
[4/11/2018 21:4:5] /m bc gate
[4/11/2018 21:4:5] /m bc gate
[4/11/2018 21:4:5] /m bc gate
[4/11/2018 21:4:6] /m bc gate
[4/11/2018 21:4:7] /m bc gate
[4/11/2018 21:4:9] /r
[4/11/2018 21:4:11] /r
[4/11/2018 21:4:12] /r
[4/11/2018 21:4:13] /r
[4/11/2018 21:4:14] /r
[4/11/2018 21:4:17] /m bc gate
[4/11/2018 21:4:55] /r
[4/11/2018 21:7:42] /light
[4/11/2018 21:12:59] /i sudden death rune
[4/11/2018 21:13:9] /r
[4/11/2018 21:13:10] /r
[4/11/2018 21:13:10] /r
[4/11/2018 21:13:11] /r
[4/11/2018 21:14:11] /light
[4/11/2018 21:14:12] /r
[4/11/2018 21:14:12] /r
[4/11/2018 21:14:14] /r
[4/11/2018 21:14:15] /r
[4/11/2018 21:14:17] /r
[4/11/2018 21:14:18] /r
[4/11/2018 21:14:23] /r
[4/11/2018 21:14:24] /r
[4/11/2018 21:14:25] /r
[4/11/2018 21:14:26] /r
[4/11/2018 21:14:27] /r
[4/11/2018 21:14:27] /r
[4/11/2018 21:14:28] /r
[4/11/2018 21:14:28] /r
[4/11/2018 21:14:29] /r
[4/11/2018 21:14:31] /r
[4/11/2018 21:14:32] /r
[4/11/2018 21:14:33] /r
[4/11/2018 21:14:33] /r
[4/11/2018 21:14:34] /r
[4/11/2018 21:14:34] /r
[4/11/2018 21:14:35] /r
[4/11/2018 21:14:35] /r
[4/11/2018 21:14:36] /r
[4/11/2018 21:14:37] /r
[4/11/2018 21:14:38] /r
[4/11/2018 21:14:39] /r
[4/11/2018 21:14:39] /r
[4/11/2018 21:14:40] /r
[4/11/2018 21:14:41] /r
[4/11/2018 21:14:44] /r
[4/11/2018 21:14:44] /r
[4/11/2018 21:14:46] /r
[4/11/2018 21:14:47] /r
[4/11/2018 21:14:48] /r
[4/11/2018 21:14:48] /r
[4/11/2018 21:14:49] /r
[4/11/2018 21:14:50] /r
[4/11/2018 21:14:51] /r
[4/11/2018 21:14:51] /r
[4/11/2018 21:14:52] /r
[4/11/2018 21:14:53] /r
[4/11/2018 21:14:55] /r
[4/11/2018 21:14:55] /r
[4/11/2018 21:14:57] /r
[4/11/2018 21:14:57] /r
[4/11/2018 21:14:58] /r
[4/11/2018 21:14:59] /r
[4/11/2018 21:15:1] /r
[4/11/2018 21:15:2] /r
[4/11/2018 21:15:2] /r
[4/11/2018 21:15:3] /r
[4/11/2018 21:15:3] /r
[4/11/2018 21:15:4] /r
[4/11/2018 21:16:3] /i staff of dream star
[4/11/2018 21:46:54] /i magic longsword
[4/11/2018 23:49:20] /town 1
[5/11/2018 1:38:13] /town 1
[5/11/2018 1:40:29] /reload creaturescript
[5/11/2018 1:40:34] /goto reward chest
[5/11/2018 1:43:49] /reload creaturescript
[5/11/2018 1:43:52] /goto reward chest
[5/11/2018 1:44:31] /goto reward chest
[5/11/2018 1:47:41] /reload creaturescript
[5/11/2018 1:47:46] /goto reward chest
[5/11/2018 1:48:0] /goto reward chest
[5/11/2018 1:48:7] /goto reward chest
[5/11/2018 1:48:16] /goto reward chest
[5/11/2018 1:48:23] /goto reward chest
[5/11/2018 1:48:29] /goto reward chest
[5/11/2018 1:48:40] /goto reward chest
[5/11/2018 1:48:47] /goto reward chest
[5/11/2018 1:48:53] /goto reward chest
[5/11/2018 1:49:6] /goto reward chest
[5/11/2018 1:49:15] /goto reward chest
[5/11/2018 1:49:25] /goto reward chest
[5/11/2018 1:49:32] /goto reward chest
[5/11/2018 1:49:41] /goto reward chest
[5/11/2018 1:49:52] /goto reward chest
[5/11/2018 1:50:16] /town 1
[5/11/2018 1:56:26] /goto reward chest
[5/11/2018 1:56:43] /goto reward chest
[5/11/2018 1:56:59] /goto reward chest
[5/11/2018 2:0:20] /town 1
[5/11/2018 18:24:36] /m bela
[5/11/2018 18:26:9] /m bela
[5/11/2018 18:33:25] /reload creaturescript
[5/11/2018 18:33:28] /m bela
[5/11/2018 18:37:2] /m rotworm
[5/11/2018 18:43:19] /m bela
[5/11/2018 18:43:56] /m bela
[5/11/2018 18:45:4] /m azerus
[5/11/2018 18:45:6] /r
[5/11/2018 18:45:8] /r
[5/11/2018 18:45:19] /m azerus3
[5/11/2018 18:45:33] /r
[5/11/2018 18:46:11] /m Ushuriel
[5/11/2018 18:46:40] /goto Ushuriel
[5/11/2018 18:46:43] /r
[5/11/2018 18:46:43] /r
[5/11/2018 18:46:44] /r
[5/11/2018 18:59:32] /town 1
[5/11/2018 18:59:46] /reload creaturescript
[5/11/2018 18:59:49] /m bela
[5/11/2018 18:59:53] /m bela
[5/11/2018 19:0:12] /reload creaturescript
[5/11/2018 19:0:17] /m bela
[5/11/2018 19:1:3] /reload creaturescript
[5/11/2018 19:1:15] /m bela
[5/11/2018 19:4:43] /reload creaturescript
[5/11/2018 19:4:46] /m bela
[5/11/2018 19:5:22] /reload creaturescript
[5/11/2018 19:5:24] /m bela
[5/11/2018 19:5:30] /m bela
[5/11/2018 19:5:34] /m bela
[5/11/2018 19:5:37] /m bela
[5/11/2018 19:5:41] /m bela
[5/11/2018 22:3:0] /reload creaturescript
[5/11/2018 22:3:16] /m bela
[5/11/2018 22:3:23] /m bela
[5/11/2018 22:4:23] /reload creaturescript
[5/11/2018 22:4:23] /reload creaturescript
[5/11/2018 22:4:31] /m bela
[5/11/2018 22:4:42] /m bela
[5/11/2018 22:5:46] /reload creaturescript
[5/11/2018 22:5:47] /reload creaturescript
[5/11/2018 22:5:51] /m bela
[5/11/2018 22:10:12] /reload creaturescript
[5/11/2018 22:10:13] /reload creaturescript
[5/11/2018 22:10:15] /m bela
[5/11/2018 22:10:32] /m bela
[5/11/2018 22:11:16] /reload creaturescript
[5/11/2018 22:11:18] /m bela
[5/11/2018 22:11:51] /r
[5/11/2018 22:11:56] /reload creaturescript
[5/11/2018 22:11:58] /m bela
[5/11/2018 22:12:28] /r
[5/11/2018 22:12:29] /reload creaturescript
[5/11/2018 22:12:31] /m bela
[5/11/2018 22:36:52] /reload creaturescript
[5/11/2018 22:36:53] /reload creaturescript
[5/11/2018 22:36:55] /m bela
[5/11/2018 22:44:59] /m bela
[6/11/2018 21:47:33] /goto anihilation
[6/11/2018 21:47:37] /goto annihilation
[6/11/2018 21:47:40] /goto annihilator
[6/11/2018 21:47:43] /goto anihilator
[6/11/2018 21:48:3] /goto Ushuriel
[6/11/2018 21:49:23] /r
[6/11/2018 21:50:10] /m bela
[6/11/2018 21:50:42] /town 1
[6/11/2018 21:52:22] /m bela
[6/11/2018 21:52:27] /m bela
[6/11/2018 21:55:14] /m bela
[6/11/2018 21:55:22] /m bela
[6/11/2018 21:56:16] /m bela
[6/11/2018 21:57:13] /m bela
[6/11/2018 21:57:18] /m bela
[6/11/2018 22:6:58] /m bela
[6/11/2018 22:7:4] /m bela
[6/11/2018 22:8:20] /goto Ushuriel
[6/11/2018 22:8:30] /c mage test
[6/11/2018 22:9:25] /c mage test
[6/11/2018 22:9:37] /r
[6/11/2018 22:9:38] /r
[6/11/2018 22:9:41] /town 1
[6/11/2018 22:11:0] /m bc gate
[6/11/2018 22:11:1] /r
[6/11/2018 22:13:58] /reload creaturescript
[6/11/2018 22:14:8] /m infernatil
[6/11/2018 22:15:46] /reload creaturescript
[6/11/2018 22:22:20] /m infernatil
[6/11/2018 22:22:36] /m bela
[6/11/2018 22:23:4] /r
[6/11/2018 22:23:18] /reload globalevents
[6/11/2018 22:23:26] /c mage test
[6/11/2018 22:27:9] /light
[6/11/2018 22:29:39] /r
[6/11/2018 22:29:39] /r
[6/11/2018 22:29:40] /r
[6/11/2018 22:29:40] /r
[6/11/2018 22:29:41] /r
[6/11/2018 22:29:42] /r
[6/11/2018 22:29:44] /r
[6/11/2018 22:29:46] /r
[6/11/2018 22:29:47] /r
[6/11/2018 22:29:47] /r
[6/11/2018 22:29:48] /r
[6/11/2018 22:29:49] /r
[6/11/2018 22:29:50] /r
[6/11/2018 22:29:50] /r
[6/11/2018 22:29:51] /r
[6/11/2018 22:29:52] /r
[6/11/2018 22:29:53] /r
[6/11/2018 22:29:54] /r
[6/11/2018 22:29:54] /r
[6/11/2018 22:29:55] /r
[6/11/2018 22:29:58] /r
[6/11/2018 22:29:59] /r
[6/11/2018 22:30:0] /r
[6/11/2018 22:30:1] /r
[6/11/2018 22:30:2] /r
[6/11/2018 22:30:3] /r
[6/11/2018 22:30:4] /r
[6/11/2018 22:30:5] /r
[6/11/2018 22:30:5] /r
[6/11/2018 22:30:6] /r
[6/11/2018 22:30:7] /r
[6/11/2018 22:30:7] /r
[6/11/2018 22:30:8] /r
[6/11/2018 22:30:8] /r
[6/11/2018 22:30:9] /r
[6/11/2018 22:30:11] /r
[6/11/2018 22:30:12] /r
[6/11/2018 22:30:12] /r
[6/11/2018 22:30:13] /r
[6/11/2018 22:30:14] /r
[6/11/2018 22:30:14] /r
[6/11/2018 22:30:15] /r
[6/11/2018 22:30:16] /r
[6/11/2018 22:30:17] /r
[6/11/2018 22:30:19] /r
[6/11/2018 22:30:19] /r
[6/11/2018 22:30:20] /r
[6/11/2018 22:30:20] /r
[6/11/2018 22:30:21] /r
[6/11/2018 22:30:21] /r
[6/11/2018 22:30:22] /r
[6/11/2018 22:30:23] /r
[6/11/2018 22:30:23] /r
[6/11/2018 22:30:24] /r
[6/11/2018 22:30:25] /r
[6/11/2018 22:30:25] /r
[6/11/2018 22:30:29] /r
[6/11/2018 22:30:30] /r
[6/11/2018 22:30:30] /r
[6/11/2018 22:30:32] /r
[6/11/2018 22:30:32] /r
[6/11/2018 22:30:34] /r
[6/11/2018 22:30:35] /r
[6/11/2018 22:30:35] /r
[6/11/2018 22:30:36] /r
[6/11/2018 22:30:37] /r
[6/11/2018 22:30:45] /r
[6/11/2018 22:30:46] /r
[6/11/2018 22:32:17] /c mage test
[6/11/2018 22:32:25] /i pair of soft boots
[6/11/2018 22:32:37] /i ham
[6/11/2018 22:48:1] /reload globalevents
[6/11/2018 22:48:6] /reload globalevents
[6/11/2018 22:49:6] /town
[6/11/2018 22:49:29] /r
[6/11/2018 22:49:36] /town 1
[6/11/2018 22:49:43] /light
[6/11/2018 22:54:47] /r
[6/11/2018 22:54:47] /r
[6/11/2018 22:54:48] /r
[6/11/2018 22:54:48] /r
[6/11/2018 22:54:49] /r
[6/11/2018 22:54:49] /r
[6/11/2018 22:54:53] /r
[6/11/2018 22:54:54] /r
[6/11/2018 22:54:55] /r
[6/11/2018 22:54:56] /r
[6/11/2018 22:54:56] /r
[6/11/2018 22:54:57] /r
[6/11/2018 22:55:0] /r
[6/11/2018 22:55:1] /r
[6/11/2018 22:55:1] /r
[6/11/2018 22:55:2] /r
[6/11/2018 22:55:3] /r
[6/11/2018 22:55:3] /r
[6/11/2018 22:55:4] /r
[6/11/2018 22:55:5] /r
[6/11/2018 22:55:5] /r
[6/11/2018 22:55:7] /r
[6/11/2018 22:55:7] /r
[6/11/2018 22:55:8] /r
[6/11/2018 22:55:9] /r
[6/11/2018 22:55:10] /r
[6/11/2018 22:55:11] /r
[6/11/2018 22:55:12] /r
[6/11/2018 22:55:12] /r
[6/11/2018 22:55:13] /r
[6/11/2018 22:55:14] /r
[6/11/2018 22:55:14] /r
[6/11/2018 22:55:15] /r
[6/11/2018 22:55:15] /r
[6/11/2018 22:55:16] /r
[6/11/2018 22:55:16] /r
[6/11/2018 22:55:17] /r
[6/11/2018 22:55:17] /r
[6/11/2018 22:55:18] /r
[6/11/2018 22:55:21] /r
[6/11/2018 22:55:21] /r
[6/11/2018 22:55:22] /r
[6/11/2018 22:55:22] /r
[6/11/2018 22:55:23] /r
[6/11/2018 22:55:23] /r
[6/11/2018 22:55:24] /r
[6/11/2018 22:55:25] /r
[6/11/2018 22:55:25] /r
[6/11/2018 22:55:27] /r
[6/11/2018 22:55:27] /r
[6/11/2018 22:55:28] /r
[6/11/2018 22:55:28] /r
[6/11/2018 22:55:29] /r
[6/11/2018 22:55:29] /r
[6/11/2018 22:55:31] /r
[6/11/2018 22:55:31] /r
[6/11/2018 22:55:31] /r
[6/11/2018 22:55:32] /r
[6/11/2018 22:55:33] /r
[6/11/2018 22:55:33] /r
[6/11/2018 22:55:35] /r
[6/11/2018 22:55:36] /r
[6/11/2018 22:55:36] /r
[6/11/2018 22:55:37] /r
[6/11/2018 22:55:37] /r
[6/11/2018 22:55:38] /r
[6/11/2018 22:55:39] /r
[6/11/2018 22:55:40] /r
[6/11/2018 22:55:41] /r
[6/11/2018 22:55:41] /r
[6/11/2018 22:55:42] /r
[6/11/2018 22:55:42] /r
[6/11/2018 22:56:5] /addskill ADM KOLISAO, sword, 100
[6/11/2018 23:0:40] /town 1
[6/11/2018 23:2:37] /reload globalevents
[6/11/2018 23:2:59] /reload globalevents
[6/11/2018 23:3:35] /reload globalevents
[6/11/2018 23:3:43] /reload globalevents
[6/11/2018 23:3:53] /reload globalevents
[6/11/2018 23:4:0] /reload globalevents
[7/11/2018 1:43:0] /goto reward chest
[7/11/2018 1:44:24] /reload creaturescript
[7/11/2018 1:44:27] /goto reward chest
[7/11/2018 1:44:29] /c mage test
[7/11/2018 1:46:22] /reload creaturescript
[7/11/2018 1:46:25] /reload creaturescript
[7/11/2018 1:46:36] /goto reward chest
[7/11/2018 1:46:39] /c mage test
[7/11/2018 1:47:37] /goto reward chest
[7/11/2018 1:48:23] /c mage tesdt
[7/11/2018 1:48:26] /c mage test
[7/11/2018 1:48:31] /addskill mage test, magic level, 50
[7/11/2018 1:48:53] /i sudden death ring
[7/11/2018 1:50:39] /town 1
[7/11/2018 1:50:41] /c mage test
[7/11/2018 1:53:12] /light
[7/11/2018 1:58:25] /r
[7/11/2018 1:58:25] /r
[7/11/2018 1:58:26] /r
[7/11/2018 1:58:27] /r
[7/11/2018 1:58:27] /r
[7/11/2018 1:58:28] /r
[7/11/2018 1:58:29] /r
[7/11/2018 1:58:29] /r
[7/11/2018 1:58:30] /r
[7/11/2018 1:58:31] /r
[7/11/2018 1:58:31] /r
[7/11/2018 1:58:32] /r
[7/11/2018 1:58:35] /r
[7/11/2018 1:58:35] /r
[7/11/2018 1:58:36] /r
[7/11/2018 1:58:37] /r
[7/11/2018 1:58:38] /r
[7/11/2018 1:58:38] /r
[7/11/2018 1:58:39] /r
[7/11/2018 1:58:39] /r
[7/11/2018 1:58:40] /r
[7/11/2018 1:58:41] /r
[7/11/2018 1:58:42] /r
[7/11/2018 1:58:42] /r
[7/11/2018 1:58:43] /r
[7/11/2018 1:58:44] /r
[7/11/2018 1:58:45] /r
[7/11/2018 1:58:45] /r
[7/11/2018 1:58:46] /r
[7/11/2018 1:58:47] /r
[7/11/2018 1:58:48] /r
[7/11/2018 1:58:48] /r
[7/11/2018 1:58:49] /r
[7/11/2018 1:58:49] /r
[7/11/2018 1:58:50] /r
[7/11/2018 1:58:51] /r
[7/11/2018 1:58:51] /r
[7/11/2018 1:58:51] /r
[7/11/2018 1:58:52] /r
[7/11/2018 1:58:55] /r
[7/11/2018 1:58:56] /r
[7/11/2018 1:58:56] /r
[7/11/2018 1:58:57] /r
[7/11/2018 1:58:58] /r
[7/11/2018 1:58:58] /r
[7/11/2018 1:58:59] /r
[7/11/2018 1:59:0] /r
[7/11/2018 1:59:0] /r
[7/11/2018 1:59:4] /r
[7/11/2018 1:59:4] /r
[7/11/2018 1:59:4] /r
[7/11/2018 1:59:5] /r
[7/11/2018 1:59:5] /r
[7/11/2018 1:59:6] /r
[7/11/2018 1:59:7] /r
[7/11/2018 1:59:8] /r
[7/11/2018 1:59:8] /r
[7/11/2018 1:59:8] /r
[7/11/2018 1:59:9] /r
[7/11/2018 1:59:10] /r
[7/11/2018 1:59:14] /r
[7/11/2018 1:59:14] /r
[7/11/2018 1:59:15] /r
[7/11/2018 1:59:15] /r
[7/11/2018 1:59:16] /r
[7/11/2018 1:59:17] /r
[7/11/2018 1:59:17] /r
[7/11/2018 1:59:18] /r
[7/11/2018 1:59:19] /r
[7/11/2018 1:59:21] /r
[7/11/2018 1:59:21] /r
[7/11/2018 1:59:22] /r
[7/11/2018 1:59:22] /r
[7/11/2018 1:59:22] /r
[7/11/2018 2:2:8] /r
[7/11/2018 2:2:9] /r
[7/11/2018 2:2:13] /r
[7/11/2018 2:2:25] /r
[7/11/2018 2:4:22] /r
[7/11/2018 2:4:25] /r
[7/11/2018 2:4:26] /r
[7/11/2018 2:4:28] /r
[7/11/2018 2:4:29] /r
[7/11/2018 2:4:31] /r
[7/11/2018 2:4:34] /r
[7/11/2018 2:4:36] /r
[7/11/2018 2:4:37] /r
[7/11/2018 2:7:8] /reload creaturescript
[7/11/2018 2:12:41] /b [Blood Castle] Evento Finalizado!
[7/11/2018 2:12:47] /b [Blood Castle] Evento finalizado!
[7/11/2018 2:17:46] /m archangel
[7/11/2018 2:17:54] /reload creaturescript
[7/11/2018 2:38:11] /goto mage test
[7/11/2018 2:38:15] /reload creaturescript
[7/11/2018 2:38:24] /m archangel
[7/11/2018 13:10:2] /goto arcanjo
[7/11/2018 13:10:7] /goto arcanjo
[7/11/2018 13:10:46] /town 1
[7/11/2018 13:13:44] /addskill ADM Eder, sword, 100
[7/11/2018 13:13:47] /addskill ADM Eder, sword, 100
[7/11/2018 13:13:54] /i 2390
[7/11/2018 13:19:28] /goto adm eder
[7/11/2018 13:19:30] /goto adm eder
[7/11/2018 13:20:35] /i 2006, 1
[7/11/2018 13:20:36] /i 2006, 2
[7/11/2018 13:20:39] /i 2006, 2
[7/11/2018 13:20:47] /i 2006, 2
[7/11/2018 13:21:3] /addskill ADM Eder, level, 100
[7/11/2018 13:21:13] /i 2006, 9
[7/11/2018 13:21:15] /i 2006, 8
[7/11/2018 13:21:16] /i 2006, 7
[7/11/2018 13:21:17] /i 2006, 6
[7/11/2018 13:21:19] /i 2006, 11
[7/11/2018 13:21:30] /i pick
[7/11/2018 13:22:55] /down
[7/11/2018 13:22:58] /c adm eder
[7/11/2018 13:23:0] /c adm eder
[7/11/2018 13:23:59] /town 1
[7/11/2018 13:25:18] /m morgaroth
[7/11/2018 13:25:24] /goto morgaroth
[7/11/2018 13:25:26] /r
[7/11/2018 13:25:27] /r
[7/11/2018 13:25:30] /goto eder
[7/11/2018 13:25:33] /goto adm eder
[7/11/2018 13:25:43] /up
[7/11/2018 13:25:44] /up
[7/11/2018 13:25:48] /up
[7/11/2018 13:25:58] /goto adm eder
[7/11/2018 13:26:1] /up
[7/11/2018 13:26:2] /up
[7/11/2018 13:26:2] /up
[7/11/2018 13:26:5] /up
[7/11/2018 13:26:10] /c adm eder
[7/11/2018 13:26:34] /c adm eder
[7/11/2018 13:27:14] /c adm eder
[7/11/2018 13:27:50] /c adm eder
[7/11/2018 13:28:15] /goto adm eder
[7/11/2018 13:31:12] /light
[7/11/2018 13:32:40] /town 1
[7/11/2018 13:33:26] /r
[7/11/2018 13:33:26] /r
[7/11/2018 13:33:27] /r
[7/11/2018 13:33:28] /r
[7/11/2018 13:37:25] /c adm eder
[7/11/2018 13:37:26] /c adm eder
[7/11/2018 13:37:27] /c adm eder
[7/11/2018 13:37:28] /c adm eder
[7/11/2018 13:37:28] /c adm eder
[7/11/2018 13:37:29] /c adm eder
[7/11/2018 13:37:30] /c adm eder
[7/11/2018 13:38:6] /c adm eder
[7/11/2018 13:38:45] /c adm eder
[7/11/2018 13:41:30] /addskill adm kolisao, magic level, 70
[7/11/2018 13:42:4] /r
[7/11/2018 13:44:24] /r
[7/11/2018 13:44:25] /r
[7/11/2018 13:45:35] /c adm eder
[7/11/2018 13:50:49] /reload globalevents
[7/11/2018 13:51:2] /c adm test
[7/11/2018 13:51:7] /c adm eder
[7/11/2018 13:57:55] /light
[7/11/2018 14:9:44] /light
[7/11/2018 15:50:58] /goto arcanjo
[7/11/2018 15:51:44] /reload npc
[7/11/2018 15:52:2] /reload npc
[7/11/2018 15:52:8] /reload npc
[7/11/2018 15:52:13] /reload npc
[7/11/2018 15:52:16] /reload npc
[7/11/2018 15:52:20] /reload npc
[7/11/2018 15:52:27] /reload npc
[7/11/2018 15:52:31] /reload npc
[7/11/2018 15:54:9] /reload npc
[7/11/2018 15:54:16] /reload npc
[7/11/2018 15:54:23] /reload npc
[7/11/2018 17:46:46] /reload npc
[7/11/2018 17:46:54] /reload npc
[7/11/2018 17:47:8] /reload npc
[7/11/2018 17:47:16] /reload npc
[7/11/2018 17:47:29] /reload npc
[7/11/2018 17:47:33] /reload npc
[7/11/2018 17:47:36] /reload npc
[7/11/2018 17:47:39] /reload npc
[7/11/2018 17:47:43] /reload npc
[7/11/2018 17:47:49] /reload npc
[7/11/2018 17:47:53] /reload npc
[7/11/2018 17:47:56] /reload npc
[7/11/2018 17:47:59] /reload npc
[7/11/2018 17:48:0] /reload npc
[7/11/2018 17:48:3] /reload npc
[7/11/2018 17:48:24] /reload npc
[7/11/2018 17:52:57] /reload npc
[7/11/2018 17:53:0] /m archangel
[7/11/2018 17:53:24] /reload npc
[7/11/2018 17:55:13] /i double xp
[7/11/2018 17:56:9] /reload npc
[7/11/2018 17:56:31] /reload npc
[7/11/2018 17:56:38] /reload npc
[7/11/2018 17:56:43] /reload npc
[7/11/2018 17:56:49] /reload npc
[7/11/2018 17:56:55] /reload npc
[7/11/2018 17:57:1] /reload npc
[7/11/2018 17:57:4] /reload npc
[7/11/2018 17:57:8] /reload npc
[7/11/2018 17:57:14] /reload npc
[7/11/2018 17:57:21] /reload npc
[7/11/2018 17:57:34] /reload npc
[7/11/2018 17:57:38] /reload npc
[7/11/2018 17:57:41] /reload npc
[7/11/2018 17:57:44] /reload npc
[7/11/2018 17:57:51] /reload npc
[7/11/2018 17:57:56] /reload npc
[7/11/2018 17:58:6] /reload npc
[7/11/2018 17:58:19] /reload npc
[7/11/2018 17:58:23] /reload npc
[7/11/2018 17:58:25] /reload npc
[7/11/2018 17:58:28] /reload npc
[7/11/2018 17:59:0] /reload npc
[7/11/2018 18:0:53] /reload npc
[7/11/2018 18:1:8] /reload npc
[7/11/2018 18:1:37] /i random elemental bag
[7/11/2018 18:1:41] /i random elemental bag
[7/11/2018 18:1:42] /i random elemental bag
[7/11/2018 18:2:15] /goto arcanjo
[7/11/2018 18:5:23] /goto arcanjo
[7/11/2018 18:5:25] /goto arcanjo
[7/11/2018 18:6:24] /reload npc
[7/11/2018 18:6:27] /m archangel
[7/11/2018 18:7:22] /reload npc
[7/11/2018 18:7:25] /reload npc
[7/11/2018 18:7:30] /reload npc
[7/11/2018 18:7:35] /reload npc
[7/11/2018 18:7:38] /reload npc
[7/11/2018 18:7:51] /reload npc
[7/11/2018 18:7:56] /reload npc
[7/11/2018 18:8:1] /reload npc
[7/11/2018 18:8:29] /reload npc
[7/11/2018 18:8:36] /reload npc
[7/11/2018 18:8:57] /reload npc
[7/11/2018 18:9:16] /reload npc
[7/11/2018 18:9:26] /reload npc
[7/11/2018 18:9:34] /reload npc
[7/11/2018 18:10:42] /reload npc
[7/11/2018 18:11:14] /reload npc
[7/11/2018 18:11:25] /reload npc
[7/11/2018 18:14:34] /reload npc
[7/11/2018 19:33:57] /m archangel
[7/11/2018 19:34:19] /i event coin, 2
[7/11/2018 19:34:21] /i exp potion
[7/11/2018 19:34:34] /i 12714
[7/11/2018 20:11:33] /goto bog raider
[7/11/2018 20:11:41] /town 1
[7/11/2018 20:11:49] /goto hydra
[7/11/2018 20:11:52] /town 1
[7/11/2018 20:17:0] /town
[7/11/2018 20:53:17] /reload npc
[7/11/2018 20:55:11] /goto arcanjo
[7/11/2018 20:55:13] /reload npc
[7/11/2018 20:55:23] /m archangel
[7/11/2018 20:57:48] /reload npc
[7/11/2018 21:31:59] /reload npc
[7/11/2018 21:32:5] /m archangel
[7/11/2018 21:33:12] /reload npc
[7/11/2018 21:33:39] /reload npc
[7/11/2018 21:37:21] /reload npc
[7/11/2018 21:37:41] /town 1
[7/11/2018 21:37:50] /goto arcanjo
[7/11/2018 21:52:42] /reload npc
[7/11/2018 21:52:50] /m archangel
[7/11/2018 21:55:53] /reload npc
[7/11/2018 21:56:37] /reload npc
[7/11/2018 21:56:41] /town 1
[7/11/2018 21:56:49] /town 1
[7/11/2018 21:56:56] /goto arcanjo
[7/11/2018 21:57:3] /town 1
[7/11/2018 21:58:20] /goto arcanjo
[7/11/2018 22:0:30] /m archangel
[7/11/2018 22:0:32] /town 1
[7/11/2018 22:7:26] /reload action
[7/11/2018 22:7:39] /i 12710
[7/11/2018 23:9:1] /reload npc
[7/11/2018 23:9:9] /i exp potion
[7/11/2018 23:9:12] /goto archangel
[7/11/2018 23:10:35] /light
[7/11/2018 23:10:36] /town 1
[7/11/2018 23:15:58] /reload npc
[7/11/2018 23:16:3] /goto arcangel
[7/11/2018 23:16:8] /goto arcanjo
[7/11/2018 23:16:15] /m archangel
[7/11/2018 23:25:56] /town 1
[7/11/2018 23:29:27] /goto arcanjo
[7/11/2018 23:34:50] /reload npc
[7/11/2018 23:42:57] /reload npc
[7/11/2018 23:44:30] /m archangel
[7/11/2018 23:46:33] /goto arcanjo
[7/11/2018 23:46:39] /light
[7/11/2018 23:56:53] /goto archangel
[7/11/2018 23:56:56] /goto arcanjo
[7/11/2018 23:56:59] /r
[7/11/2018 23:57:6] /r
[7/11/2018 23:58:19] /light
[7/11/2018 23:58:20] /r
[7/11/2018 23:58:21] /r
[7/11/2018 23:58:24] /r
[7/11/2018 23:59:39] /goto arcanjo
[8/11/2018 0:6:3] /m archangel
[8/11/2018 0:7:4] /c mage test
[8/11/2018 0:7:55] /goto arcanjo
[8/11/2018 0:7:59] /c mage test
[8/11/2018 0:18:47] /goto arcanjo
[8/11/2018 0:19:10] /goto arcanjo
[8/11/2018 0:19:22] /goto arcanjo
[8/11/2018 16:34:24] /i 2160
[8/11/2018 16:34:29] /i 2160
[8/11/2018 16:34:29] /i 2160
[8/11/2018 16:41:48] /i 12668
[8/11/2018 17:35:29] /town 1
[8/11/2018 17:39:51] /town 1
[8/11/2018 17:39:58] /c mage test
[8/11/2018 17:40:8] /i 2160
[8/11/2018 17:42:6] /town 1
[8/11/2018 17:42:13] /c mage test
[8/11/2018 18:17:25] /reload talkaction
[8/11/2018 18:22:35] /town 1
[8/11/2018 18:32:54] /reload talkaction
[8/11/2018 18:33:30] /town 1
[8/11/2018 18:33:37] /c mage test
[8/11/2018 18:55:2] /i mana rune
[12/11/2018 13:22:18] /goto mage test
[12/11/2018 13:22:23] /m demon
[12/11/2018 14:1:50] /goto mage test
[12/11/2018 15:58:49] /c adm eder
[12/11/2018 18:3:33] /reload creaturescript
[12/11/2018 21:51:36] /i axercise sword
[12/11/2018 21:51:42] /i exercise sword
[12/11/2018 21:55:42] /i pick
[12/11/2018 21:56:51] /addskill adm test, level, 100
[12/11/2018 21:57:34] /i cave exclusiva(item)
[12/11/2018 21:57:39] /i cave exclusiva (item)
[12/11/2018 22:0:16] /goto adm test
[12/11/2018 22:0:18] /town 1
[12/11/2018 22:1:7] /town 1
[12/11/2018 22:1:37] /r
[12/11/2018 22:1:39] /r
[12/11/2018 22:1:40] /r
[12/11/2018 22:1:43] /r
[12/11/2018 22:1:44] /r
[12/11/2018 22:1:46] /r
[12/11/2018 22:1:47] /r
[12/11/2018 22:1:49] /r
[12/11/2018 22:2:37] /c adm test
[12/11/2018 22:2:45] /c adm test
[12/11/2018 22:2:51] /light
[12/11/2018 22:2:53] /c adm test
[12/11/2018 22:2:55] /c adm test
[12/11/2018 22:4:15] /goto Emissary of The Aura
[12/11/2018 22:4:17] /c adm test
[12/11/2018 22:5:41] /light
[12/11/2018 22:6:34] /light
[12/11/2018 22:6:52] /i 12806
[12/11/2018 22:9:11] /reload globalevents
[12/11/2018 22:9:18] /c adm test
[12/11/2018 22:10:33] /c adm test
[12/11/2018 22:10:41] /m demon
[12/11/2018 22:11:23] /m archangel
[12/11/2018 22:11:45] /c adm test
[12/11/2018 22:12:18] /m rat
[12/11/2018 22:13:44] /i magic wall rune
[12/11/2018 22:14:39] /town 1
[12/11/2018 22:19:16] /c adm test
[12/11/2018 22:19:47] /light
[12/11/2018 22:20:7] /up
[12/11/2018 22:20:19] /c adm test
[12/11/2018 22:22:44] /c adm test
[12/11/2018 22:24:17] /c adm test
[12/11/2018 22:25:25] /ghost
[12/11/2018 22:25:26] /ghost
[12/11/2018 22:25:45] /town 1
[12/11/2018 22:28:8] /c adm test
[12/11/2018 22:29:21] /c adm test
[12/11/2018 22:29:22] /c adm test
[12/11/2018 22:30:34] /c adm test
[12/11/2018 22:30:52] /c adm test
[12/11/2018 22:31:55] /c adm test
[12/11/2018 22:32:29] /reload globalevents
[12/11/2018 22:33:15] /c adm test
[12/11/2018 22:35:52] /c adm test
[12/11/2018 22:35:59] /c adm test
[12/11/2018 22:36:1] /c adm test
[12/11/2018 22:36:3] /c adm test
[12/11/2018 22:36:4] /c adm test
[12/11/2018 22:36:6] /c adm test
[12/11/2018 22:36:9] /c adm test
[12/11/2018 22:36:14] /c adm test
[12/11/2018 22:36:15] /c adm test
[12/11/2018 22:36:17] /c adm test
[12/11/2018 22:36:18] /c adm test
[12/11/2018 22:36:26] /i 2006, 1
[12/11/2018 22:36:28] /i 2006, 2
[12/11/2018 22:36:37] /down
[12/11/2018 22:36:50] /i 2006, 11
[12/11/2018 22:37:3] /i 2006, 11
[12/11/2018 22:37:8] /i 2006, 11
[12/11/2018 22:37:27] /up
[12/11/2018 22:37:38] /town 1
[12/11/2018 22:37:40] /c adm test
[12/11/2018 22:37:51] /c adm test
[12/11/2018 22:38:50] /c adm test
[12/11/2018 22:39:51] /c adm test
[12/11/2018 22:44:5] /town 1
[12/11/2018 22:44:12] /c adm test
[12/11/2018 22:44:42] /goto adm test
[12/11/2018 22:44:54] /c adm test
[12/11/2018 22:45:22] /town 1
[12/11/2018 22:45:50] /i physical classic sword
[12/11/2018 22:46:1] /m dragon
[12/11/2018 22:47:4] /i upgrade gem
[12/11/2018 22:47:14] /i physical classic sword
[12/11/2018 22:49:46] /c adm test
[12/11/2018 22:50:24] /c adm test
[12/11/2018 22:52:41] /c adm test
[12/11/2018 22:54:54] /c adm test
[12/11/2018 22:54:59] /c adm test
[12/11/2018 22:56:8] /c adm test
[12/11/2018 22:57:21] /i 2160, 1
[12/11/2018 22:58:45] /i critical
[12/11/2018 23:0:55] /town 1
[13/11/2018 12:2:57] /i 2160
[13/11/2018 12:5:37] /b oi
[13/11/2018 12:58:31] /i 2260
[19/11/2018 21:11:1] /i 10069
[19/11/2018 21:14:3] /i 12808
[19/11/2018 21:14:22] /i 12808
[19/11/2018 21:14:29] /r
[19/11/2018 23:3:34] /light
[19/11/2018 23:3:46] /light
[20/11/2018 11:4:54] /i cave exclusiva(item
[20/11/2018 11:4:55] /i cave exclusiva(item)
[20/11/2018 11:4:59] /i cave exclusiva (item)
[20/11/2018 11:5:56] /down
[20/11/2018 11:13:14] /goto adm junior
[20/11/2018 11:14:45] /reload globalevents
[20/11/2018 11:15:8] /light
[20/11/2018 11:16:9] /m demon
[20/11/2018 11:16:18] /r
[20/11/2018 11:16:57] /m archangel
[20/11/2018 11:17:18] /c adm junior
[20/11/2018 11:23:16] /i physical classic sword
[20/11/2018 11:24:54] /reload globalevents
[20/11/2018 11:24:58] /reload globalevents
[20/11/2018 11:26:4] /goto adm junior
[20/11/2018 11:26:12] /town 1
[20/11/2018 11:26:19] /c adm junior
[20/11/2018 11:28:14] /goto reward chest
[20/11/2018 11:30:45] /reload globalevents
[20/11/2018 11:39:25] /c adm junior
[20/11/2018 11:43:9] /goto Emissary of The Aura
[20/11/2018 11:43:11] /c adm junior
[20/11/2018 11:45:4] /goto cachero
[20/11/2018 11:45:7] /c adm junior
[20/11/2018 11:49:43] /goto adm junior
[20/11/2018 11:50:17] /goto adm junior
[20/11/2018 11:50:29] /r
[20/11/2018 11:50:32] /r
[20/11/2018 11:50:35] /r
[20/11/2018 11:50:40] /r
[20/11/2018 11:51:11] /r
[20/11/2018 11:51:13] /r
[20/11/2018 11:51:15] /r
[20/11/2018 11:51:17] /r
[20/11/2018 11:52:24] /town 1
[20/11/2018 11:52:26] /goto adm junior
[20/11/2018 11:55:14] /reload talkaction
[20/11/2018 11:55:43] /reload talkaction
[20/11/2018 11:55:48] /reload talkaction
[20/11/2018 11:56:47] /reload talkaction
[20/11/2018 11:57:31] /reload talkaction
[20/11/2018 15:6:22] /m archangel
[20/11/2018 15:30:25] /i 10455
[20/11/2018 15:30:27] /town 1
[20/11/2018 15:30:52] /r
[20/11/2018 15:40:14] /reload npc
[20/11/2018 23:15:34] /r
[20/11/2018 23:16:37] /r
[20/11/2018 23:30:53] /light
[20/11/2018 23:32:30] /down
[21/11/2018 0:30:26] /town 1
[21/11/2018 0:31:45] /light
[21/11/2018 0:31:49] /town 1
[21/11/2018 0:42:56] /town 1
[22/11/2018 14:23:1] /light
[22/11/2018 14:27:53] /light
[22/11/2018 14:28:37] /town 1
[7/12/2018 21:8:58] /m rift worm
[7/12/2018 21:9:0] /r
[7/12/2018 22:17:3] /down
[7/12/2018 22:17:51] /town 1
[7/12/2018 22:18:32] /light
[7/12/2018 22:19:29] /c mage test
[7/12/2018 22:19:38] /town 1
[7/12/2018 22:19:40] /c mage test
[7/12/2018 22:33:40] /i 6494
[7/12/2018 22:33:49] /r
[7/12/2018 22:33:57] /i 6495
[7/12/2018 22:35:27] /i 2248
[7/12/2018 22:35:40] /i 2248
[7/12/2018 22:35:41] /i 6495
[7/12/2018 23:4:43] /town 1
[7/12/2018 23:5:14] /light
[7/12/2018 23:5:47] /r
[7/12/2018 23:5:47] /r
[7/12/2018 23:5:48] /r
[7/12/2018 23:5:48] /r
[7/12/2018 23:5:48] /r
[7/12/2018 23:5:50] /r
[7/12/2018 23:5:51] /r
[7/12/2018 23:5:51] /r
[7/12/2018 23:5:52] /r
[7/12/2018 23:5:52] /r
[7/12/2018 23:5:53] /r
[7/12/2018 23:5:54] /r
[7/12/2018 23:5:54] /r
[7/12/2018 23:5:56] /r
[7/12/2018 23:5:56] /r
[7/12/2018 23:5:57] /r
[7/12/2018 23:5:57] /r
[7/12/2018 23:5:59] /r
[7/12/2018 23:5:59] /r
[7/12/2018 23:6:0] /r
[7/12/2018 23:6:0] /r
[7/12/2018 23:6:2] /r
[7/12/2018 23:6:2] /r
[7/12/2018 23:6:3] /r
[7/12/2018 23:6:3] /r
[7/12/2018 23:6:4] /r
[7/12/2018 23:6:5] /r
[7/12/2018 23:6:6] /r
[7/12/2018 23:6:7] /r
[7/12/2018 23:6:7] /r
[7/12/2018 23:6:8] /r
[7/12/2018 23:6:8] /r
[7/12/2018 23:6:10] /r
[7/12/2018 23:6:10] /r
[7/12/2018 23:6:12] /r
[7/12/2018 23:6:12] /r
[7/12/2018 23:6:13] /r
[7/12/2018 23:6:13] /r
[7/12/2018 23:6:14] /r
[7/12/2018 23:6:15] /r
[7/12/2018 23:6:16] /r
[7/12/2018 23:6:16] /r
[7/12/2018 23:6:17] /r
[7/12/2018 23:6:19] /r
[7/12/2018 23:6:19] /r
[7/12/2018 23:6:20] /r
[7/12/2018 23:6:21] /r
[7/12/2018 23:6:22] /r
[7/12/2018 23:6:22] /r
[7/12/2018 23:6:24] /r
[7/12/2018 23:6:24] /r
[7/12/2018 23:6:25] /r
[7/12/2018 23:6:26] /r
[7/12/2018 23:6:27] /r
[7/12/2018 23:6:27] /r
[7/12/2018 23:6:28] /r
[7/12/2018 23:6:28] /r
[7/12/2018 23:6:29] /r
[7/12/2018 23:6:30] /r
[7/12/2018 23:6:31] /r
[7/12/2018 23:6:32] /r
[7/12/2018 23:6:34] /r
[7/12/2018 23:6:34] /r
[7/12/2018 23:6:35] /r
[7/12/2018 23:6:36] /r
[7/12/2018 23:6:37] /r
[7/12/2018 23:6:37] /r
[7/12/2018 23:6:38] /r
[7/12/2018 23:6:39] /r
[7/12/2018 23:6:40] /r
[7/12/2018 23:6:41] /r
[7/12/2018 23:6:41] /r
[7/12/2018 23:6:42] /r
[7/12/2018 23:15:14] /town 1
[7/12/2018 23:17:59] /save
[8/12/2018 0:39:37] /town 1
[8/12/2018 0:40:24] /down
[8/12/2018 0:40:24] /down
[13/12/2018 22:26:53] /town 1
[13/12/2018 22:42:11] /town 1
[13/12/2018 22:42:13] /c ADM Test
[13/12/2018 22:43:9] /i cave exclusiva (item)
[13/12/2018 22:45:58] /c ADM Test
[13/12/2018 22:50:24] /up
[13/12/2018 22:50:27] /c ADM Test
[13/12/2018 22:50:38] /down
[13/12/2018 22:50:39] /c ADM Test
[13/12/2018 22:54:16] /up
[13/12/2018 22:55:6] /goto adm test
[13/12/2018 22:55:20] /c ADM Test
[13/12/2018 22:56:2] /town 1
[13/12/2018 22:56:18] /i classic physical sword
[13/12/2018 22:56:30] /i classic physical sword
[13/12/2018 22:56:46] /town 1
[13/12/2018 22:56:50] /i physical classic sword
[13/12/2018 22:59:1] /reload globalevents
[13/12/2018 22:59:5] /reload globalevents
[13/12/2018 22:59:23] /goto chest reward
[13/12/2018 22:59:27] /goto reward chest
[13/12/2018 22:59:28] /c ADM Test
[13/12/2018 22:59:54] /addskill ADM Test, magic level, 60
[13/12/2018 23:4:21] /c 22:59 [CAÇA AO TESOURO] O jogador ADM Test abriu um baú! Ainda restam 19 baús espalhados pelo mapa.
[13/12/2018 23:4:25] /c adm rani
[13/12/2018 23:5:20] /i crystalline arrow
[13/12/2018 23:8:13] /c adm test
[13/12/2018 23:11:29] /light
[13/12/2018 23:12:4] /r
[13/12/2018 23:12:5] /r
[13/12/2018 23:12:5] /r
[13/12/2018 23:12:5] /r
[13/12/2018 23:12:5] /r
[13/12/2018 23:12:5] /r
[13/12/2018 23:12:5] /r
[13/12/2018 23:12:5] /r
[13/12/2018 23:12:5] /r
[13/12/2018 23:12:5] /r
[13/12/2018 23:12:5] /r
[13/12/2018 23:12:5] /r
[13/12/2018 23:12:6] /r
[13/12/2018 23:12:6] /r
[13/12/2018 23:12:6] /r
[13/12/2018 23:12:6] /r
[13/12/2018 23:12:7] /r
[13/12/2018 23:12:7] /r
[13/12/2018 23:12:7] /r
[13/12/2018 23:12:8] /r
[13/12/2018 23:12:8] /r
[13/12/2018 23:12:9] /r
[13/12/2018 23:12:9] /r
[13/12/2018 23:12:10] /r
[13/12/2018 23:12:13] /r
[13/12/2018 23:12:14] /r
[13/12/2018 23:12:14] /r
[13/12/2018 23:12:14] /r
[13/12/2018 23:12:16] /r
[13/12/2018 23:12:16] /r
[13/12/2018 23:12:17] /r
[13/12/2018 23:12:17] /r
[13/12/2018 23:12:19] /r
[13/12/2018 23:12:20] /r
[13/12/2018 23:12:20] /r
[13/12/2018 23:12:21] /r
[13/12/2018 23:12:22] /r
[13/12/2018 23:12:23] /r
[13/12/2018 23:12:25] /r
[13/12/2018 23:12:25] /r
[13/12/2018 23:12:25] /r
[13/12/2018 23:12:27] /r
[13/12/2018 23:12:27] /r
[13/12/2018 23:12:28] /r
[13/12/2018 23:12:29] /r
[13/12/2018 23:12:29] /r
[13/12/2018 23:12:30] /r
[13/12/2018 23:12:31] /r
[13/12/2018 23:12:32] /r
[13/12/2018 23:12:33] /r
[13/12/2018 23:12:34] /r
[13/12/2018 23:12:35] /r
[13/12/2018 23:12:35] /r
[13/12/2018 23:12:36] /r
[13/12/2018 23:12:37] /r
[13/12/2018 23:12:37] /r
[13/12/2018 23:12:41] /r
[13/12/2018 23:12:42] /r
[13/12/2018 23:12:43] /r
[13/12/2018 23:12:44] /r
[13/12/2018 23:12:45] /r
[13/12/2018 23:12:46] /r
[13/12/2018 23:12:47] /r
[13/12/2018 23:12:47] /r
[13/12/2018 23:13:55] /r
[13/12/2018 23:14:34] /m bc gate
[13/12/2018 23:14:35] /r
[13/12/2018 23:15:25] /c adm test
[13/12/2018 23:20:50] /down
[13/12/2018 23:20:55] /c ADM Test
[13/12/2018 23:22:8] /town 1
[13/12/2018 23:22:10] /c ADM Test
[13/12/2018 23:28:2] /c adm phineasz
[13/12/2018 23:28:4] /c adm phineasz
[13/12/2018 23:28:7] /c adm phineasz
[13/12/2018 23:28:11] /down
[13/12/2018 23:28:12] /up
[13/12/2018 23:29:14] /light
[13/12/2018 23:29:41] /addskill ADM Phineasz, level, 100
[13/12/2018 23:32:7] /r
[13/12/2018 23:32:19] /r
[13/12/2018 23:32:22] /r
[13/12/2018 23:32:25] /r
[13/12/2018 23:32:27] /r
[13/12/2018 23:32:28] /r
[13/12/2018 23:32:30] /r
[13/12/2018 23:32:31] /r
[13/12/2018 23:32:33] /r
[13/12/2018 23:32:54] /goto ADM Phineasz
[13/12/2018 23:33:19] /c ADM Phineasz
[13/12/2018 23:33:28] /c ADM Phineasz
[13/12/2018 23:33:32] /c ADM Phineasz
[13/12/2018 23:37:12] /c ADM Phineasz
[13/12/2018 23:37:54] /c ADM Phineasz
[13/12/2018 23:38:3] /c ADM Phineasz
[13/12/2018 23:38:25] /i 2006, 1
[13/12/2018 23:38:26] /i 2006, 2
[13/12/2018 23:38:48] /i 2006, 2
[13/12/2018 23:38:50] /i 2006, 2
[13/12/2018 23:39:8] /up
[13/12/2018 23:39:16] /i 2006, 9
[13/12/2018 23:39:18] /i 2006, 10
[13/12/2018 23:39:19] /i 2006, 11
[13/12/2018 23:40:30] /up
[13/12/2018 23:40:32] /c ADM Phineasz
[13/12/2018 23:41:13] /c ADM Phineasz
[13/12/2018 23:43:53] /c ADM Phineasz
[13/12/2018 23:44:43] /up
[13/12/2018 23:44:44] /c ADM Phineasz
[13/12/2018 23:44:46] /up
[13/12/2018 23:44:47] /c ADM Phineasz
[13/12/2018 23:45:5] /c ADM Phineasz
[13/12/2018 23:45:19] /goto ADM Phineasz
[13/12/2018 23:45:25] /up
[13/12/2018 23:45:26] /c ADM Phineasz
[13/12/2018 23:45:33] /c ADM Phineasz
[13/12/2018 23:45:37] /r
[13/12/2018 23:45:38] /i pick
[13/12/2018 23:46:54] /town 1
[13/12/2018 23:46:54] /c ADM Phineasz
[13/12/2018 23:47:39] /up
[13/12/2018 23:47:40] /up
[13/12/2018 23:47:44] /c ADM Phineasz
[13/12/2018 23:47:56] /up
[13/12/2018 23:47:58] /c ADM Phineasz
[13/12/2018 23:48:46] /c ADM Phineasz
[13/12/2018 23:49:14] /c ADM Phineasz
[13/12/2018 23:49:24] /c ADM Phineasz
[13/12/2018 23:49:27] /c ADM Phineasz
[13/12/2018 23:49:30] /c ADM Phineasz
[13/12/2018 23:49:58] /town 1
[13/12/2018 23:50:8] /c ADM Phineasz
[13/12/2018 23:50:35] /c ADM Phineasz
[13/12/2018 23:52:13] /c ADM Phineasz
[13/12/2018 23:54:9] /c ADM Phineasz
[13/12/2018 23:54:10] /c ADM Phineasz
[13/12/2018 23:54:13] /c ADM Phineasz
[13/12/2018 23:54:20] /c ADM Phineasz
[13/12/2018 23:54:45] /c ADM Phineasz
[13/12/2018 23:55:29] /c ADM Phineasz
[13/12/2018 23:57:24] /i 11505
[13/12/2018 23:57:25] /i 11505
[13/12/2018 23:57:28] /i 11505
[13/12/2018 23:57:58] /c ADM Phineasz
[13/12/2018 23:58:27] /c ADM Phineasz
[13/12/2018 23:59:46] /m dragon
[14/12/2018 0:0:31] /i warrior ring
[14/12/2018 0:0:38] /r
[14/12/2018 0:0:39] /m dragon
[23/12/2018 22:48:15] /i axe
[23/12/2018 22:49:29] /shutdown
[25/12/2018 21:32:37] /town 1
[25/12/2018 21:33:9] /m dragon
[25/12/2018 21:33:31] /m dragon
[25/12/2018 21:34:11] /save
[25/12/2018 21:34:12] /shutdown
[26/12/2018 13:40:57] /m dragon
[26/12/2018 13:41:4] /r
[26/12/2018 13:41:8] /r
[26/12/2018 13:41:11] /m chicken
[26/12/2018 13:41:24] /r
[26/12/2018 13:42:5] /reload npc
[26/12/2018 13:42:8] /reload monster
[26/12/2018 13:42:12] /m chicken
[26/12/2018 13:42:42] /r
[26/12/2018 13:43:7] /r
[28/12/2018 0:53:50] /r
[28/12/2018 0:54:2] /i 2025
[28/12/2018 0:54:8] /r
[28/12/2018 0:54:11] /i 2025, 1
[28/12/2018 0:54:14] /r
[28/12/2018 0:55:26] /reload globalevents
[28/12/2018 0:59:44] /reload globalevents
[28/12/2018 1:0:7] /reload globalevents
[28/12/2018 1:0:14] /reload globalevents
[28/12/2018 1:1:41] /reload globalevents
[28/12/2018 1:2:34] /reload globalevents
[28/12/2018 1:7:5] /reload globalevents
[28/12/2018 1:8:33] /reload globalevents
[28/12/2018 1:9:13] /reload globalevents
[28/12/2018 1:10:55] /reload globalevents
[28/12/2018 1:11:47] /reload globalevents
[28/12/2018 1:12:2] /reload globalevents
[28/12/2018 1:13:10] /reload globalevents
[28/12/2018 1:13:38] /reload globalevents
[28/12/2018 1:13:56] /reload globalevents
[28/12/2018 1:16:17] /reload globalevents
[28/12/2018 1:16:33] /reload globalevents
[28/12/2018 1:17:12] /reload globalevents
[28/12/2018 1:17:32] /reload globalevents
[28/12/2018 1:17:56] /reload globalevents
[28/12/2018 1:18:12] /reload globalevents
[28/12/2018 1:20:27] /reload globalevents
[28/12/2018 1:20:47] /reload globalevents
[28/12/2018 1:21:45] /reload globalevents
[28/12/2018 1:23:18] /reload globalevents
[28/12/2018 1:25:55] /reload globalevents
[28/12/2018 1:35:17] /save
[28/12/2018 1:35:20] /shutdown
[28/12/2018 1:35:58] /r
[28/12/2018 19:0:49] /i 2265
[28/12/2018 19:0:55] /i stealth ring
[28/12/2018 19:3:10] /ghost
[28/12/2018 19:3:16] /ghost
[28/12/2018 19:12:26] /i stealth ring
[28/12/2018 19:16:18] /save
[28/12/2018 19:16:20] /shutdown
[29/12/2018 19:45:38] /i stealth ring
[29/12/2018 19:47:58] /save
[29/12/2018 19:47:59] /shutdown
[29/12/2018 19:49:30] /ghost
[29/12/2018 19:49:36] /ghost
[29/12/2018 20:1:5] /town 1
[30/12/2018 23:14:20] /goto black knight
[1/1/2019 2:31:27] /goto morgaroth
[1/1/2019 2:33:15] /r
[1/1/2019 2:53:6] /town 1
[1/1/2019 2:53:7] /save
[1/1/2019 2:53:8] /shutdown
[1/1/2019 2:57:44] /reload globalevents
[1/1/2019 2:57:53] /reload globalevents
[1/1/2019 4:41:48] /reload npc
[1/1/2019 4:51:43] /light
[1/1/2019 4:51:55] /m orc
[1/1/2019 4:52:11] /i concentrated red crystal
[1/1/2019 4:53:22] /i 2160
[1/1/2019 4:55:18] /i 2408
[1/1/2019 4:56:58] /save
[1/1/2019 4:56:59] /shutdown
[1/1/2019 4:58:12] /down 2
[1/1/2019 5:3:45] /i soul orb
[1/1/2019 5:4:56] /i bow
[1/1/2019 5:5:5] /m trainning dummy
[1/1/2019 5:5:9] /m target dummy
[1/1/2019 5:5:36] /addskill ADM Kolisao, distance, 100
[1/1/2019 5:6:14] /i Mycological Bow 
[1/1/2019 5:6:15] /i Mycological Bow
[1/1/2019 5:6:22] /i Silkweaver Bow
[1/1/2019 5:7:41] /i 8852
[1/1/2019 5:7:44] /i infernal bolt
[1/1/2019 5:10:42] /i classic bow
[1/1/2019 5:10:46] /town 1
[1/1/2019 5:13:49] /addskill ADM Kolisao, distance, 40
[1/1/2019 5:17:7] /r
[1/1/2019 5:17:26] /light
[1/1/2019 5:17:27] /light
[1/1/2019 5:17:36] /light
[1/1/2019 5:21:49] /i cave exclusiva (item)
[1/1/2019 5:23:43] /light
[1/1/2019 5:24:2] /i firefield rune
[1/1/2019 5:24:5] /i fire field rune
[1/1/2019 5:25:53] /light
[1/1/2019 5:28:47] /up
[1/1/2019 5:28:57] /down
[1/1/2019 5:31:1] /save
[1/1/2019 5:31:3] /shutdown
[1/1/2019 14:0:19] /r
[1/1/2019 14:22:45] /reload globalevents
[1/1/2019 18:54:4] /town 1
[1/1/2019 18:54:11] /i 11099
[1/1/2019 18:54:14] /i 11099
[1/1/2019 18:54:15] /i 11099
[1/1/2019 18:54:19] /i 11098
[1/1/2019 18:59:1] /i 11098
[1/1/2019 19:33:0] /i 3131
[1/1/2019 19:43:38] /i 1387
[1/1/2019 19:43:40] /r
[1/1/2019 21:36:26] /goto morgaroth
[1/1/2019 21:37:38] /r
[1/1/2019 21:37:39] /town 1
[1/1/2019 21:38:25] /r
[2/1/2019 0:27:39] /i 2269
[2/1/2019 0:32:59] /i magic wall rune
[2/1/2019 2:16:45] /save
[2/1/2019 2:16:46] /shutdown
[2/1/2019 2:19:16] /reload talkaction
[2/1/2019 2:20:29] /reload talkaction
[2/1/2019 2:21:28] /i 2160
[2/1/2019 2:26:19] /save
[2/1/2019 2:26:21] /shutdown
[2/1/2019 15:7:9] /c Char Test
[2/1/2019 15:7:14] /save
[3/1/2019 11:31:33] /m orc
[3/1/2019 11:31:39] /r
[3/1/2019 11:37:0] /save
[3/1/2019 11:37:1] /shutdown
[3/1/2019 11:38:13] /r
[3/1/2019 11:38:29] /r
[3/1/2019 11:41:37] /save
[3/1/2019 11:41:39] /shutdown
[3/1/2019 11:43:8] /m antirush
[3/1/2019 11:43:9] /r
[3/1/2019 11:59:32] /i fire bomb rune
[3/1/2019 11:59:43] /r
[3/1/2019 12:36:1] /light
[3/1/2019 12:44:20] /light
[3/1/2019 13:15:59] /goto mage test
[3/1/2019 13:16:33] /addskill Mage Test, magic level, 60
[3/1/2019 13:16:42] /i sudden death rune
[3/1/2019 13:16:43] /i sudden death rune
[3/1/2019 13:16:45] /i sudden death rune
[3/1/2019 13:16:46] /i sudden death rune
[3/1/2019 13:18:18] /goto mage test
[3/1/2019 13:18:56] /i 2160
[3/1/2019 13:20:8] /reload action
[3/1/2019 13:20:33] /reload action
[3/1/2019 13:20:39] /i 2160
[3/1/2019 13:21:47] /reload action
[3/1/2019 13:24:32] /reload action
[3/1/2019 13:24:41] /i 2160
[3/1/2019 13:25:39] /reload action
[3/1/2019 13:25:43] /reload action
[3/1/2019 13:25:48] /i 2160
[3/1/2019 13:26:5] /r
[3/1/2019 13:28:6] /c mage test
[3/1/2019 13:29:23] /i wand of dream
[3/1/2019 13:30:1] /i 12784
[3/1/2019 13:52:31] /reload monster
[3/1/2019 13:52:39] /save
[3/1/2019 13:52:40] /shutdown
[3/1/2019 13:53:39] /c mage test
[3/1/2019 13:54:18] /light
[3/1/2019 13:54:43] /i 12794
[3/1/2019 14:5:32] /goto mage test
[3/1/2019 14:5:37] /i mana rune
[3/1/2019 14:6:30] /r
[3/1/2019 14:16:38] /i magic longsword
[3/1/2019 14:42:22] /light
[3/1/2019 14:44:19] /town 1
[3/1/2019 16:5:50] /i 216
[3/1/2019 16:5:52] /i 2160
[3/1/2019 16:5:58] /i 216
[3/1/2019 16:16:36] /reload talkaction
[3/1/2019 16:17:19] /reload talkaction
[3/1/2019 16:17:30] /reload talkaction
[3/1/2019 16:17:41] /reload talkaction
[3/1/2019 16:30:22] /reload talkaction
[3/1/2019 16:30:59] /reload talkaction
[3/1/2019 16:32:23] /reload talkaction
[3/1/2019 16:40:18] /reload talkaction
