[6/1/2017 21:53:46] /town venore
[6/1/2017 21:54:52] /town edron
[6/1/2017 21:59:29] /town carlin
[6/1/2017 22:2:31] /save
[13/1/2017 21:21:46] /town 6
[13/1/2017 21:22:29] /i piece of minotaur leather
[13/1/2017 21:22:34] /i minotaur leather
[13/1/2017 22:9:50] /reload npc
[13/1/2017 22:9:57] /goto adm rani
[13/1/2017 22:9:58] /goto adm raniere
[13/1/2017 22:11:38] /reload npc
[13/1/2017 22:15:1] /reload npc
[13/1/2017 22:15:54] /reload npc
[13/1/2017 22:16:37] /reload npc
[13/1/2017 22:16:59] /reload npc
[13/1/2017 22:17:42] /reload npc
[13/1/2017 22:18:42] /reload npc
[13/1/2017 22:19:23] /reload npc
[13/1/2017 22:19:31] /goto a sweaty cyclops
[13/1/2017 22:19:35] /c adm raniere
[13/1/2017 22:24:6] /reload npc
[13/1/2017 22:30:39] /town 6
[13/1/2017 22:34:4] /r
[13/1/2017 22:37:7] /addskill adm raniere, magic level, 100
[27/1/2017 14:25:32] /town 1
[27/1/2017 14:25:33] /town 2
[27/1/2017 14:25:34] /town 3
[27/1/2017 14:25:35] /town 4
[27/1/2017 14:25:36] /town 5
[27/1/2017 14:25:59] /town 6
[27/1/2017 14:26:35] /town 6
[27/1/2017 14:31:10] /save
[29/1/2017 11:3:14] /town yalahar
[29/1/2017 11:14:25] /save
[29/1/2017 11:20:47] /town farmine
[29/1/2017 11:21:0] /up 10
[29/1/2017 11:21:3] /up 6
[29/1/2017 11:21:5] /up 2
[29/1/2017 11:21:6] /up 1
[29/1/2017 11:21:9] /down
[29/1/2017 11:21:9] /down
[29/1/2017 11:21:11] /down
[29/1/2017 11:21:39] /up
[29/1/2017 11:21:40] /up
[29/1/2017 11:21:41] /up
[29/1/2017 11:21:41] /up
[29/1/2017 11:22:5] /town 6
[29/1/2017 13:21:36] /reload npc
[29/1/2017 13:22:28] /i salmon
[30/1/2017 0:22:47] /save
