[20/11/2018 10:56:52] /cliport
[20/11/2018 10:59:27] /up
[20/11/2018 10:59:31] /down
[20/11/2018 11:0:58] /i backpack
[20/11/2018 11:1:9] /addskill ADM Junior,level,100
[20/11/2018 11:2:49] /goto ADM Kolisao
[20/11/2018 11:4:15] /goto ADM Kolisao
[20/11/2018 11:5:55] /goto ADM Kolisao
[20/11/2018 11:5:57] /goto ADM Kolisao
[20/11/2018 11:14:51] /goto ADM Kolisao
[20/11/2018 11:19:6] /goto ADM Kolisao
[20/11/2018 11:21:58] /addskill ADM Junior,level,1000000000
[20/11/2018 11:22:2] /addskill ADM Junior,level,100000
[20/11/2018 11:23:11] /i donate sword
[20/11/2018 11:23:39] /m demon
[20/11/2018 11:28:25] /goto reward chest
[20/11/2018 11:28:30] /goto reward chest
[20/11/2018 11:28:37] /goto reward chest
[20/11/2018 11:28:40] /goto reward chest
[20/11/2018 11:28:42] /goto reward chest
[20/11/2018 11:28:50] /goto reward chest
[20/11/2018 11:28:54] /goto reward chest
[20/11/2018 11:29:1] /goto reward chest
[20/11/2018 11:29:6] /goto reward chest
[20/11/2018 11:29:10] /goto reward chest
[20/11/2018 11:29:26] /goto reward chest
[20/11/2018 11:29:30] /goto reward chest
[20/11/2018 11:29:34] /goto reward chest
[20/11/2018 11:29:37] /goto reward chest
[20/11/2018 11:29:40] /goto reward chest
[20/11/2018 11:29:50] /goto reward chest
[20/11/2018 11:29:55] /goto reward chest
[20/11/2018 11:30:20] /goto ADM Kolisao
[20/11/2018 11:34:7] /i concentrated red crystals,100
[20/11/2018 11:34:10] /i concentrated red crystals,100
[20/11/2018 11:40:18] /goto ADM KOLISAO
