[14/10/2018 14:58:6] /light
[20/10/2018 16:33:22] /town
[20/10/2018 16:33:25] /town
[20/10/2018 16:33:28] /town 1
[20/10/2018 16:33:36] /town
[20/10/2018 16:34:12] /light
[20/10/2018 16:36:52] /b '-'
[20/10/2018 16:44:24] /r
[20/10/2018 16:52:45] /light
[20/10/2018 16:58:30] /town 1
[20/10/2018 16:58:43] /c apocalypse
[20/10/2018 17:2:47] /m demon
[20/10/2018 17:2:52] /r
[20/10/2018 17:2:57] /m demon
[20/10/2018 17:3:3] /r
[30/10/2018 13:30:26] /addskill ADM Ranii, sword, 190
[30/10/2018 13:30:32] /i magic sword
[31/10/2018 18:45:6] /reload talkaction
[31/10/2018 18:46:49] /reload talkaction
[31/10/2018 18:47:46] /reload talkaction
[31/10/2018 18:47:58] /reload talkaction
[31/10/2018 18:48:44] /reload talkaction
[31/10/2018 18:48:55] /reload talkaction
[31/10/2018 18:49:51] /reload talkaction
[31/10/2018 18:50:0] /reload talkaction
[31/10/2018 18:50:13] /reload talkaction
[31/10/2018 18:50:27] /reload talkaction
[31/10/2018 18:50:32] /reload talkaction
[31/10/2018 18:50:35] /reload talkaction
[31/10/2018 18:50:38] /reload talkaction
[31/10/2018 18:50:43] /reload talkaction
[31/10/2018 18:50:47] /reload talkaction
[31/10/2018 18:50:59] /reload talkaction
[31/10/2018 18:51:5] /reload talkaction
[31/10/2018 18:51:8] /reload talkaction
[31/10/2018 18:51:16] /reload talkaction
[31/10/2018 18:52:7] /reload talkaction
[31/10/2018 18:52:40] /reload talkaction
[31/10/2018 18:53:4] /reload talkaction
[31/10/2018 18:53:12] /reload talkaction
[31/10/2018 18:53:17] /reload talkaction
[31/10/2018 18:54:7] /reload talkaction
[31/10/2018 18:54:17] /reload talkaction
[31/10/2018 18:54:30] /reload talkaction
[31/10/2018 18:54:34] /reload talkaction
[31/10/2018 18:54:38] /reload talkaction
[31/10/2018 18:54:42] /reload talkaction
[31/10/2018 18:54:46] /reload talkaction
[31/10/2018 18:54:54] /reload talkaction
[31/10/2018 18:54:57] /reload talkaction
[31/10/2018 18:55:1] /reload talkaction
[31/10/2018 18:55:4] /reload talkaction
[31/10/2018 18:55:7] /reload talkaction
[31/10/2018 18:55:12] /reload talkaction
[31/10/2018 18:55:18] /reload talkaction
[31/10/2018 19:2:17] /reload talkaction
[31/10/2018 19:2:28] /reload talkaction
[31/10/2018 19:9:12] /save
[31/10/2018 19:9:13] /shutdown
[31/10/2018 19:11:30] /c
[31/10/2018 19:11:32] /c CONST_ME_GIANTICE
[31/10/2018 19:11:37] /c 52
[31/10/2018 19:12:12] /wp
[31/10/2018 19:12:21] /c 101
[31/10/2018 19:12:28] /c 2052 2051 7
[31/10/2018 20:37:33] /i 7261
[31/10/2018 20:38:28] /i 8310
[31/10/2018 20:39:14] /i 9980
