[19/7/2018 14:36:13] /up
[19/7/2018 14:36:37] /down
[19/7/2018 14:38:23] /town 1
[19/7/2018 14:40:46] /town 1
[19/7/2018 14:44:24] /town 1
[19/7/2018 14:45:40] /i 2160
[19/7/2018 14:47:26] /town 1
[19/7/2018 14:48:18] /town 1
[19/7/2018 14:49:16] /town 1
[19/7/2018 18:41:3] /c colisao
[19/7/2018 18:41:5] /c kolisao
[19/7/2018 18:54:43] /town 1
[19/7/2018 18:57:3] /town 1
[19/7/2018 18:58:41] /town 1
[19/7/2018 19:7:30] /goto test
[19/7/2018 19:8:33] /i small emerald
[19/7/2018 19:9:50] /save
[19/7/2018 19:9:52] /shutdown
[19/7/2018 20:48:49] /goto test
[19/7/2018 20:55:8] /up
[19/7/2018 21:52:10] /goto test
[19/7/2018 21:52:17] /up
[19/7/2018 21:52:28] /town 1
[19/7/2018 21:54:0] /r
[19/7/2018 21:54:2] /r
[19/7/2018 22:28:51] /goto test
[19/7/2018 22:29:2] /r
[19/7/2018 22:29:5] /r
[19/7/2018 22:30:20] /town 1
[19/7/2018 23:36:58] /addskill kolisao viado, level, 30
[19/7/2018 23:37:5] /addskill kolisao, level, 30
[19/7/2018 23:37:8] /addskill kolisao, level, 30
[19/7/2018 23:37:9] /addskill kolisao, level, 30
[19/7/2018 23:37:9] /addskill kolisao, level, 30
[19/7/2018 23:37:10] /addskill kolisao, level, 30
[19/7/2018 23:37:10] /addskill kolisao, level, 30
[19/7/2018 23:37:11] /addskill kolisao, level, 30
[19/7/2018 23:37:11] /addskill kolisao, level, 30
[19/7/2018 23:37:11] /addskill kolisao, level, 30
[19/7/2018 23:37:12] /addskill kolisao, level, 30
[19/7/2018 23:37:12] /addskill kolisao, level, 30
[19/7/2018 23:37:13] /addskill kolisao, level, 30
[19/7/2018 23:37:13] /addskill kolisao, level, 30
[19/7/2018 23:37:13] /addskill kolisao, level, 30
[19/7/2018 23:37:14] /addskill kolisao, level, 30
[19/7/2018 23:37:14] /addskill kolisao, level, 30
[19/7/2018 23:37:15] /addskill kolisao, level, 30
[19/7/2018 23:37:15] /addskill kolisao, level, 30
[19/7/2018 23:37:15] /addskill kolisao, level, 30
[19/7/2018 23:46:39] /addskill kolisao, level, -300
[19/7/2018 23:46:42] /addskill kolisao, level, -300
[19/7/2018 23:46:42] /addskill kolisao, level, -300
[19/7/2018 23:46:47] /addskill kolisao, level, 30
[19/7/2018 23:47:34] /addskill kolisao, level, 30
[19/7/2018 23:47:35] /addskill kolisao, level, 30
[19/7/2018 23:47:35] /addskill kolisao, level, 30
[19/7/2018 23:47:36] /addskill kolisao, level, 30
[19/7/2018 23:47:36] /addskill kolisao, level, 30
[19/7/2018 23:47:36] /addskill kolisao, level, 30
[19/7/2018 23:47:37] /addskill kolisao, level, 30
[20/7/2018 0:19:47] /goto test
[20/7/2018 0:19:49] /goto test
