[28/11/2016 21:50:59] /m orc
[28/11/2016 21:51:29] /r
[28/11/2016 21:51:33] /r
[28/11/2016 22:0:25] /reload npc
[28/11/2016 22:0:46] /i watch
[28/11/2016 22:4:9] /reload npc
[28/11/2016 22:7:27] /reload npc
[28/11/2016 22:33:13] /goto norma
[28/11/2016 22:42:36] /i chiken featheer
[28/11/2016 22:42:38] /i chiken feather
[28/11/2016 22:42:44] /i chicken feather
[28/11/2016 22:42:47] /i honeycombs
[28/11/2016 22:42:48] /i honeycomb
[28/11/2016 22:42:51] /i legion helmet
[28/11/2016 22:46:52] /reload npc
[28/11/2016 22:47:33] /reload npc
[28/11/2016 22:49:34] /reload npc
[28/11/2016 22:49:59] /reload npc
[28/11/2016 22:50:2] /reload npc
[28/11/2016 22:51:6] /reload npc
[28/11/2016 23:1:55] /reload npc
[28/11/2016 23:1:56] /goto amber
[28/11/2016 23:3:12] /reload npc
[28/11/2016 23:3:21] /save
[28/11/2016 23:3:23] /shutdown
[28/11/2016 23:14:59] /i bread
[28/11/2016 23:15:59] /i wine
[28/11/2016 23:16:10] /i flask of milk
[28/11/2016 23:16:13] /i vial
[28/11/2016 23:16:16] /i milk
[28/11/2016 23:18:9] /reload npc
[28/11/2016 23:18:10] /goto norma
[28/11/2016 23:18:24] /i cheese
[28/11/2016 23:19:7] /i scarab cheese
[28/11/2016 23:19:19] /i 2235
[28/11/2016 23:20:15] /reload npc
[28/11/2016 23:22:37] /save
[28/11/2016 23:24:3] /reload npc
[28/11/2016 23:27:25] /save
[28/11/2016 23:35:47] /reload npc
[28/11/2016 23:37:52] /c test rook
[28/11/2016 23:43:54] /reload npc
[28/11/2016 23:46:24] /reload npc
[28/11/2016 23:46:54] /save
[28/11/2016 23:54:27] /reload npc
[28/11/2016 23:54:51] /reload npc
[28/11/2016 23:55:40] /reload npc
[28/11/2016 23:55:57] /reload npc
[29/11/2016 0:3:11] /reload npc
[29/11/2016 0:3:35] /save
[29/11/2016 0:4:32] /reload npc
[29/11/2016 0:5:54] /c test rook
[29/11/2016 0:7:37] /reload npc
[29/11/2016 0:8:57] /reload npc
[29/11/2016 0:10:16] /b KOPSKAOS
[29/11/2016 0:10:17] /b KOPSKAOS
[29/11/2016 0:10:17] /b KOPSKAOS
[29/11/2016 0:10:18] /b KOPSKAOS
[29/11/2016 0:10:18] /b KOPSKAOS
[29/11/2016 0:10:19] /b KOPSKAOS
[29/11/2016 0:16:53] /reload npc
[29/11/2016 0:17:3] /reload npc
[29/11/2016 0:18:45] /reload npc
[29/11/2016 0:19:37] /reload npc
[29/11/2016 0:20:5] /reload npc
[29/11/2016 0:21:59] /reload npc
[29/11/2016 0:22:1] /reload npc
[29/11/2016 0:23:30] /reload npc
[29/11/2016 0:24:13] /reload npc
[29/11/2016 0:24:33] /reload npc
[29/11/2016 0:25:16] /reload npc
[29/11/2016 0:26:51] /reload npc
[29/11/2016 0:27:17] /reload npc
[29/11/2016 0:28:38] /reload npc
[29/11/2016 0:28:39] /reload npc
[29/11/2016 0:29:35] /reload npc
[29/11/2016 0:30:33] /goto billy
[29/11/2016 0:34:51] /goto billy
[29/11/2016 0:35:44] /goto norma
[29/11/2016 0:36:11] /reload npc
[29/11/2016 0:38:9] /reload npc
[29/11/2016 0:46:52] /reload npc
[29/11/2016 0:51:15] /reload npc
[29/11/2016 0:52:38] /reload npc
[29/11/2016 0:54:55] /reload npc
[29/11/2016 0:54:57] /reload npc
[29/11/2016 1:20:58] /reload npc
[29/11/2016 1:22:9] /reload npc
[29/11/2016 1:22:43] /reload npc
[29/11/2016 1:23:16] /reload npc
[29/11/2016 1:23:19] /reload npc
[29/11/2016 1:34:59] /reload npc
[29/11/2016 1:36:4] /reload npc
[29/11/2016 1:40:28] /reload npc
[29/11/2016 1:40:35] /goto al dee
[29/11/2016 1:41:25] /i small axe
[29/11/2016 1:49:50] /reload npc
[29/11/2016 1:51:29] /reload npc
[29/11/2016 1:51:36] /i small axe
[29/11/2016 1:53:0] /save
[29/11/2016 10:54:9] /reload npc
[29/11/2016 10:54:39] /reload npc
[29/11/2016 10:55:25] /reload npc
[29/11/2016 10:56:31] /reload npc
[29/11/2016 10:57:28] /reload npc
[29/11/2016 10:58:54] /reload npc
[29/11/2016 10:59:5] /reload npc
[29/11/2016 10:59:7] /reload npc
[29/11/2016 10:59:35] /reload npc
[29/11/2016 11:7:16] /reload npc
[29/11/2016 11:7:19] /goto al dee
[29/11/2016 11:8:53] /reload npc
[29/11/2016 11:10:8] /reload npc
[29/11/2016 11:16:13] /reload npc
[29/11/2016 11:16:29] /reload npc
[29/11/2016 11:17:12] /reload npc
[29/11/2016 11:17:25] /reload npc
[29/11/2016 11:18:5] /reload npc
[29/11/2016 11:19:3] /goto amber
[29/11/2016 11:19:5] /reload npc
[29/11/2016 11:23:13] /reload npc
[29/11/2016 11:27:58] /reload npc
[29/11/2016 11:28:7] /goto billy
[29/11/2016 11:31:13] /reload npc
[29/11/2016 11:31:18] /goto blind orc
[29/11/2016 11:31:56] /reload npc
[29/11/2016 11:32:15] /reload npc
[29/11/2016 11:34:30] /reload npc
[29/11/2016 11:35:13] /reload npc
[29/11/2016 11:37:4] /reload npc
[29/11/2016 11:37:43] /reload npc
[29/11/2016 11:38:16] /reload npc
[29/11/2016 11:45:47] /reload npc
[29/11/2016 11:45:50] /goto cipfriend
[29/11/2016 11:45:53] /town 6
[29/11/2016 11:46:19] /i chesse
[29/11/2016 11:46:24] /i chesses
[29/11/2016 11:46:28] /i chesse
[29/11/2016 11:46:35] /i 8112
[29/11/2016 11:46:44] /i cheese
[29/11/2016 11:49:46] /reload npc
[29/11/2016 11:49:49] /goto billy
[29/11/2016 11:51:0] /reload npc
[29/11/2016 11:51:1] /goto lily
[29/11/2016 11:51:46] /reload npc
[29/11/2016 11:53:17] /goto norma
[29/11/2016 11:59:19] /goto obi
[29/11/2016 12:0:28] /reload npc
[29/11/2016 12:4:34] /reload npc
[29/11/2016 12:7:36] /i molten wax
[29/11/2016 12:7:41] /r
[29/11/2016 12:7:47] /i special polish
[29/11/2016 12:7:51] /r
[29/11/2016 12:8:19] /i crystall ball
[29/11/2016 12:8:25] /i crystal ball
[29/11/2016 12:8:30] /r
[29/11/2016 12:11:39] /goto aclesius
[29/11/2016 12:11:55] /goto elesius
[29/11/2016 12:11:59] /goto eclesius
[29/11/2016 12:12:5] /goto eclesius
[29/11/2016 12:12:7] /town 
[29/11/2016 12:12:10] /town 2
[29/11/2016 12:18:30] /goto irmana
[29/11/2016 12:18:50] /i hat for eclesius
[29/11/2016 12:18:54] /r
[29/11/2016 12:30:15] /town 6
[29/11/2016 12:30:17] /goto obi
[29/11/2016 12:30:25] /reload npc
[29/11/2016 12:34:41] /goto armarie
[29/11/2016 12:34:50] /goto amarie
[29/11/2016 15:59:35] /i waterskin
[29/11/2016 15:59:52] /i water (liquid
[29/11/2016 15:59:54] /i water (liquid)
[29/11/2016 16:0:30] /goto goblin
[29/11/2016 16:0:34] /down
[29/11/2016 16:1:18] /i 1775
[29/11/2016 16:1:27] /i 1775, 1
[29/11/2016 16:1:28] /i 1775, 2
[29/11/2016 16:1:30] /i 1775, 3
[29/11/2016 16:1:38] /i waterskin, 1
[29/11/2016 16:2:34] /i 5938
[29/11/2016 16:2:56] /i waterskin, 2
[29/11/2016 16:3:56] /i Inactive Geyser
[29/11/2016 16:4:2] /i Geyser
[29/11/2016 16:5:35] /i 1776
[29/11/2016 16:5:53] /i 1785
[29/11/2016 16:11:46] /town 6
[29/11/2016 16:14:16] /reload npc
[29/11/2016 16:14:47] /reload npc
[29/11/2016 16:38:26] /i 2146
[29/11/2016 16:38:31] /i 1285
[29/11/2016 16:38:38] /i 6999
[29/11/2016 16:38:44] /i 7003
[29/11/2016 16:38:53] /i 1356
[29/11/2016 16:49:17] /town 2
[29/11/2016 16:57:13] /reload npc
[29/11/2016 16:58:11] /goto paulie
[29/11/2016 17:0:49] /reload npc
[29/11/2016 18:31:19] /goto billy
[29/11/2016 18:32:51] /reload npc
[29/11/2016 18:33:38] /reload npc
[29/11/2016 18:33:47] /reload npc
[29/11/2016 18:35:4] /reload npc
[29/11/2016 18:46:45] /save
[29/11/2016 23:40:37] /reload npc
[29/11/2016 23:41:31] /reload npc
[29/11/2016 23:42:58] /reload npc
[29/11/2016 23:44:7] /reload npc
[29/11/2016 23:50:23] /reload npc
[29/11/2016 23:51:48] /reload npc
[29/11/2016 23:53:1] /reload npc
[30/11/2016 0:1:42] /i 2813
[30/11/2016 0:1:47] /m rat
[30/11/2016 0:8:22] /reload npc
[30/11/2016 0:8:34] /i 1990
[30/11/2016 0:8:51] /i 2480
[30/11/2016 0:9:0] /reload npc
[30/11/2016 0:11:50] /reload npc
[30/11/2016 0:13:32] /reload npc
[30/11/2016 0:14:2] /reload npc
[30/11/2016 0:22:21] /reload npc
[30/11/2016 0:26:32] /i 2813
[30/11/2016 0:31:40] /i 2088
[30/11/2016 0:32:52] /reload npc
[30/11/2016 0:35:55] /reload npc
[30/11/2016 0:38:10] /reload npc
[30/11/2016 0:38:45] /reload npc
[30/11/2016 0:39:3] /reload npc
[30/11/2016 0:39:15] /reload npc
[30/11/2016 0:40:17] /reload npc
[30/11/2016 0:40:47] /reload npc
[30/11/2016 0:41:26] /reload npc
[30/11/2016 0:44:10] /reload npc
[30/11/2016 0:46:25] /reload npc
[30/11/2016 0:47:49] /i 2006, 3
[30/11/2016 0:47:53] /i 2006, 2
[30/11/2016 0:47:54] /i 2006, 4
[30/11/2016 0:48:6] /i 2006, 15
[30/11/2016 0:48:8] /i 2006, 40
[30/11/2016 0:48:12] /i 2006, 1
[30/11/2016 0:48:13] /i 2006, 0
[30/11/2016 0:52:12] /save
[30/11/2016 0:52:13] /shutdown
[30/11/2016 0:57:34] /reload npc
[30/11/2016 0:57:41] /reload npc
[30/11/2016 1:0:30] /i 2813
[30/11/2016 1:0:31] /i 2813
[30/11/2016 1:6:46] /reload npc
[30/11/2016 1:7:54] /reload npc
[30/11/2016 1:10:4] /reload npc
[30/11/2016 1:10:25] /reload npc
[30/11/2016 1:10:48] /reload npc
[30/11/2016 1:11:29] /reload npc
[30/11/2016 1:12:0] /reload npc
[30/11/2016 1:13:7] /reload npc
[30/11/2016 1:14:22] /reload npc
[30/11/2016 1:14:35] /i present box
[30/11/2016 1:14:40] /i 1990
[30/11/2016 1:15:28] /reload npc
[30/11/2016 1:16:5] /reload npc
[30/11/2016 1:17:14] /reload npc
[30/11/2016 1:17:57] /reload npc
[30/11/2016 1:18:4] /reload npc
[30/11/2016 1:20:58] /reload npc
[30/11/2016 1:21:16] /reload npc
[30/11/2016 1:21:22] /i 1990
[30/11/2016 1:21:33] /reload npc
[30/11/2016 1:21:50] /reload npc
[30/11/2016 1:22:24] /reload npc
[30/11/2016 1:25:58] /reload npc
[30/11/2016 1:28:27] /reload npc
[30/11/2016 1:31:33] /reload npc
[30/11/2016 1:31:57] /reload npc
[30/11/2016 1:36:26] /reload npc
[30/11/2016 1:46:8] /save
[30/11/2016 10:32:3] /reload npc
[30/11/2016 10:38:2] /goto tom
[30/11/2016 10:38:8] /m rabbit
[30/11/2016 10:39:24] /m rat
[30/11/2016 10:40:4] /m wolf
[30/11/2016 10:42:19] /i 10609
[30/11/2016 10:45:39] /reload npc
[30/11/2016 10:45:50] /i 2813
[30/11/2016 10:45:51] /i 2813
[30/11/2016 10:45:51] /i 2813
[30/11/2016 11:0:32] /i bear paw
[30/11/2016 11:0:34] /i wolf paw
[30/11/2016 11:2:39] /reload npc
[30/11/2016 11:4:49] /reload npc
[30/11/2016 11:19:10] /save
[30/11/2016 11:35:0] /i minotaur leather
[30/11/2016 11:43:16] /c test rook
[30/11/2016 11:43:28] /save
[30/11/2016 12:8:33] /goto willie
[30/11/2016 12:8:35] /reload npc
[30/11/2016 12:9:5] /i cheese
[30/11/2016 12:11:18] /reload npc
[30/11/2016 12:11:47] /reload npc
[30/11/2016 12:12:21] /reload npc
[30/11/2016 12:12:40] /i cheese
[30/11/2016 12:16:37] /c test rook
[30/11/2016 12:22:6] /i honey comb
[30/11/2016 12:22:8] /i honeycomb
[30/11/2016 12:22:12] /i chichen feather
[30/11/2016 12:22:17] /i chicken feather
[30/11/2016 12:24:0] /save
[30/11/2016 12:29:7] /reload npc
[30/11/2016 12:32:55] /reload npc
[30/11/2016 12:35:19] /i backpack
[30/11/2016 12:35:23] /i bear paw
[30/11/2016 12:35:24] /i wolf paw
[30/11/2016 13:5:15] /town 2
[30/11/2016 13:5:19] /c test rook
[30/11/2016 13:5:31] /addskill test rook, level, 300
[30/11/2016 13:24:38] /town 6
[30/11/2016 13:26:38] /i vial
[30/11/2016 14:5:27] /i banana
[30/11/2016 14:6:0] /up
[30/11/2016 14:12:4] /save
[30/11/2016 14:23:2] /addskill god vovozona, level, 2
[30/11/2016 14:24:27] /reload action
[30/11/2016 14:25:52] /down 2
[30/11/2016 14:26:52] /goto willie
[30/11/2016 14:33:17] /reload npc
[30/11/2016 14:33:39] /reload npc
[30/11/2016 14:34:6] /i studded shield
[30/11/2016 14:34:21] /reload npc
[30/11/2016 14:35:30] /reload npc
[30/11/2016 14:35:32] /goto tom
[30/11/2016 14:43:32] /town 6
[30/11/2016 14:44:41] /i pick
[30/11/2016 14:46:12] /i 4567
[30/11/2016 14:46:13] /i 4567
[30/11/2016 14:46:18] /i 4531
[30/11/2016 14:46:37] /i 3324
[30/11/2016 14:48:16] /i 354
[30/11/2016 14:48:43] /i 355
[30/11/2016 14:48:47] /i 355
[30/11/2016 14:48:50] /r
[30/11/2016 14:48:50] /r
[30/11/2016 14:48:51] /i 355
[30/11/2016 14:48:53] /i 353
[30/11/2016 14:48:54] /i 354
[30/11/2016 14:52:50] /i 7200
[30/11/2016 14:53:1] /i fishing rod
[30/11/2016 14:53:3] /i worm
[30/11/2016 14:54:3] /down
[30/11/2016 14:54:7] /up
[30/11/2016 14:54:7] /up
[30/11/2016 14:54:9] /up
[30/11/2016 14:55:26] /i 7236
[30/11/2016 14:55:29] /r
[30/11/2016 14:55:36] /i 392
[30/11/2016 14:59:15] /i 7200
[30/11/2016 14:59:19] /i 468
[30/11/2016 14:59:26] /i shivel
[30/11/2016 14:59:28] /i shovel
[30/11/2016 15:1:9] /i 384
[30/11/2016 15:1:14] /i 418
[30/11/2016 15:1:17] /i 8278
[30/11/2016 15:1:24] /i 8592
[30/11/2016 15:1:26] /down
[30/11/2016 15:1:53] /reload action
[30/11/2016 15:2:5] /save
[30/11/2016 15:10:8] /save
[30/11/2016 15:11:45] /down
[30/11/2016 15:11:56] /up
[30/11/2016 15:12:13] /r
[30/11/2016 15:12:18] /i 344
[30/11/2016 15:12:19] /i 354
[30/11/2016 15:12:39] /i 1386
[30/11/2016 15:12:40] /r
[30/11/2016 15:12:42] /down
[30/11/2016 15:12:43] /r
[30/11/2016 15:12:46] /i 8278
[30/11/2016 15:12:48] /up
[30/11/2016 15:12:52] /down
[30/11/2016 15:12:53] /up
[30/11/2016 15:13:1] /up
[30/11/2016 15:13:25] /i 8278
[30/11/2016 15:13:34] /i 344
[30/11/2016 15:13:40] /up
[30/11/2016 15:13:41] /up
[30/11/2016 15:14:41] /down
[30/11/2016 15:14:48] /i 9025
[30/11/2016 15:14:49] /up
[30/11/2016 15:14:50] /up
[30/11/2016 15:14:58] /up
[30/11/2016 15:15:3] /i 354
[30/11/2016 15:15:7] /up
[30/11/2016 15:15:10] /i 354
[30/11/2016 15:15:23] /up
[30/11/2016 15:18:6] /down
[30/11/2016 15:18:9] /i 1386
[30/11/2016 15:18:12] /up
[30/11/2016 15:19:29] /down
[30/11/2016 15:19:31] /r
[30/11/2016 15:19:35] /i 8599
[30/11/2016 15:19:49] /reload action
[30/11/2016 15:20:2] /down
[30/11/2016 15:20:3] /r
[30/11/2016 15:21:21] /reload action
[30/11/2016 15:21:28] /i 1386
[30/11/2016 15:21:29] /up
[30/11/2016 15:21:45] /save
[30/11/2016 15:24:0] /down
[30/11/2016 15:24:4] /i rope
[30/11/2016 15:24:16] /down
[30/11/2016 15:25:39] /down
[30/11/2016 15:26:48] /down
[30/11/2016 15:28:13] /down
[30/11/2016 15:28:20] /up
[30/11/2016 15:30:39] /save
[30/11/2016 15:31:59] /i 392
[30/11/2016 15:32:2] /up
[30/11/2016 15:32:14] /r
[30/11/2016 15:32:15] /r
[30/11/2016 15:32:17] /down
[30/11/2016 15:32:21] /up
[30/11/2016 15:32:24] /i 354
[30/11/2016 15:32:26] /down
[30/11/2016 15:32:31] /i 384
[30/11/2016 15:32:32] /up
[30/11/2016 15:32:37] /up
[30/11/2016 15:32:42] /down
[30/11/2016 15:32:46] /i 384
[30/11/2016 15:32:47] /up
[30/11/2016 15:32:50] /i 355
[30/11/2016 15:32:55] /up
[30/11/2016 15:40:16] /up
[30/11/2016 15:40:19] /reload action
[30/11/2016 15:40:26] /down
[30/11/2016 15:40:28] /up
[30/11/2016 15:41:20] /reload action
[30/11/2016 15:42:53] /reload action
[30/11/2016 15:42:59] /down
[30/11/2016 15:43:1] /up
[30/11/2016 15:43:19] /reload action
[30/11/2016 15:43:54] /reload action
[30/11/2016 15:43:57] /r
[30/11/2016 15:43:58] /r
[30/11/2016 15:44:1] /down
[30/11/2016 15:44:7] /up
[30/11/2016 15:44:14] /r
[30/11/2016 15:44:43] /reload action
[30/11/2016 15:46:47] /down
[30/11/2016 15:46:56] /up
[30/11/2016 15:46:58] /down
[30/11/2016 15:47:2] /i 384
[30/11/2016 15:47:3] /i 384
[30/11/2016 15:47:4] /up
[30/11/2016 15:47:7] /i 355
[30/11/2016 15:47:8] /i 354
[30/11/2016 15:47:15] /down
[30/11/2016 15:47:16] /up
[30/11/2016 15:47:51] /reload action
[30/11/2016 15:48:4] /reload action
[30/11/2016 15:48:10] /up
[30/11/2016 15:53:58] /reload action
[30/11/2016 15:56:25] /reload action
[30/11/2016 15:56:35] /down
[30/11/2016 15:56:36] /up
[30/11/2016 15:58:14] /reload action
[30/11/2016 15:58:19] /up
[30/11/2016 15:58:20] /up
[30/11/2016 16:0:28] /reload action
[30/11/2016 16:0:46] /reload action
[30/11/2016 16:0:52] /up
[30/11/2016 16:1:26] /up
[30/11/2016 16:1:42] /i 355
[30/11/2016 16:1:46] /up
[30/11/2016 16:1:49] /up
[30/11/2016 16:6:16] /reload action
[30/11/2016 16:8:7] /reload action
[30/11/2016 16:8:29] /reload action
[30/11/2016 16:8:33] /up
[30/11/2016 16:8:42] /down
[30/11/2016 16:8:44] /up
[30/11/2016 16:10:12] /reload action
[30/11/2016 16:10:18] /up
[30/11/2016 16:10:19] /up
[30/11/2016 16:12:13] /save
[30/11/2016 16:13:10] /down
[30/11/2016 16:13:12] /up
[30/11/2016 16:25:36] /i 7236
[30/11/2016 16:25:40] /r
[30/11/2016 16:25:42] /r
[30/11/2016 16:25:55] /i 7200
[30/11/2016 16:26:12] /i 7200
[30/11/2016 16:26:15] /r
[30/11/2016 16:29:22] /save
[30/11/2016 16:33:25] /reload action
[30/11/2016 16:33:41] /save
[30/11/2016 16:35:10] /i 7200
[30/11/2016 16:37:37] /i 354
[30/11/2016 16:37:40] /i 355
[30/11/2016 16:40:23] /save
[30/11/2016 16:52:28] /save
[30/11/2016 18:43:26] /town 6
[30/11/2016 18:43:35] /down
[30/11/2016 18:43:37] /down
[30/11/2016 18:43:40] /up
[30/11/2016 18:43:40] /up
[30/11/2016 18:43:45] /down
[30/11/2016 18:43:46] /up
[1/12/2016 10:35:31] /save
[1/12/2016 10:35:32] /shutdown
[1/12/2016 11:32:14] /reload mods
[1/12/2016 11:32:35] /reload mods
[1/12/2016 11:32:48] /reload mods
[1/12/2016 11:32:54] /reload mods
[1/12/2016 11:33:2] /reload mods
[1/12/2016 11:34:14] /reload mods
[1/12/2016 11:34:38] /reload mods
[1/12/2016 11:34:50] /reload mods
[1/12/2016 11:37:44] /reload mods
[1/12/2016 11:37:50] /reload mods
[1/12/2016 11:41:21] /reload mods
[1/12/2016 11:43:2] /reload mods
[1/12/2016 11:43:30] /reload mods
[1/12/2016 11:48:58] /reload mods
[1/12/2016 11:49:19] /reload mods
[1/12/2016 11:49:29] /reload mods
[1/12/2016 11:56:50] /up
[1/12/2016 13:5:30] /reload npc
[1/12/2016 13:6:50] /reload npc
[1/12/2016 13:14:5] /reload npc
[1/12/2016 13:18:56] /reload npc
[1/12/2016 13:19:33] /reload npc
[1/12/2016 13:19:37] /save
[1/12/2016 13:35:12] /reload npc
[1/12/2016 13:35:54] /reload npc
[1/12/2016 13:36:15] /reload npc
[1/12/2016 13:37:32] /reload npc
[1/12/2016 13:37:54] /reload npc
[1/12/2016 13:38:45] /reload npc
[1/12/2016 13:43:11] /reload npc
[1/12/2016 13:43:33] /addskill god vovozona, level 3
[1/12/2016 13:43:35] /addskill god vovozona, level 3
[1/12/2016 13:43:39] /addskill god vovozona, level, 3
[1/12/2016 13:44:11] /reload npc
[1/12/2016 13:44:21] /reload npc
[1/12/2016 13:45:3] /reload npc
[1/12/2016 13:45:34] /reload npc
[1/12/2016 13:47:6] /reload npc
[1/12/2016 13:47:14] /reload npc
[1/12/2016 13:47:48] /reload npc
[1/12/2016 13:47:53] /reload npc
[1/12/2016 13:48:7] /reload npc
[1/12/2016 13:49:19] /reload npc
[1/12/2016 13:50:18] /reload npc
[1/12/2016 13:50:20] /goto amber
[1/12/2016 13:50:34] /goto the oracle
[1/12/2016 13:52:55] /reload npc
[1/12/2016 18:5:5] /reload npc
[1/12/2016 18:8:10] /addskill god vovozona
[1/12/2016 18:8:15] /addskill god vovozona, level, 1
[1/12/2016 18:9:26] /addskill god vovozona, level, -1
[1/12/2016 18:9:48] /addskill god vovozona, level, -1
[1/12/2016 18:10:17] /addskill god vovozona, level, -4
[1/12/2016 18:10:22] /addskill god vovozona, level, -2
[1/12/2016 18:10:45] /addskill god vovozona, level, 7
[1/12/2016 18:11:52] /town 1
[1/12/2016 18:13:41] /town ab'dendriel
[1/12/2016 18:13:45] /town 1
[1/12/2016 18:15:27] /town 2
[1/12/2016 18:16:13] /town
[1/12/2016 18:16:26] /town
[1/12/2016 18:16:53] /town 3
[1/12/2016 18:17:23] /town 4
[1/12/2016 18:17:50] /town 5
[1/12/2016 18:18:17] /reload npc
[1/12/2016 18:19:59] /reload npc
[1/12/2016 18:20:5] /goto the oracle
[1/12/2016 18:22:51] /reload npc
[1/12/2016 18:23:20] /reload npc
[1/12/2016 18:24:13] /reload npc
[1/12/2016 18:24:47] /reload npc
[1/12/2016 18:25:17] /reload npc
[1/12/2016 18:29:33] /reload npc
[1/12/2016 18:30:51] /reload npc
[1/12/2016 18:34:7] /reload npc
[1/12/2016 18:36:1] /reload npc
[1/12/2016 18:36:59] /reload npc
[1/12/2016 18:37:47] /reload npc
[1/12/2016 18:39:6] /reload npc
[1/12/2016 18:39:57] /reload npc
[1/12/2016 18:40:55] /reload npc
[1/12/2016 18:42:4] /reload npc
[1/12/2016 18:44:8] /reload npc
[1/12/2016 18:45:54] /reload npc
[1/12/2016 18:46:58] /reload npc
[1/12/2016 18:47:25] /reload npc
[1/12/2016 18:48:27] /reload npc
[1/12/2016 18:49:28] /reload npc
[1/12/2016 18:50:45] /reload npc
[1/12/2016 18:52:19] /reload npc
[1/12/2016 18:53:4] /reload npc
[1/12/2016 18:53:18] /reload npc
[1/12/2016 19:11:31] /town 1
[1/12/2016 19:11:40] /town 2
[1/12/2016 19:11:53] /town 2
[1/12/2016 19:11:55] /town 3
[1/12/2016 19:12:7] /town 4
[1/12/2016 19:12:9] /town 6
[1/12/2016 19:12:10] /town 5
[1/12/2016 19:12:24] /i 2175
[1/12/2016 19:12:34] /i 2190
[1/12/2016 19:12:51] /i 2120
[1/12/2016 19:12:55] /i 2554
[1/12/2016 19:12:58] /i 18559
[1/12/2016 19:13:3] /i 7620
[1/12/2016 19:13:11] /i health potion
[1/12/2016 19:13:36] /i 2182
[1/12/2016 19:18:6] /reload npc
[1/12/2016 19:18:9] /goto the oracle
[1/12/2016 19:18:23] /goto the oracle
[1/12/2016 19:18:25] /reload npc
[1/12/2016 19:18:54] /reload npc
[1/12/2016 19:19:27] /reload npc
[1/12/2016 19:20:15] /reload npc
[1/12/2016 19:20:30] /reload npc
[1/12/2016 19:20:43] /reload npc
[1/12/2016 19:23:38] /reload npc
[1/12/2016 19:23:49] /reload npc
[1/12/2016 19:31:13] /save
[1/12/2016 20:2:40] /reload npc
[1/12/2016 20:3:12] /reload npc
[1/12/2016 20:3:21] /reload npc
[1/12/2016 20:3:50] /reload npc
[1/12/2016 20:5:51] /reload npc
[1/12/2016 20:6:32] /reload npc
[1/12/2016 20:6:37] /reload npc
[1/12/2016 20:8:13] /reload npc
[1/12/2016 20:11:23] /reload npc
[1/12/2016 20:11:55] /reload npc
[1/12/2016 20:12:17] /reload npc
[1/12/2016 20:12:46] /reload npc
[1/12/2016 20:12:56] /reload npc
[1/12/2016 20:15:35] /reload npc
[1/12/2016 20:16:19] /reload npc
[1/12/2016 20:16:51] /reload npc
[1/12/2016 20:17:6] /reload npc
[1/12/2016 20:17:58] /addskill god vovozona, level, -1
[1/12/2016 20:18:6] /addskill god vovozona, level, 2
[1/12/2016 20:18:11] /addskill god vovozona, level, -1
[1/12/2016 20:18:46] /reload npc
[1/12/2016 20:20:57] /town 1
[1/12/2016 20:21:12] /town 2
[1/12/2016 20:21:17] /town 3
[1/12/2016 20:21:23] /town 4
[1/12/2016 20:21:31] /reload npc
[1/12/2016 20:21:33] /goto the oracle
[1/12/2016 20:26:55] /reload npc
[1/12/2016 20:27:40] /reload npc
[1/12/2016 20:28:17] /reload npc
[1/12/2016 20:28:51] /reload npc
[1/12/2016 20:30:4] /reload npc
[1/12/2016 20:30:33] /reload npc
[1/12/2016 20:31:35] /reload npc
[1/12/2016 20:31:52] /reload npc
[1/12/2016 20:40:15] /goto the oracle
[1/12/2016 20:40:47] /c test rook
[1/12/2016 20:40:58] /addskill test rook, level, -298
[1/12/2016 20:41:2] /addskill test rook, level, 3
[1/12/2016 20:41:4] /addskill test rook, level, 2
[1/12/2016 20:41:55] /town
[1/12/2016 20:51:37] /reload npc
[1/12/2016 20:51:48] /reload npc
[1/12/2016 20:52:0] /reload npc
[1/12/2016 20:52:28] /c test rook
[1/12/2016 20:53:47] /town
[1/12/2016 20:54:38] /reload npc
[1/12/2016 20:54:42] /reload npc
[1/12/2016 20:54:51] /c test rook
[1/12/2016 21:6:13] /reload npc
[1/12/2016 21:6:23] /c test rook
[1/12/2016 21:7:40] /reload npc
[1/12/2016 21:7:43] /reload npc
[1/12/2016 21:7:47] /c test rook
[1/12/2016 21:8:32] /reload npc
[1/12/2016 21:8:39] /c test rook
[1/12/2016 21:51:1] /i spear
[1/12/2016 22:5:2] /reload npc
[1/12/2016 22:5:35] /reload npc
[1/12/2016 22:6:16] /reload npc
[1/12/2016 22:21:38] /reload npc
[1/12/2016 22:22:1] /c test rook
[1/12/2016 22:38:18] /down 3
[1/12/2016 22:38:30] /up
[1/12/2016 22:40:7] /reload npc
[1/12/2016 22:40:12] /reload npc
[1/12/2016 22:40:14] /reload npc
[1/12/2016 22:41:20] /i 2160
[1/12/2016 22:54:12] /reload npc
[1/12/2016 22:54:14] /reload npc
[1/12/2016 22:59:56] /reload npc
[1/12/2016 23:1:19] /reload npc
[1/12/2016 23:1:54] /reload npc
[1/12/2016 23:6:24] /reload npc
[1/12/2016 23:7:17] /reload npc
[1/12/2016 23:7:20] /reload npc
[1/12/2016 23:7:53] /reload npc
[1/12/2016 23:15:29] /reload npc
[1/12/2016 23:15:31] /reload npc
[1/12/2016 23:37:19] /reload npc
[1/12/2016 23:38:26] /reload npc
[1/12/2016 23:45:0] /reload npc
[1/12/2016 23:46:19] /reload npc
[1/12/2016 23:46:58] /reload npc
[1/12/2016 23:50:15] /reload npc
[1/12/2016 23:57:21] /reload npc
[2/12/2016 0:3:21] /reload npc
[2/12/2016 0:5:48] /reload npc
[2/12/2016 0:9:13] /reload npc
[2/12/2016 0:11:2] /reload npc
[2/12/2016 0:13:52] /reload npc
[2/12/2016 0:16:53] /reload npc
[2/12/2016 0:19:2] /reload npc
[2/12/2016 0:19:48] /reload npc
[2/12/2016 0:25:40] /reload npc
[2/12/2016 0:39:19] /reload npc
[2/12/2016 0:48:20] /reload npc
[2/12/2016 0:48:57] /reload npc
[2/12/2016 0:49:25] /reload npc
[2/12/2016 0:49:43] /reload npc
[2/12/2016 0:57:45] /reload npc
[2/12/2016 0:58:20] /reload npc
[2/12/2016 1:0:39] /reload npc
[2/12/2016 1:1:32] /reload npc
[2/12/2016 1:2:2] /reload npc
[2/12/2016 1:2:21] /reload npc
[2/12/2016 1:3:6] /reload npc
[2/12/2016 1:3:25] /reload npc
[2/12/2016 1:4:26] /reload npc
[2/12/2016 1:4:56] /reload npc
[2/12/2016 1:5:37] /reload npc
[2/12/2016 1:5:57] /reload npc
[2/12/2016 1:13:2] /reload npc
[2/12/2016 1:13:58] /reload npc
[2/12/2016 1:15:0] /reload npc
[2/12/2016 1:16:29] /reload npc
[2/12/2016 1:17:2] /reload npc
[2/12/2016 1:19:2] /reload npc
[2/12/2016 1:19:31] /reload npc
[2/12/2016 1:20:1] /reload npc
[2/12/2016 1:21:28] /reload npc
[2/12/2016 1:21:46] /reload npc
[2/12/2016 1:22:5] /reload npc
[2/12/2016 1:23:25] /reload npc
[2/12/2016 1:23:52] /reload npc
[2/12/2016 1:24:15] /reload npc
[2/12/2016 1:24:36] /reload npc
[2/12/2016 1:25:11] /reload npc
[2/12/2016 1:26:14] /reload npc
[2/12/2016 1:26:48] /reload npc
[2/12/2016 1:27:20] /reload npc
[2/12/2016 1:27:35] /reload npc
[2/12/2016 1:29:29] /reload npc
[2/12/2016 1:30:0] /reload npc
[2/12/2016 1:31:55] /reload npc
[2/12/2016 1:32:7] /reload npc
[2/12/2016 1:32:58] /reload npc
[2/12/2016 1:33:18] /reload npc
[2/12/2016 1:33:37] /reload npc
[2/12/2016 1:35:29] /reload npc
[2/12/2016 1:35:59] /reload npc
[2/12/2016 1:36:22] /reload npc
[2/12/2016 1:37:0] /i 2160
[2/12/2016 1:39:27] /i 2160
[2/12/2016 1:59:56] /reload npc
[2/12/2016 2:5:37] /reload npv
[2/12/2016 2:5:51] /reload npc
[2/12/2016 2:12:56] /goto hoggle
[2/12/2016 2:24:10] /goto the oracle
[2/12/2016 2:24:11] /down 2
[2/12/2016 2:25:6] /reload npc
[2/12/2016 2:25:23] /reload npc
[2/12/2016 2:27:33] /reload npoc
[2/12/2016 2:27:35] /reload npc
[2/12/2016 2:48:34] /reload npc
[2/12/2016 2:49:56] /reload npc
[2/12/2016 2:55:29] /reload npc
[2/12/2016 2:56:28] /reload npc
[2/12/2016 3:3:28] /reload npc
[2/12/2016 3:17:31] /reload npc
[2/12/2016 3:17:45] /reload npc
[2/12/2016 3:18:7] /reload npc
[2/12/2016 3:20:7] /reload npc
[2/12/2016 3:20:11] /reload npc
[2/12/2016 3:21:14] /reload npc
[2/12/2016 3:21:23] /i 2160
[2/12/2016 3:34:25] /reload npc
[2/12/2016 3:40:25] /goto polie
[2/12/2016 3:40:28] /goto oracle
[2/12/2016 3:40:32] /goto the oracle
[2/12/2016 3:40:35] /down 2
[2/12/2016 3:42:18] /c test rook
[2/12/2016 3:43:31] /save
[2/12/2016 12:41:35] /reload action
[2/12/2016 12:43:3] /reload action
[2/12/2016 12:47:0] /reload action
[2/12/2016 12:47:28] /reload action
[2/12/2016 12:47:30] /reload action
[2/12/2016 12:47:54] /reload action
[2/12/2016 12:48:19] /r
[2/12/2016 12:48:19] /r
[2/12/2016 12:48:20] /r
[2/12/2016 12:48:20] /r
[2/12/2016 12:48:31] /i 1304
[2/12/2016 12:48:54] /reload action
[2/12/2016 12:49:12] /i 1304
[2/12/2016 12:50:59] /reload action
[2/12/2016 12:52:50] /save
[2/12/2016 12:57:35] /c god eder
[2/12/2016 12:58:35] /reload action
[2/12/2016 12:58:52] /reload action
[2/12/2016 12:59:24] /reload action
[2/12/2016 13:1:59] /reload action
[2/12/2016 13:2:48] /reload action
[2/12/2016 13:3:24] /reload action
[2/12/2016 13:5:27] /reload action
[2/12/2016 13:8:25] /reload action
[2/12/2016 13:8:58] /reload action
[2/12/2016 13:9:1] /i 1304
[2/12/2016 13:9:25] /reload action
[2/12/2016 13:10:2] /reload action
[2/12/2016 13:11:34] /c trombadinha
[2/12/2016 13:11:58] /m fire elemental
[2/12/2016 13:12:23] /c trombadinha
[2/12/2016 13:13:2] /i pick
[2/12/2016 13:14:27] /town
[2/12/2016 13:14:30] /town venore
[2/12/2016 13:14:38] /town rookgaard
[2/12/2016 13:14:42] /town
[2/12/2016 13:17:41] /goto god eder
[2/12/2016 13:18:29] /goto god eder
[2/12/2016 13:18:59] /down
[2/12/2016 13:19:2] /up
[2/12/2016 13:19:6] /down
[2/12/2016 13:19:15] /up
[2/12/2016 13:19:20] /town rookgaard
[2/12/2016 13:42:15] /goto god eder
[2/12/2016 13:42:30] /town 6
[2/12/2016 13:50:40] /goto god eder
[2/12/2016 13:51:36] /addskill god eder, level, 7
[2/12/2016 13:52:54] /c god eder
[2/12/2016 13:55:34] /town 6
[2/12/2016 14:26:17] /save
[2/12/2016 14:28:22] /reload action
[2/12/2016 14:30:59] /i 2160
[2/12/2016 14:32:31] /i shovel
[2/12/2016 14:33:19] /r
[2/12/2016 14:33:20] /r
[2/12/2016 14:33:20] /r
[2/12/2016 14:33:20] /r
[2/12/2016 14:33:21] /r
[2/12/2016 14:33:21] /r
[2/12/2016 14:33:21] /r
[2/12/2016 14:33:22] /r
[2/12/2016 14:33:22] /r
[2/12/2016 14:33:22] /r
[2/12/2016 14:33:22] /r
[2/12/2016 14:33:23] /r
[2/12/2016 14:33:27] /r
[2/12/2016 14:33:28] /r
[2/12/2016 14:33:28] /r
[2/12/2016 14:33:30] /r
[2/12/2016 14:33:30] /r
[2/12/2016 14:33:30] /r
[2/12/2016 14:33:31] /r
[2/12/2016 14:33:31] /r
[2/12/2016 14:33:46] /i 5107
[2/12/2016 14:34:1] /i 5707
[2/12/2016 14:34:2] /r
[2/12/2016 14:34:6] /i 5108
[2/12/2016 14:34:15] /reload action
[2/12/2016 14:34:17] /r
[2/12/2016 14:34:32] /r
[2/12/2016 14:34:33] /r
[2/12/2016 14:34:34] /r
[2/12/2016 14:34:37] /i 5707
[2/12/2016 14:34:39] /r
[2/12/2016 14:34:41] /i 5107
[2/12/2016 14:34:46] /i 5109
[2/12/2016 14:35:14] /reload action
[2/12/2016 14:35:15] /r
[2/12/2016 14:35:47] /reload action
[2/12/2016 14:35:57] /r
[2/12/2016 14:35:58] /r
[2/12/2016 14:35:58] /r
[2/12/2016 14:35:59] /r
[2/12/2016 14:35:59] /r
[2/12/2016 14:36:0] /r
[2/12/2016 14:36:1] /r
[2/12/2016 14:36:3] /i 5107
[2/12/2016 14:36:28] /reload action
[2/12/2016 14:37:16] /r
[2/12/2016 14:37:16] /r
[2/12/2016 14:37:16] /r
[2/12/2016 14:37:20] /i 5107
[2/12/2016 14:37:22] /reload action
[2/12/2016 14:38:6] /reload action
[2/12/2016 14:38:11] /r
[2/12/2016 14:38:12] /r
[2/12/2016 14:38:12] /r
[2/12/2016 14:38:13] /r
[2/12/2016 14:38:16] /i 5107
[2/12/2016 14:38:18] /i 5107
[2/12/2016 14:38:19] /r
[2/12/2016 14:38:34] /reload action
[2/12/2016 14:39:38] /reload action
[2/12/2016 14:39:51] /reload action
[2/12/2016 14:42:32] /reload action
[2/12/2016 14:42:36] /r
[2/12/2016 14:42:36] /r
[2/12/2016 14:42:37] /r
[2/12/2016 14:42:37] /r
[2/12/2016 14:42:37] /r
[2/12/2016 14:42:38] /r
[2/12/2016 14:42:38] /r
[2/12/2016 14:42:41] /i 5107
[2/12/2016 14:42:45] /r
[2/12/2016 14:42:47] /i 5107
[2/12/2016 14:43:10] /reload action
[2/12/2016 14:43:14] /r
[2/12/2016 14:43:17] /i 5107
[2/12/2016 14:43:29] /reload action
[2/12/2016 14:43:40] /r
[2/12/2016 14:43:40] /r
[2/12/2016 14:43:42] /r
[2/12/2016 14:43:42] /r
[2/12/2016 14:43:43] /r
[2/12/2016 14:43:43] /r
[2/12/2016 14:43:46] /r
[2/12/2016 14:43:47] /r
[2/12/2016 14:44:36] /reload action
[2/12/2016 14:44:40] /r
[2/12/2016 14:44:41] /r
[2/12/2016 14:44:41] /r
[2/12/2016 14:44:42] /r
[2/12/2016 14:44:47] /i 5107
[2/12/2016 14:44:50] /i 5107
[2/12/2016 14:44:51] /r
[2/12/2016 14:44:53] /r
[2/12/2016 14:44:55] /r
[2/12/2016 14:46:34] /reload action
[2/12/2016 14:47:18] /reload action
[2/12/2016 14:47:24] /r
[2/12/2016 14:47:25] /r
[2/12/2016 14:47:25] /r
[2/12/2016 14:47:25] /r
[2/12/2016 14:47:26] /r
[2/12/2016 14:47:26] /r
[2/12/2016 14:47:26] /r
[2/12/2016 14:47:27] /r
[2/12/2016 14:47:29] /i 5107
[2/12/2016 14:47:41] /r
[2/12/2016 14:47:42] /r
[2/12/2016 14:47:44] /reload action
[2/12/2016 14:48:17] /reload action
[2/12/2016 14:48:21] /r
[2/12/2016 14:48:21] /r
[2/12/2016 14:48:21] /r
[2/12/2016 14:48:22] /r
[2/12/2016 14:48:22] /r
[2/12/2016 14:48:24] /i 5107
[2/12/2016 14:48:32] /reload action
[2/12/2016 14:48:33] /r
[2/12/2016 14:48:35] /r
[2/12/2016 14:49:20] /reload action
[2/12/2016 14:49:23] /r
[2/12/2016 14:49:24] /r
[2/12/2016 14:49:24] /r
[2/12/2016 14:49:24] /r
[2/12/2016 14:49:25] /r
[2/12/2016 14:49:27] /i 5107
[2/12/2016 14:49:31] /r
[2/12/2016 14:49:32] /r
[2/12/2016 14:49:34] /i 5107
[2/12/2016 14:49:47] /reload action
[2/12/2016 14:49:51] /r
[2/12/2016 14:49:51] /r
[2/12/2016 14:49:52] /r
[2/12/2016 14:49:54] /i 5107
[2/12/2016 14:51:28] /reload action
[2/12/2016 14:52:27] /reload action
[2/12/2016 14:52:29] /r
[2/12/2016 14:52:29] /r
[2/12/2016 14:52:30] /r
[2/12/2016 14:52:32] /i 5107
[2/12/2016 15:1:5] /town 6
[2/12/2016 15:4:42] /reload npc
[2/12/2016 15:5:9] /reload npc
[2/12/2016 15:7:20] /reload npc
[2/12/2016 15:7:27] /reload npc
[2/12/2016 15:8:22] /reload npc
[2/12/2016 15:9:20] /reload npc
[2/12/2016 15:10:9] /reload npc
[2/12/2016 16:5:7] /i 3001
[2/12/2016 16:5:11] /r
[2/12/2016 16:5:49] /addskill god vovozona, level 2
[2/12/2016 16:5:52] /addskill god vovozona, level, 1
[2/12/2016 16:5:54] /addskill god vovozona, level, 9
[2/12/2016 16:5:56] /addskill god vovozona, level, 1
[2/12/2016 16:7:56] /i 2294
[2/12/2016 16:8:36] /m bad bug
[2/12/2016 16:8:47] /m training monk
[2/12/2016 16:8:50] /m training monk
[2/12/2016 16:48:27] /down 2
[2/12/2016 16:48:56] /r
[2/12/2016 16:48:57] /r
[2/12/2016 16:48:58] /r
[2/12/2016 16:50:14] /i 5107
[2/12/2016 16:50:19] /r
[2/12/2016 16:51:16] /reload action
[2/12/2016 16:51:22] /r
[2/12/2016 16:51:31] /r
[2/12/2016 16:51:32] /r
[2/12/2016 16:52:13] /reload action
[2/12/2016 16:54:19] /town 6
[2/12/2016 16:55:3] /reload mods
[2/12/2016 16:55:7] /m bad bug
[2/12/2016 16:55:11] /m bad rabbit
[2/12/2016 16:55:16] /m hero hacker
[2/12/2016 16:56:16] /m Training Monk
[2/12/2016 16:57:2] /i 1981
[2/12/2016 16:58:21] /i 1987
[2/12/2016 17:7:6] /i letteer
[2/12/2016 17:7:7] /i letter
[2/12/2016 17:7:24] /i 2598
[2/12/2016 17:7:33] /i 2599
[2/12/2016 17:7:35] /i 2596
[2/12/2016 17:7:39] /i 2600
[2/12/2016 17:19:59] /reload mods
[2/12/2016 17:22:40] /i club
[2/12/2016 17:23:16] /i apple
[2/12/2016 17:23:18] /i appla
[2/12/2016 17:23:21] /i red apple
[2/12/2016 17:24:1] /reload mods
[2/12/2016 17:25:17] /i health mana potion
[2/12/2016 17:25:37] /i strong mana potion
[2/12/2016 17:25:51] /i great mana potion
[2/12/2016 17:28:17] /reload mods
[2/12/2016 17:30:10] /r
[2/12/2016 17:30:12] /i 2120
[2/12/2016 17:30:16] /r
[2/12/2016 17:30:18] /i 1988
[2/12/2016 17:30:21] /i 2120
[2/12/2016 17:33:51] /reload mods
[2/12/2016 17:43:52] /reload mods
[2/12/2016 17:43:54] /reload mods
[2/12/2016 17:43:55] /reload mods
[2/12/2016 17:47:2] /i picture landscape
[2/12/2016 17:47:6] /i landscape
[2/12/2016 17:47:22] /i 1831
[2/12/2016 17:47:27] /i 1835
[2/12/2016 17:47:32] /i 1837
[2/12/2016 17:48:12] /i 1857
[3/12/2016 18:36:35] /town 1
[3/12/2016 18:36:37] /town 2
[3/12/2016 18:36:38] /town 1
[3/12/2016 18:37:11] /addskill test bank, level, 9999
[3/12/2016 18:38:16] /goto rotworm
[3/12/2016 18:38:19] /goto orc
[3/12/2016 18:38:25] /goto orc berserker
[3/12/2016 18:38:30] /goto ice golem
[3/12/2016 18:38:43] /goto test bank
[3/12/2016 18:39:53] /goto dragon lord
[3/12/2016 18:40:0] /goto ice golem
[3/12/2016 18:40:14] /c test bank
[3/12/2016 18:40:23] /goto test bank
[3/12/2016 18:40:32] /c test bank
[3/12/2016 18:41:24] /b nem ta tão ruim. pra fala a verdade ainda ta + completo q a poha do global q tava fazendo... aqui é pouca coisa pra fazer... lá é tipo, mts coisas principalmente npcs
[3/12/2016 18:42:51] /goto test bank
[3/12/2016 18:42:54] /goto test bank
[3/12/2016 18:42:55] /goto test bank
[3/12/2016 18:42:56] /goto test bank
[3/12/2016 18:42:57] /goto test bank
[3/12/2016 18:43:27] /c test bak
[3/12/2016 18:43:31] /c test bank
[3/12/2016 18:52:47] /i 1307
[3/12/2016 18:52:48] /r
[3/12/2016 18:52:51] /i 1357
[3/12/2016 18:52:53] /r
[3/12/2016 19:8:48] /save
[3/12/2016 19:8:49] /shutdown
[4/12/2016 9:58:34] /town 1
[7/12/2016 10:10:46] /c test bank
[7/12/2016 10:12:1] /c test bank
[7/12/2016 10:22:32] /reload npc
[7/12/2016 10:27:37] /save
[7/12/2016 12:2:30] /town thais
[7/12/2016 12:6:32] /town thais
[7/12/2016 12:58:27] /ghost
[7/12/2016 12:58:27] /ghost
[7/12/2016 12:58:39] /ghost
[7/12/2016 12:58:45] /ghost
[7/12/2016 13:2:18] /town thais
[7/12/2016 13:2:24] /save
[7/12/2016 13:49:44] /up
[7/12/2016 13:52:7] /town thais
[7/12/2016 13:54:46] /save
[7/12/2016 17:55:28] /save
[7/12/2016 18:2:50] /down
[7/12/2016 18:3:5] /up
[7/12/2016 18:3:8] /m demon
[7/12/2016 18:3:10] /m demon
[7/12/2016 18:3:12] /down
[7/12/2016 18:3:18] /up
[7/12/2016 18:3:27] /r
[7/12/2016 18:3:29] /r
[7/12/2016 18:6:8] /save
[7/12/2016 19:24:24] /goto test bank
[7/12/2016 19:24:37] /attr group 7
[7/12/2016 19:26:12] /goto god raniere
[7/12/2016 19:26:18] /town venore
[7/12/2016 19:26:21] /c god raniere
[7/12/2016 19:26:26] /c god raniere
[7/12/2016 19:26:28] /c god raniere
[7/12/2016 19:27:7] /c god raniere
[7/12/2016 19:27:12] /c god raniere
[7/12/2016 19:27:42] /c god raniere
[7/12/2016 19:27:48] /r
[7/12/2016 19:27:50] /town thais
[7/12/2016 19:27:57] /c god raniere
[7/12/2016 19:28:43] /down
[7/12/2016 19:29:0] /up
[7/12/2016 19:29:34] /down
[7/12/2016 19:29:35] /up
[7/12/2016 19:30:5] /r
[7/12/2016 19:30:8] /r
[7/12/2016 19:31:44] /i 5771
[7/12/2016 19:31:45] /i 5771
[7/12/2016 19:31:46] /i 5771
[7/12/2016 19:31:46] /i 5771
[7/12/2016 19:31:46] /i 5771
[7/12/2016 19:31:47] /i 5771
[7/12/2016 19:31:47] /i 5771
[7/12/2016 19:31:48] /i 5771
[7/12/2016 19:31:48] /i 5771
[7/12/2016 19:31:51] /i 5770
[7/12/2016 19:31:53] /r
[7/12/2016 19:31:53] /r
[7/12/2016 19:31:56] /i 5772
[7/12/2016 19:31:59] /i 5774
[7/12/2016 19:32:0] /i 5774
[7/12/2016 19:32:0] /i 5774
[7/12/2016 19:32:1] /i 5774
[7/12/2016 19:32:2] /i 5774
[7/12/2016 19:32:2] /i 5774
[7/12/2016 19:32:3] /i 5774
[7/12/2016 19:32:4] /i 5774
[7/12/2016 19:32:4] /i 5774
[7/12/2016 19:32:5] /i 5774
[7/12/2016 19:32:6] /i 5774
[7/12/2016 19:32:7] /i 5774
[7/12/2016 19:32:7] /i 5774
[7/12/2016 19:32:8] /i 5774
[7/12/2016 19:32:15] /i 5774
[7/12/2016 19:32:16] /i 5774
[7/12/2016 19:32:17] /i 5774
[7/12/2016 19:32:18] /i 5774
[7/12/2016 19:32:20] /i 5770
[7/12/2016 19:32:23] /i 5771
[7/12/2016 19:32:23] /i 5771
[7/12/2016 19:32:24] /i 5771
[7/12/2016 19:32:25] /i 5771
[7/12/2016 19:32:27] /i 5774
[7/12/2016 19:32:52] /i 5774
[7/12/2016 19:32:53] /i 5774
[7/12/2016 19:32:54] /i 5774
[7/12/2016 19:32:55] /i 5774
[7/12/2016 19:32:58] /i 5770
[7/12/2016 19:33:1] /i 5771
[7/12/2016 19:33:2] /i 5771
[7/12/2016 19:33:2] /i 5771
[7/12/2016 19:33:3] /i 5771
[7/12/2016 19:33:3] /i 5771
[7/12/2016 19:33:4] /i 5771
[7/12/2016 19:33:5] /r
[7/12/2016 19:33:8] /r
[7/12/2016 19:33:9] /r
[7/12/2016 19:33:11] /i 5774
[7/12/2016 19:33:19] /i 5774
[7/12/2016 19:33:20] /i 5774
[7/12/2016 19:33:24] /r
[7/12/2016 19:33:25] /i 5774
[7/12/2016 19:33:25] /i 5774
[7/12/2016 19:33:29] /i 5771
[7/12/2016 19:33:30] /i 5771
[7/12/2016 19:33:31] /i 5771
[7/12/2016 19:33:32] /i 5771
[7/12/2016 19:40:57] /save
[7/12/2016 19:42:0] /down
[7/12/2016 19:42:1] /m demon
[7/12/2016 19:42:2] /m demon
[7/12/2016 19:42:4] /m demon
[7/12/2016 19:42:13] /up
[7/12/2016 19:42:42] /down
[7/12/2016 19:42:53] /up
[7/12/2016 19:47:51] /goto god raniere
[7/12/2016 19:48:52] /i pigeon trophy
[7/12/2016 19:49:1] /i puppets
[7/12/2016 19:49:6] /i 10107
[7/12/2016 19:57:47] /clean
[7/12/2016 19:57:56] /clean
[7/12/2016 19:57:57] /clean
[7/12/2016 19:57:59] /clean
[7/12/2016 19:58:17] /i frozen starlight
[7/12/2016 19:58:21] /i frozen starlight
[7/12/2016 19:58:22] /i frozen starlight
[7/12/2016 19:58:24] /i frozen starlight
[7/12/2016 19:58:25] /i frozen starlight
[7/12/2016 19:58:26] /i frozen starlight
[7/12/2016 19:58:28] /i frozen starlight
[7/12/2016 19:58:29] /i frozen starlight
[7/12/2016 19:58:31] /i frozen starlight
[7/12/2016 19:58:34] /i frozen starlight
[7/12/2016 19:58:35] /i frozen starlight
[7/12/2016 19:58:36] /i frozen starlight
[7/12/2016 19:58:38] /i frozen starlight
[7/12/2016 19:58:39] /i frozen starlight
[7/12/2016 19:58:41] /i frozen starlight
[7/12/2016 19:58:42] /i frozen starlight
[7/12/2016 19:58:44] /i frozen starlight
[7/12/2016 19:58:45] /i frozen starlight
[7/12/2016 20:9:6] /b Check
[7/12/2016 20:10:14] /b << (x2)
[7/12/2016 20:11:8] /r
[7/12/2016 20:11:9] /r
[7/12/2016 20:11:10] /r
[7/12/2016 20:11:16] /i 2632
[7/12/2016 20:13:2] /clean
[7/12/2016 20:13:3] /clean
[7/12/2016 20:13:3] /clean
[7/12/2016 20:13:4] /clean
[7/12/2016 20:13:4] /clean
[7/12/2016 20:13:5] /clean
[7/12/2016 20:13:5] /clean
[7/12/2016 20:13:8] /clean
[7/12/2016 20:14:1] /i 2624
[7/12/2016 20:15:0] /clean
[7/12/2016 20:15:22] /i 2625
[7/12/2016 20:15:29] /clean
[7/12/2016 20:16:37] /clean
[7/12/2016 20:17:50] /clean
[7/12/2016 20:19:39] /clean
[7/12/2016 20:20:37] /clean
[7/12/2016 20:21:35] /clean
[7/12/2016 20:22:20] /clean
[7/12/2016 20:24:0] /clean
[7/12/2016 20:24:53] /clean
[7/12/2016 20:25:1] /town thais
[8/12/2016 19:6:6] /up
[8/12/2016 19:6:27] /down
[8/12/2016 19:6:50] /r
[8/12/2016 19:6:51] /r
[8/12/2016 19:6:53] /r
[8/12/2016 19:6:54] /r
[8/12/2016 19:6:54] /r
[8/12/2016 19:6:55] /r
[8/12/2016 19:6:55] /r
[8/12/2016 19:6:55] /r
[8/12/2016 19:6:57] /r
[8/12/2016 19:6:58] /r
[8/12/2016 19:7:0] /r
[8/12/2016 19:7:2] /r
[8/12/2016 19:7:48] /up
[8/12/2016 19:7:49] /up
[8/12/2016 19:7:51] /up
[9/12/2016 13:31:14] /town venore
[9/12/2016 13:31:56] /reload action
[9/12/2016 13:32:57] /c test bank
[9/12/2016 13:34:53] /i 2160
[9/12/2016 13:38:23] /save
[11/12/2016 1:33:4] /town 16
[11/12/2016 1:34:36] /save
[11/12/2016 1:37:20] /town 6
[11/12/2016 1:38:18] /save
[13/12/2016 1:40:39] /town carlin
[13/12/2016 1:43:13] /town rookgaard
[13/12/2016 1:45:24] /i bucket
[13/12/2016 1:45:31] /down
[13/12/2016 1:45:32] /up
[13/12/2016 1:45:52] /down
[13/12/2016 1:45:55] /up
[13/12/2016 2:35:48] /r
[13/12/2016 2:35:57] /save
[13/12/2016 16:21:2] /town ab'dendriel
[13/12/2016 16:21:15] /up
[13/12/2016 16:22:2] /save
[16/12/2016 21:56:39] /i firefield
[16/12/2016 21:56:43] /i fire field
[16/12/2016 21:56:44] /i fire field
[16/12/2016 21:56:47] /m grim reaper
[16/12/2016 21:57:43] /r
[16/12/2016 21:57:49] /m ghasty dragon
[16/12/2016 21:57:56] /m ghastly dragon
[16/12/2016 21:59:0] /r
[16/12/2016 21:59:2] /r
[16/12/2016 21:59:2] /r
[16/12/2016 21:59:6] /i energy field
[16/12/2016 21:59:7] /i energy field
[16/12/2016 21:59:11] /m grim reaper
[16/12/2016 21:59:21] /r
[16/12/2016 21:59:22] /r
[16/12/2016 22:0:38] /m undead dragon
[16/12/2016 22:1:33] /r
[16/12/2016 22:1:40] /i fire field
[16/12/2016 22:1:41] /i fire field
[16/12/2016 22:1:44] /i energy field
[16/12/2016 22:1:44] /i energy field
[16/12/2016 22:1:45] /i energy field
[16/12/2016 22:1:47] /m grim reaper
[16/12/2016 22:2:37] /i fire field
[16/12/2016 22:2:37] /i fire field
[16/12/2016 22:2:38] /i fire field
[16/12/2016 22:4:2] /r
[16/12/2016 22:4:2] /r
[16/12/2016 22:4:13] /r
[16/12/2016 22:4:14] /r
[16/12/2016 22:4:15] /r
[16/12/2016 22:4:21] /i 1304
[16/12/2016 22:4:22] /r
[16/12/2016 22:4:26] /r
[16/12/2016 22:4:27] /r
[16/12/2016 22:4:30] /i fire field
[16/12/2016 22:4:31] /i fire field
[16/12/2016 22:4:32] /i fire field
[16/12/2016 22:4:34] /i fire field
[16/12/2016 22:4:34] /i fire field
[16/12/2016 22:4:35] /i fire field
[16/12/2016 22:4:36] /i fire field
[16/12/2016 22:4:41] /i fire field
[16/12/2016 22:4:43] /i fire field
[16/12/2016 22:4:45] /i fire field
[16/12/2016 22:4:45] /i fire field
[16/12/2016 22:6:17] /save
[21/12/2016 10:55:50] /town thais
[21/12/2016 11:1:9] /i letther
[21/12/2016 11:1:11] /i letter
[21/12/2016 11:11:2] /town 6
[21/12/2016 11:16:3] /reload npc
[21/12/2016 11:22:31] /reload npc
[21/12/2016 11:25:26] /reload npc
[21/12/2016 11:29:24] /town thais
[21/12/2016 11:30:35] /goto paulie
[21/12/2016 11:32:23] /reload npc
[21/12/2016 11:35:2] /reload npc
[21/12/2016 11:36:10] /save
[21/12/2016 12:59:57] /save
[21/12/2016 17:31:19] /town thais
[21/12/2016 17:34:5] /save
[21/12/2016 20:49:14] /town venore
[21/12/2016 20:49:57] /town ab'dendriel
[21/12/2016 20:50:55] /town rookgaard
[21/12/2016 20:51:12] /save
