[2/12/2016 12:58:40] /i sword
[2/12/2016 13:12:36] /r
[2/12/2016 13:12:39] /r
[2/12/2016 13:12:41] /r
[2/12/2016 13:12:44] /r
[2/12/2016 13:14:22] /town 1
[2/12/2016 13:14:25] /town 2
[2/12/2016 13:15:5] /down
[2/12/2016 13:15:15] /down
[2/12/2016 13:16:35] /down
[2/12/2016 13:16:36] /down
[2/12/2016 13:16:49] /up
[2/12/2016 13:16:49] /up
[2/12/2016 13:17:10] /down
[2/12/2016 13:19:8] /down
[2/12/2016 13:28:10] /town thais
[2/12/2016 13:29:6] /r
[2/12/2016 13:29:9] /town thais
[2/12/2016 13:31:14] /up
[2/12/2016 13:31:16] /up
[2/12/2016 13:39:54] /goto god testando
[2/12/2016 13:40:3] /goto rat
[2/12/2016 13:40:19] /goto rat
[2/12/2016 13:41:2] /up
[2/12/2016 13:41:55] /up
[2/12/2016 13:44:18] /up
[2/12/2016 13:44:19] /up
[2/12/2016 13:44:41] /down
[2/12/2016 13:44:44] /down
[2/12/2016 13:44:59] /up
[2/12/2016 13:45:1] /up
[2/12/2016 13:47:28] /up
[2/12/2016 13:48:5] /r
[2/12/2016 13:48:10] /r
[2/12/2016 13:48:12] /r
[2/12/2016 13:48:14] /r
[2/12/2016 13:52:25] /down
[2/12/2016 13:52:27] /down
[2/12/2016 13:52:29] /down
[2/12/2016 13:52:54] /up
