[7/12/2016 19:26:12] /goto god vovozona
[7/12/2016 19:26:20] /town venore
[7/12/2016 19:26:26] /c god vovozona
[7/12/2016 19:26:27] /c god vovozona
[7/12/2016 19:26:28] /c god vovozona
[7/12/2016 19:26:35] /c god vovozona
[7/12/2016 19:27:34] /m dragon lord
[7/12/2016 19:27:42] /c god vovozona
[7/12/2016 19:28:53] /down
[7/12/2016 19:29:3] /up
[7/12/2016 19:32:22] /i 5771
[7/12/2016 19:32:23] /i 5771
[7/12/2016 19:32:25] /i 5771
[7/12/2016 19:32:26] /i 5771
[7/12/2016 19:32:28] /i 5771
[7/12/2016 19:32:28] /i 5771
[7/12/2016 19:32:32] /i 5771
[7/12/2016 19:32:34] /i 5771
[7/12/2016 19:32:35] /i 5771
[7/12/2016 19:42:21] /down
[7/12/2016 19:42:39] /up
[7/12/2016 19:47:50] /c god vovozona
[7/12/2016 19:56:20] /i torch
[7/12/2016 19:58:36] /i 
[7/12/2016 20:11:7] /m king
[7/12/2016 20:11:10] /c king
[7/12/2016 20:13:9] /r
[7/12/2016 20:15:24] /i 2625
[7/12/2016 20:15:24] /i 2625
[7/12/2016 20:15:25] /i 2625
[7/12/2016 20:15:25] /i 2625
[7/12/2016 20:15:30] /clean
[7/12/2016 20:25:2] /shutdown
