[6/5/2023 13:43:22] /i 2160
[6/5/2023 13:43:25] /ghost
[6/5/2023 13:45:58] /i 2160
[6/5/2023 13:46:2] /i 2160
[6/5/2023 13:46:8] /i 2000
[6/5/2023 13:47:12] /items
[6/5/2023 13:48:50] /storage
[6/5/2023 14:16:4] /i 2516
[6/5/2023 14:16:8] /goto eternal flames
[6/5/2023 14:17:7] /down
[6/5/2023 14:33:2] /i 12507
[6/5/2023 14:33:7] /i 12506
[6/5/2023 14:33:9] /i 12505
[6/5/2023 14:33:15] /i 12708
[6/5/2023 14:33:35] /i 12706
[6/5/2023 14:33:37] /i 12707
[6/5/2023 14:33:39] /i 12709
[6/5/2023 14:33:41] /i 12710
[6/5/2023 14:33:54] /i 12711
[6/5/2023 14:33:57] /i 12712
[6/5/2023 14:34:6] /i 12715
[6/5/2023 14:34:9] /r
[6/5/2023 14:34:13] /r
[6/5/2023 14:34:26] /i 12715
[6/5/2023 14:34:48] /r
[6/5/2023 14:34:51] /i 12716
[6/5/2023 14:34:54] /i 12716
[6/5/2023 14:35:11] /i 12717
[6/5/2023 14:35:27] /i 12718
[6/5/2023 14:35:32] /i 12719
[6/5/2023 14:35:36] /i 12720
[6/5/2023 14:35:41] /r
[6/5/2023 14:35:44] /i 12722
[6/5/2023 14:35:47] /r
[6/5/2023 14:35:50] /i 12700
[6/5/2023 14:35:56] /i 12699
[6/5/2023 14:36:8] /r
[6/5/2023 14:36:11] /i 12698
[6/5/2023 14:36:18] /i 12697
[6/5/2023 14:36:21] /r
[6/5/2023 14:36:23] /i 12696
[6/5/2023 14:36:25] /r
[6/5/2023 14:36:27] /r
[6/5/2023 14:38:27] /i 12854
[6/5/2023 14:38:55] /i 12840
[6/5/2023 14:39:29] /i 12686
[6/5/2023 14:39:47] /i 12668
[6/5/2023 14:39:48] /i 12668
[6/5/2023 14:39:49] /i 12668
[6/5/2023 14:39:51] /i 12668
[6/5/2023 14:40:39] /i 12328
[6/5/2023 14:41:28] /town yurots
[6/5/2023 14:41:38] /i 12805
[6/5/2023 14:41:40] /i 12805
[6/5/2023 14:42:36] /i 2000
[6/5/2023 14:42:38] /i 2000
[6/5/2023 14:42:48] /i 12668
[6/5/2023 14:42:52] /i 12668
[6/5/2023 14:42:52] /i 12668
[6/5/2023 14:42:53] /i 12668
[6/5/2023 14:42:56] /i 12668
[6/5/2023 14:42:57] /i 12668
[6/5/2023 14:42:57] /i 12668
[6/5/2023 14:42:58] /i 12668
[6/5/2023 14:42:58] /i 12668
[6/5/2023 14:42:59] /i 12668
[6/5/2023 14:42:59] /i 12668
[6/5/2023 14:43:0] /i 12668
[6/5/2023 14:43:0] /i 12668
[6/5/2023 14:43:0] /i 12668
[6/5/2023 14:43:1] /i 12668
[6/5/2023 14:43:1] /i 12668
[6/5/2023 14:43:1] /i 12668
[6/5/2023 14:43:2] /i 12668
[6/5/2023 14:46:24] /i 12686
[6/5/2023 14:46:26] /i 12686
[6/5/2023 14:46:27] /i 12686
[6/5/2023 14:46:28] /i 12686
[6/5/2023 14:46:32] /i 12686
[6/5/2023 14:46:33] /i 12686
[6/5/2023 14:46:34] /i 12686
[6/5/2023 14:46:47] /i 12700
[6/5/2023 14:46:48] /i 12700
[6/5/2023 14:46:49] /i 12700
[6/5/2023 14:46:49] /i 12700
[6/5/2023 14:46:53] /i 12686
[6/5/2023 14:47:2] /i 12700
[6/5/2023 14:47:4] /i 12700
[6/5/2023 14:47:5] /i 12700
[6/5/2023 14:47:18] /i 12854
[6/5/2023 14:47:19] /i 12854
[6/5/2023 14:47:20] /i 12854
[6/5/2023 14:47:59] /i 12716
[6/5/2023 14:48:5] /i 2000
[6/5/2023 14:48:6] /i 2000
[6/5/2023 14:48:6] /i 2000
[6/5/2023 14:48:9] /i 2000
[6/5/2023 14:48:10] /i 2000
[6/5/2023 14:48:10] /i 2000
[6/5/2023 14:48:23] /i 12840
[6/5/2023 14:48:24] /i 12840
[6/5/2023 14:48:25] /i 12840
[6/5/2023 14:48:34] /i 12708
[6/5/2023 14:48:35] /i 12708
[6/5/2023 14:48:36] /i 12708
[6/5/2023 14:48:49] /i 12709
[6/5/2023 14:48:50] /i 12709
[6/5/2023 14:48:51] /i 12709
[6/5/2023 14:49:46] /i 12850
[6/5/2023 14:49:55] /i 12850
[6/5/2023 14:49:56] /i 12850
[6/5/2023 14:49:58] /i 12850
[6/5/2023 14:49:59] /i 12850
[6/5/2023 14:50:0] /i 12850
[6/5/2023 14:50:0] /i 12850
[6/5/2023 14:50:4] /i 12850
[6/5/2023 14:50:25] /i 12698 5
[6/5/2023 14:50:27] /i 12698 
[6/5/2023 14:50:29] /i 12698 
[6/5/2023 14:50:30] /i 12698 
[6/5/2023 14:50:31] /i 12698 
[6/5/2023 14:50:32] /i 12698 
[6/5/2023 14:50:33] /i 12698 
[6/5/2023 14:50:33] /i 12698 
[6/5/2023 14:50:34] /i 12698 
[6/5/2023 14:50:35] /i 12698 
[6/5/2023 14:50:35] /i 12698 
[6/5/2023 14:50:36] /i 12698 
[6/5/2023 14:50:37] /i 12698 
[6/5/2023 14:50:37] /i 12698 
[6/5/2023 14:50:38] /i 12698 
[6/5/2023 14:50:38] /i 12698 
[6/5/2023 14:50:38] /i 12698 
[6/5/2023 14:50:39] /i 12698 
[6/5/2023 14:50:39] /i 12698 
[6/5/2023 14:50:40] /i 12698 
[6/5/2023 14:50:53] /i 12698 
[6/5/2023 14:50:54] /i 12698 
[6/5/2023 14:50:54] /i 12698 
[6/5/2023 14:50:55] /i 12698 
[6/5/2023 14:50:55] /i 12698 
[6/5/2023 14:50:56] /i 12698 
[6/5/2023 14:50:56] /i 12698 
[6/5/2023 14:50:56] /i 12698 
[6/5/2023 14:50:57] /i 12698 
[6/5/2023 14:51:50] /i 12698 
[6/5/2023 14:51:51] /i 12698 
[6/5/2023 14:51:52] /i 12698 
[6/5/2023 14:51:52] /i 12698 
[6/5/2023 14:51:53] /i 12698 
[6/5/2023 14:51:53] /i 12698 
[6/5/2023 14:51:53] /i 12698 
[6/5/2023 14:51:53] /i 12698 
[6/5/2023 14:51:57] /i 12698 
[6/5/2023 14:51:58] /i 12698 
[6/5/2023 14:51:59] /i 12698 
[6/5/2023 14:53:7] /i 12707
[6/5/2023 14:53:8] /i 12707
[6/5/2023 14:53:8] /i 12707
[6/5/2023 14:53:9] /i 12707
[6/5/2023 14:53:9] /i 12707
[6/5/2023 14:53:10] /i 12707
[6/5/2023 14:53:10] /i 12707
[6/5/2023 14:53:28] /i 12707
[6/5/2023 14:53:29] /i 12707
[6/5/2023 14:53:29] /i 12707
[6/5/2023 14:53:30] /i 12707
[6/5/2023 14:54:7] /i 12707
[6/5/2023 14:54:8] /i 12707
[6/5/2023 14:54:8] /i 12707
[6/5/2023 14:54:9] /i 12707
[6/5/2023 14:54:9] /i 12707
[6/5/2023 14:54:10] /i 12707
[6/5/2023 14:54:10] /i 12707
[6/5/2023 14:54:10] /i 12707
[6/5/2023 14:54:27] /i 2000
[6/5/2023 14:54:41] /i 12850
[6/5/2023 14:54:46] /i 12850
[6/5/2023 14:54:46] /i 12850
[6/5/2023 14:54:47] /i 12850
[6/5/2023 14:54:47] /i 12850
[6/5/2023 14:54:47] /i 12850
[6/5/2023 14:54:48] /i 12850
[6/5/2023 14:54:48] /i 12850
[6/5/2023 14:54:48] /i 12850
[6/5/2023 14:54:57] /i 12850
[6/5/2023 14:54:57] /i 12850
[6/5/2023 14:54:58] /i 12850
[6/5/2023 14:55:8] /i 2000
[6/5/2023 14:55:24] /i 12854
[6/5/2023 14:55:26] /i 12854
[6/5/2023 14:55:26] /i 12854
[6/5/2023 14:55:27] /i 12854
[6/5/2023 14:55:27] /i 12854
[6/5/2023 14:55:27] /i 12854
[6/5/2023 14:55:28] /i 12854
[6/5/2023 14:55:28] /i 12854
[6/5/2023 14:55:28] /i 12854
[6/5/2023 14:55:29] /i 12854
[6/5/2023 14:55:39] /i 12854
[6/5/2023 14:55:39] /i 12854
[6/5/2023 14:55:40] /i 12854
[6/5/2023 14:55:40] /i 12854
[6/5/2023 14:55:40] /i 12854
[6/5/2023 14:55:41] /i 12854
[6/5/2023 14:56:11] /i 12861
[6/5/2023 14:56:15] /i 12861
[6/5/2023 14:56:16] /i 12861
[6/5/2023 14:56:16] /i 12861
[6/5/2023 14:56:17] /i 12861
[6/5/2023 14:56:17] /i 12861
[6/5/2023 14:56:17] /i 12861
[6/5/2023 14:56:18] /i 12861
[6/5/2023 14:56:29] /i 2000
[6/5/2023 14:57:0] /i 12833
[6/5/2023 14:57:20] /i 12833
[6/5/2023 14:57:21] /i 12833
[6/5/2023 14:57:22] /i 12833
[6/5/2023 14:57:51] /i 12847
[6/5/2023 14:58:5] /i 12847
[6/5/2023 14:58:6] /i 12847
[6/5/2023 14:58:7] /i 12847
[6/5/2023 14:58:7] /i 12847
[6/5/2023 14:58:8] /i 12847
[6/5/2023 14:58:10] /i 12847
[6/5/2023 14:58:11] /i 12847
[6/5/2023 14:58:11] /i 12847
[6/5/2023 14:58:13] /i 12847
[6/5/2023 14:58:17] /i 2000
[6/5/2023 14:58:22] /i 12847
[6/5/2023 14:58:28] /i 12847
[6/5/2023 14:58:29] /i 12847
[6/5/2023 14:58:29] /i 12847
[6/5/2023 14:58:30] /i 12847
[6/5/2023 14:58:32] /i 12847
[6/5/2023 14:58:33] /i 12847
[6/5/2023 14:58:34] /i 12847
[6/5/2023 14:58:35] /i 12847
[6/5/2023 14:58:35] /i 12847
[6/5/2023 14:58:35] /i 12847
[6/5/2023 14:59:16] /i 12800
[6/5/2023 14:59:40] /i 12799
[6/5/2023 14:59:44] /i 12798
[6/5/2023 14:59:47] /i 12797
[6/5/2023 14:59:50] /i 12796
[6/5/2023 14:59:53] /i 12795
[6/5/2023 14:59:56] /i 12794
[6/5/2023 15:0:16] /r
[6/5/2023 15:0:38] /i 12773
[6/5/2023 15:0:40] /i 12773
[6/5/2023 15:0:40] /i 12773
[6/5/2023 15:0:41] /i 12773
[6/5/2023 15:0:44] /i 12773
[6/5/2023 15:1:7] /i 12774
[6/5/2023 15:1:18] /i 12772
[6/5/2023 15:23:35] /goto eternal flames
[6/5/2023 15:24:35] /goto eternal flames
[6/5/2023 15:25:2] /i 12734
[6/5/2023 15:25:15] /i 12748
[6/5/2023 15:26:6] /i 12683
[6/5/2023 15:31:35] /town yurots
[6/5/2023 15:32:8] /i 12900
[6/5/2023 15:32:11] /i 12900
[6/5/2023 15:32:19] /i 12898
[6/5/2023 15:32:20] /i 12898
[6/5/2023 15:32:25] /i 12896
[6/5/2023 15:32:26] /i 12896
[6/5/2023 15:32:33] /i 2000
[6/5/2023 15:33:16] /i 12727
[6/5/2023 15:33:49] /i 12832
[6/5/2023 15:34:26] /i 12899
[6/5/2023 15:34:27] /i 12899
[6/5/2023 15:34:29] /i 12899
[6/5/2023 15:34:34] /i 12900
[6/5/2023 15:34:43] /i 12897
[6/5/2023 15:34:44] /i 12897
[6/5/2023 15:34:48] /i 12895
[6/5/2023 15:34:49] /i 12895
[6/5/2023 15:34:51] /i 12895
[6/5/2023 15:34:53] /i 12897
[6/5/2023 15:37:29] /town yurots
[6/5/2023 15:38:15] /i 12840
[6/5/2023 15:38:52] /i 12707
[6/5/2023 15:38:58] /up
[6/5/2023 15:39:8] /down
[6/5/2023 15:39:31] /i 12651
[6/5/2023 15:39:43] /i 12647
[6/5/2023 15:39:48] /r
[6/5/2023 15:40:15] /i 12424
[6/5/2023 15:40:22] /i 12424
[6/5/2023 15:41:2] /i 11116
[6/5/2023 15:41:38] /i 10309
[6/5/2023 15:41:59] /i 10311
[6/5/2023 15:42:3] /r
[6/5/2023 15:42:35] /i 8872
[6/5/2023 15:42:40] /i 8871
[6/5/2023 15:43:26] /i 8304
[6/5/2023 15:43:31] /r
[6/5/2023 15:44:41] /i 2000
[6/5/2023 15:45:6] /goto adm
[6/5/2023 15:45:10] /goto admnistrator
[6/5/2023 15:46:19] /town yurots
[6/5/2023 15:46:33] /i 12698
[6/5/2023 15:46:34] /i 12698
[6/5/2023 15:46:34] /i 12698
[6/5/2023 15:46:35] /i 12698
[6/5/2023 15:46:35] /i 12698
[6/5/2023 15:46:35] /i 12698
[6/5/2023 15:46:35] /i 12698
[6/5/2023 15:46:36] /i 12698
[6/5/2023 15:46:36] /i 12698
[6/5/2023 15:46:38] /i 12698
[6/5/2023 15:46:39] /i 12698
[6/5/2023 15:46:39] /i 12698
[6/5/2023 15:46:39] /i 12698
[6/5/2023 15:46:39] /i 12698
[6/5/2023 15:46:40] /i 12698
[6/5/2023 15:46:40] /i 12698
[6/5/2023 15:46:41] /i 12698
[6/5/2023 15:46:41] /i 12698
[6/5/2023 15:46:41] /i 12698
[6/5/2023 15:46:42] /i 12698
[6/5/2023 15:47:11] /i 2000
[6/5/2023 15:47:33] /goto eternal~
[6/5/2023 15:47:42] /i 2000
[6/5/2023 15:47:43] /i 2000
[6/5/2023 15:47:43] /i 2000
[6/5/2023 15:47:44] /i 2000
[6/5/2023 15:47:45] /i 2000
[6/5/2023 15:47:56] /i 12805
[6/5/2023 15:47:57] /i 12805
[6/5/2023 15:47:57] /i 12805
[6/5/2023 15:47:57] /i 12805
[6/5/2023 15:47:58] /i 12805
[6/5/2023 15:47:58] /i 12805
[6/5/2023 15:47:58] /i 12805
[6/5/2023 15:47:59] /i 12805
[6/5/2023 15:47:59] /i 12805
[6/5/2023 15:47:59] /i 12805
[6/5/2023 15:47:59] /i 12805
[6/5/2023 15:48:0] /i 12805
[6/5/2023 15:48:0] /i 12805
[6/5/2023 15:48:0] /i 12805
[6/5/2023 15:48:1] /i 12805
[6/5/2023 15:48:1] /i 12805
[6/5/2023 15:48:3] /i 12805
[6/5/2023 15:48:3] /i 12805
[6/5/2023 15:48:4] /i 12805
[6/5/2023 15:48:4] /i 12805
[6/5/2023 15:48:4] /i 12805
[6/5/2023 15:48:5] /i 12805
[6/5/2023 15:48:5] /i 12805
[6/5/2023 15:48:5] /i 12805
[6/5/2023 15:48:5] /i 12805
[6/5/2023 15:48:6] /i 12805
[6/5/2023 15:48:6] /i 12805
[6/5/2023 15:48:6] /i 12805
[6/5/2023 15:48:7] /i 12805
[6/5/2023 15:48:7] /i 12805
[6/5/2023 15:48:7] /i 12805
[6/5/2023 15:48:9] /i 12805
[6/5/2023 15:48:9] /i 12805
[6/5/2023 15:48:10] /i 12805
[6/5/2023 15:48:10] /i 12805
[6/5/2023 15:48:10] /i 12805
[6/5/2023 15:48:10] /i 12805
[6/5/2023 15:48:11] /i 12805
[6/5/2023 15:48:11] /i 12805
[6/5/2023 15:48:11] /i 12805
[6/5/2023 15:48:12] /i 12805
[6/5/2023 15:48:12] /i 12805
[6/5/2023 15:48:12] /i 12805
[6/5/2023 15:48:12] /i 12805
[6/5/2023 15:48:13] /i 12805
[6/5/2023 15:48:13] /i 12805
[6/5/2023 15:48:13] /i 12805
[6/5/2023 15:48:14] /i 12805
[6/5/2023 15:48:14] /i 12805
[6/5/2023 15:48:14] /i 12805
[6/5/2023 15:48:15] /i 12805
[6/5/2023 15:48:15] /i 12805
[6/5/2023 15:48:15] /i 12805
[6/5/2023 15:48:16] /i 12805
[6/5/2023 15:48:16] /i 12805
[6/5/2023 15:48:16] /i 12805
[6/5/2023 15:48:16] /i 12805
[6/5/2023 15:48:17] /i 12805
[6/5/2023 15:48:17] /i 12805
[6/5/2023 15:48:17] /i 12805
[6/5/2023 15:48:18] /i 12805
[6/5/2023 15:48:18] /i 12805
[6/5/2023 15:48:18] /i 12805
[6/5/2023 15:48:19] /i 12805
[6/5/2023 15:48:19] /i 12805
[6/5/2023 15:48:19] /i 12805
[6/5/2023 15:48:20] /i 12805
[6/5/2023 15:48:20] /i 12805
[6/5/2023 15:48:20] /i 12805
[6/5/2023 15:48:21] /i 12805
[6/5/2023 15:48:21] /i 12805
[6/5/2023 15:48:21] /i 12805
[6/5/2023 15:48:22] /i 12805
[6/5/2023 15:48:22] /i 12805
[6/5/2023 15:48:22] /i 12805
[6/5/2023 15:48:31] /i 12805
[6/5/2023 15:48:32] /i 12805
[6/5/2023 15:48:32] /i 12805
[6/5/2023 15:48:32] /i 12805
[6/5/2023 15:48:33] /i 12805
[6/5/2023 15:48:33] /i 12805
[6/5/2023 15:48:33] /i 12805
[6/5/2023 15:48:34] /i 12805
[6/5/2023 15:48:34] /i 12805
[6/5/2023 15:48:34] /i 12805
[6/5/2023 15:48:43] /i 12805
[6/5/2023 15:48:43] /i 12805
[6/5/2023 15:48:43] /i 12805
[6/5/2023 15:48:44] /i 12805
[6/5/2023 15:48:44] /i 12805
[6/5/2023 15:48:44] /i 12805
[6/5/2023 15:48:44] /i 12805
[6/5/2023 15:48:44] /i 12805
[6/5/2023 15:48:44] /i 12805
[6/5/2023 15:48:45] /i 12805
[6/5/2023 15:48:45] /i 12805
[6/5/2023 15:48:45] /i 12805
[6/5/2023 15:48:46] /i 12805
[6/5/2023 15:48:46] /i 12805
[6/5/2023 15:48:46] /i 12805
[6/5/2023 15:48:47] /i 12805
[6/5/2023 15:48:47] /i 12805
[6/5/2023 15:48:47] /i 12805
[6/5/2023 15:48:47] /i 12805
[6/5/2023 15:48:47] /i 12805
[6/5/2023 15:48:48] /i 12805
[6/5/2023 15:48:48] /i 12805
[6/5/2023 15:50:10] /i 2000
[6/5/2023 15:50:13] /i 2000
[6/5/2023 15:50:14] /i 2000
[6/5/2023 15:50:15] /i 2000
[6/5/2023 15:50:15] /i 2000
[6/5/2023 15:50:22] /i 12804
[6/5/2023 15:50:22] /i 12804
[6/5/2023 15:50:24] /i 12804
[6/5/2023 15:50:24] /i 12804
[6/5/2023 15:50:24] /i 12804
[6/5/2023 15:50:25] /i 12804
[6/5/2023 15:50:25] /i 12804
[6/5/2023 15:50:25] /i 12804
[6/5/2023 15:50:25] /i 12804
[6/5/2023 15:50:25] /i 12804
[6/5/2023 15:50:25] /i 12804
[6/5/2023 15:50:26] /i 12804
[6/5/2023 15:50:26] /i 12804
[6/5/2023 15:50:26] /i 12804
[6/5/2023 15:50:26] /i 12804
[6/5/2023 15:50:27] /i 12804
[6/5/2023 15:50:27] /i 12804
[6/5/2023 15:50:27] /i 12804
[6/5/2023 15:50:27] /i 12804
[6/5/2023 15:50:28] /i 12804
[6/5/2023 15:50:28] /i 12804
[6/5/2023 15:50:28] /i 12804
[6/5/2023 15:50:28] /i 12804
[6/5/2023 15:50:28] /i 12804
[6/5/2023 15:50:29] /i 12804
[6/5/2023 15:50:29] /i 12804
[6/5/2023 15:50:29] /i 12804
[6/5/2023 15:50:29] /i 12804
[6/5/2023 15:50:29] /i 12804
[6/5/2023 15:50:29] /i 12804
[6/5/2023 15:50:30] /i 12804
[6/5/2023 15:50:30] /i 12804
[6/5/2023 15:50:30] /i 12804
[6/5/2023 15:50:30] /i 12804
[6/5/2023 15:50:30] /i 12804
[6/5/2023 15:50:30] /i 12804
[6/5/2023 15:50:31] /i 12804
[6/5/2023 15:50:31] /i 12804
[6/5/2023 15:50:31] /i 12804
[6/5/2023 15:50:31] /i 12804
[6/5/2023 15:50:32] /i 12804
[6/5/2023 15:50:32] /i 12804
[6/5/2023 15:50:32] /i 12804
[6/5/2023 15:50:33] /i 12804
[6/5/2023 15:50:33] /i 12804
[6/5/2023 15:50:33] /i 12804
[6/5/2023 15:50:33] /i 12804
[6/5/2023 15:50:33] /i 12804
[6/5/2023 15:50:34] /i 12804
[6/5/2023 15:50:34] /i 12804
[6/5/2023 15:50:34] /i 12804
[6/5/2023 15:50:34] /i 12804
[6/5/2023 15:50:34] /i 12804
[6/5/2023 15:50:34] /i 12804
[6/5/2023 15:50:35] /i 12804
[6/5/2023 15:50:35] /i 12804
[6/5/2023 15:50:35] /i 12804
[6/5/2023 15:50:35] /i 12804
[6/5/2023 15:50:35] /i 12804
[6/5/2023 15:50:36] /i 12804
[6/5/2023 15:50:36] /i 12804
[6/5/2023 15:50:36] /i 12804
[6/5/2023 15:50:36] /i 12804
[6/5/2023 15:50:37] /i 12804
[6/5/2023 15:50:37] /i 12804
[6/5/2023 15:50:37] /i 12804
[6/5/2023 15:50:37] /i 12804
[6/5/2023 15:50:37] /i 12804
[6/5/2023 15:50:37] /i 12804
[6/5/2023 15:50:37] /i 12804
[6/5/2023 15:50:38] /i 12804
[6/5/2023 15:50:38] /i 12804
[6/5/2023 15:50:38] /i 12804
[6/5/2023 15:50:38] /i 12804
[6/5/2023 15:50:38] /i 12804
[6/5/2023 15:50:38] /i 12804
[6/5/2023 15:50:38] /i 12804
[6/5/2023 15:50:38] /i 12804
[6/5/2023 15:50:38] /i 12804
[6/5/2023 15:50:39] /i 12804
[6/5/2023 15:50:39] /i 12804
[6/5/2023 15:50:39] /i 12804
[6/5/2023 15:50:39] /i 12804
[6/5/2023 15:50:39] /i 12804
[6/5/2023 15:50:39] /i 12804
[6/5/2023 15:50:39] /i 12804
[6/5/2023 15:50:39] /i 12804
[6/5/2023 15:50:39] /i 12804
[6/5/2023 15:50:39] /i 12804
[6/5/2023 15:50:39] /i 12804
[6/5/2023 15:50:39] /i 12804
[6/5/2023 15:50:40] /i 12804
[6/5/2023 15:50:40] /i 12804
[6/5/2023 15:50:40] /i 12804
[6/5/2023 15:50:40] /i 12804
[6/5/2023 15:50:40] /i 12804
[6/5/2023 15:50:40] /i 12804
[6/5/2023 15:50:40] /i 12804
[6/5/2023 15:50:40] /i 12804
[6/5/2023 15:50:40] /i 12804
[6/5/2023 15:50:42] /i 12804
[6/5/2023 15:50:42] /i 12804
[6/5/2023 15:51:8] /i 2001
[6/5/2023 15:51:10] /i 2002
[6/5/2023 15:51:11] /i 2003
[6/5/2023 15:51:12] /i 2004
[6/5/2023 15:51:13] /i 2005
[6/5/2023 15:51:14] /i 2006
[6/5/2023 15:51:16] /i 2007
[6/5/2023 15:52:34] /i 6104
[6/5/2023 15:52:37] /i 6104
[6/5/2023 15:53:1] /i 7342
[6/5/2023 15:53:29] /i 5801
[6/5/2023 15:54:8] /c eternal~
[6/5/2023 15:54:37] /i 7739
[6/5/2023 15:54:55] /i 7737
[6/5/2023 15:56:40] /goto eternal~
[6/5/2023 15:56:58] /goto bite~
[6/5/2023 15:57:8] /goto byte~
[6/5/2023 15:57:38] /goto byte~
[6/5/2023 16:0:38] /goto zula~
[6/5/2023 16:0:41] /goto zulazza~
[6/5/2023 16:0:48] /goto zulazza Zulazza The Corruptor
[6/5/2023 16:0:54] /goto Zulazza The Corruptor
[6/5/2023 16:2:40] /i 12804
[6/5/2023 16:5:26] /i 7590
[6/5/2023 16:5:28] /i 7590
[6/5/2023 16:9:46] /i 12794
[6/5/2023 16:10:20] /i 2268
[6/5/2023 16:14:55] /r
[6/5/2023 16:14:57] /r
[6/5/2023 16:33:0] /goto eternal~
[6/5/2023 16:33:3] /r
[6/5/2023 18:7:8] /ghost
[6/5/2023 18:7:27] /i 12691
[6/5/2023 18:7:29] /i 12691
[6/5/2023 18:7:30] /i 12691
[6/5/2023 18:7:32] /i 12691
[6/5/2023 18:7:32] /i 12691
[6/5/2023 18:7:36] /i 2000
[6/5/2023 18:7:40] /i 12691
[6/5/2023 18:7:42] /i 12691
[6/5/2023 18:7:42] /i 12691
[6/5/2023 18:7:43] /i 12691
[6/5/2023 18:7:44] /i 12691
[6/5/2023 18:7:56] /c mysterio~
[6/5/2023 18:9:3] /i 12688
[6/5/2023 18:9:4] /i 12688
[6/5/2023 18:9:4] /i 12688
[6/5/2023 18:9:5] /i 12688
[6/5/2023 18:9:5] /i 12688
[6/5/2023 18:9:5] /i 12688
[6/5/2023 18:9:6] /i 12688
[6/5/2023 18:9:6] /i 12688
[6/5/2023 18:9:6] /i 12688
[6/5/2023 18:9:7] /i 12688
[6/5/2023 18:9:7] /i 12688
[6/5/2023 18:9:7] /i 12688
[6/5/2023 18:9:13] /i 2000
[6/5/2023 18:10:25] /i 2170
[6/5/2023 18:10:28] /i 2150
[6/5/2023 18:10:30] /i 2160
[6/5/2023 18:10:51] /i 2160
[6/5/2023 18:11:3] /i 2160
[6/5/2023 18:11:4] /i 2160
[6/5/2023 18:11:4] /i 2160
[6/5/2023 18:11:5] /i 2160
[6/5/2023 18:11:5] /i 2160
[6/5/2023 18:11:12] /i 2160
[6/5/2023 18:11:18] /i 2000
[6/5/2023 18:11:54] /i 2000
[6/5/2023 18:40:10] /goto byte~
[6/5/2023 18:42:1] /goto byte~
[6/5/2023 18:42:4] /goto byte~
[6/5/2023 18:42:6] /goto byte~
[6/5/2023 18:42:8] /goto byte~
[6/5/2023 18:42:9] /goto byte~
[6/5/2023 18:42:55] /i 7591
[6/5/2023 18:43:1] /i 8473
[6/5/2023 18:43:7] /i 2273
[6/5/2023 18:43:19] /goto legendyer
[6/5/2023 19:2:48] /goto eterna~
[6/5/2023 19:5:6] /addskill magic, Goodness
[6/5/2023 19:5:17] /addskill goodness 
[6/5/2023 19:5:20] /addskill goodness magic
[6/5/2023 19:5:33] /addskill goodness magic
[6/5/2023 19:5:36] /addskill goodness, magic
[6/5/2023 19:5:37] /addskill goodness, magic
[6/5/2023 19:5:40] /addskill goodness, magic
[6/5/2023 19:5:41] /addskill goodness, magic
[6/5/2023 19:5:41] /addskill goodness, magic
[6/5/2023 19:5:42] /addskill goodness, magic
[6/5/2023 19:5:42] /addskill goodness, magic
[6/5/2023 19:5:42] /addskill goodness, magic
[6/5/2023 19:5:43] /addskill goodness, magic
[6/5/2023 19:5:43] /addskill goodness, magic
[6/5/2023 19:5:43] /addskill goodness, magic
[6/5/2023 19:5:43] /addskill goodness, magic
[6/5/2023 19:5:44] /addskill goodness, magic
[6/5/2023 19:5:44] /addskill goodness, magic
[6/5/2023 19:5:44] /addskill goodness, magic
[6/5/2023 19:5:45] /addskill goodness, magic
[6/5/2023 19:5:45] /addskill goodness, magic
[6/5/2023 19:5:45] /addskill goodness, magic
[6/5/2023 19:5:46] /addskill goodness, magic
[6/5/2023 19:5:46] /addskill goodness, magic
[6/5/2023 19:5:46] /addskill goodness, magic
[6/5/2023 19:5:47] /addskill goodness, magic
[6/5/2023 19:5:47] /addskill goodness, magic
[6/5/2023 19:5:47] /addskill goodness, magic
[6/5/2023 19:5:48] /addskill goodness, magic
[6/5/2023 19:5:48] /addskill goodness, magic
[6/5/2023 19:5:48] /addskill goodness, magic
[6/5/2023 19:5:49] /addskill goodness, magic
[6/5/2023 19:5:49] /addskill goodness, magic
[6/5/2023 19:5:49] /addskill goodness, magic
[6/5/2023 19:5:50] /addskill goodness, magic
[6/5/2023 19:5:53] /addskill goodness, magic
[6/5/2023 19:5:54] /addskill goodness, magic
[6/5/2023 19:5:54] /addskill goodness, magic
[6/5/2023 19:5:54] /addskill goodness, magic
[6/5/2023 19:5:55] /addskill goodness, magic
[6/5/2023 19:5:55] /addskill goodness, magic
[6/5/2023 19:5:55] /addskill goodness, magic
[6/5/2023 19:5:55] /addskill goodness, magic
[6/5/2023 19:5:56] /addskill goodness, magic
[6/5/2023 19:5:56] /addskill goodness, magic
[6/5/2023 19:5:58] /addskill goodness, magic 5
[6/5/2023 19:6:4] /addskill goodness, 5 magic 
[6/5/2023 19:6:9] /addskill goodness,5, magic 
[6/5/2023 19:6:14] /addskill goodness, magic
[6/5/2023 19:6:15] /addskill goodness, magic
[6/5/2023 19:6:15] /addskill goodness, magic
[6/5/2023 19:6:15] /addskill goodness, magic
[6/5/2023 19:6:16] /addskill goodness, magic
[6/5/2023 19:6:16] /addskill goodness, magic
[6/5/2023 19:6:16] /addskill goodness, magic
[6/5/2023 19:6:16] /addskill goodness, magic
[6/5/2023 19:6:19] /addskill goodness, magic
[6/5/2023 19:6:24] /addskill goodness, magic
[6/5/2023 19:6:25] /addskill goodness, magic
[6/5/2023 19:6:25] /addskill goodness, magic
[6/5/2023 19:6:25] /addskill goodness, magic
[6/5/2023 19:6:25] /addskill goodness, magic
[6/5/2023 19:6:25] /addskill goodness, magic
[6/5/2023 19:6:25] /addskill goodness, magic
[6/5/2023 19:6:26] /addskill goodness, magic
[6/5/2023 19:6:26] /addskill goodness, magic
[6/5/2023 19:6:26] /addskill goodness, magic
[6/5/2023 19:6:26] /addskill goodness, magic
[6/5/2023 19:6:26] /addskill goodness, magic
[6/5/2023 19:6:27] /addskill goodness, magic
[6/5/2023 19:6:27] /addskill goodness, magic
[6/5/2023 19:6:27] /addskill goodness, magic
[6/5/2023 19:6:27] /addskill goodness, magic
[6/5/2023 19:6:27] /addskill goodness, magic
[6/5/2023 19:6:27] /addskill goodness, magic
[6/5/2023 19:6:28] /addskill goodness, magic
[6/5/2023 19:6:28] /addskill goodness, magic
[6/5/2023 19:6:28] /addskill goodness, magic
[6/5/2023 19:6:28] /addskill goodness, magic
[6/5/2023 19:6:28] /addskill goodness, magic
[6/5/2023 19:6:29] /addskill goodness, magic
[6/5/2023 19:6:29] /addskill goodness, magic
[6/5/2023 19:6:30] /addskill goodness, magic
[6/5/2023 19:6:30] /addskill goodness, magic
[6/5/2023 19:6:30] /addskill goodness, magic
[6/5/2023 19:6:31] /addskill goodness, magic
[6/5/2023 19:6:57] /addskill goodness, magic
[6/5/2023 19:6:57] /addskill goodness, magic
[6/5/2023 19:6:57] /addskill goodness, magic
[6/5/2023 19:6:58] /addskill goodness, magic
[6/5/2023 19:6:58] /addskill goodness, magic
[6/5/2023 19:6:58] /addskill goodness, magic
[6/5/2023 19:6:58] /addskill goodness, magic
[6/5/2023 19:6:58] /addskill goodness, magic
[6/5/2023 19:6:58] /addskill goodness, magic
[6/5/2023 19:6:59] /addskill goodness, magic
[6/5/2023 19:6:59] /addskill goodness, magic
[6/5/2023 19:6:59] /addskill goodness, magic
[6/5/2023 19:6:59] /addskill goodness, magic
[6/5/2023 19:7:0] /addskill goodness, magic
[6/5/2023 19:7:0] /addskill goodness, magic
[6/5/2023 19:7:0] /addskill goodness, magic
[6/5/2023 19:7:0] /addskill goodness, magic
[6/5/2023 19:7:0] /addskill goodness, magic
[6/5/2023 19:7:0] /addskill goodness, magic
[6/5/2023 19:7:0] /addskill goodness, magic
[6/5/2023 19:7:0] /addskill goodness, magic
[6/5/2023 19:7:1] /addskill goodness, magic
[6/5/2023 19:7:1] /addskill goodness, magic
[6/5/2023 19:7:1] /addskill goodness, magic
[6/5/2023 19:7:1] /addskill goodness, magic
[6/5/2023 19:7:1] /addskill goodness, magic
[6/5/2023 19:7:1] /addskill goodness, magic
[6/5/2023 19:7:1] /addskill goodness, magic
[6/5/2023 19:7:1] /addskill goodness, magic
[6/5/2023 19:7:1] /addskill goodness, magic
[6/5/2023 19:7:1] /addskill goodness, magic
[6/5/2023 19:7:2] /addskill goodness, magic
[6/5/2023 19:7:2] /addskill goodness, magic
[6/5/2023 19:7:2] /addskill goodness, magic
[6/5/2023 19:7:2] /addskill goodness, magic
[6/5/2023 19:7:2] /addskill goodness, magic
[6/5/2023 19:7:2] /addskill goodness, magic
[6/5/2023 19:7:2] /addskill goodness, magic
[6/5/2023 19:7:2] /addskill goodness, magic
[6/5/2023 19:7:2] /addskill goodness, magic
[6/5/2023 19:7:2] /addskill goodness, magic
[6/5/2023 19:7:2] /addskill goodness, magic
[6/5/2023 19:7:2] /addskill goodness, magic
[6/5/2023 19:7:2] /addskill goodness, magic
[6/5/2023 19:7:2] /addskill goodness, magic
[6/5/2023 19:7:2] /addskill goodness, magic
[6/5/2023 19:7:2] /addskill goodness, magic
[6/5/2023 19:7:2] /addskill goodness, magic
[6/5/2023 19:7:2] /addskill goodness, magic
[6/5/2023 19:7:2] /addskill goodness, magic
[6/5/2023 19:7:2] /addskill goodness, magic
[6/5/2023 19:7:2] /addskill goodness, magic
[6/5/2023 19:7:2] /addskill goodness, magic
[6/5/2023 19:7:2] /addskill goodness, magic
[6/5/2023 19:7:2] /addskill goodness, magic
[6/5/2023 19:7:2] /addskill goodness, magic
[6/5/2023 19:7:2] /addskill goodness, magic
[6/5/2023 19:7:2] /addskill goodness, magic
[6/5/2023 19:7:2] /addskill goodness, magic
[6/5/2023 19:7:3] /addskill goodness, magic
[6/5/2023 19:7:9] /addskill goodness, magic
[6/5/2023 19:7:9] /addskill goodness, magic
[6/5/2023 19:7:9] /addskill goodness, magic
[6/5/2023 19:7:9] /addskill goodness, magic
[6/5/2023 19:7:9] /addskill goodness, magic
[6/5/2023 19:7:9] /addskill goodness, magic
[6/5/2023 19:7:9] /addskill goodness, magic
[6/5/2023 19:7:9] /addskill goodness, magic
[6/5/2023 19:7:10] /addskill goodness, magic
[6/5/2023 19:7:10] /addskill goodness, magic
[6/5/2023 19:7:10] /addskill goodness, magic
[6/5/2023 19:7:15] /addskill goodness, magic
[6/5/2023 19:11:23] /goto eternal~
[6/5/2023 19:11:30] /goto ascending ferumbras
[6/5/2023 19:11:31] /goto ascending ferumbras
[6/5/2023 19:11:33] /r
[6/5/2023 19:11:34] /r
[6/5/2023 19:11:35] /r
[6/5/2023 19:11:36] /r
[6/5/2023 19:11:37] /r
[6/5/2023 19:11:39] /r
[6/5/2023 19:11:40] /r
[6/5/2023 19:11:41] /r
[6/5/2023 19:11:42] /r
[6/5/2023 19:11:42] /r
[6/5/2023 19:11:43] /r
[6/5/2023 19:11:43] /r
[6/5/2023 19:11:44] /r
[6/5/2023 19:11:47] /r
[6/5/2023 19:11:47] /r
[6/5/2023 19:11:48] /r
[6/5/2023 19:11:48] /r
[6/5/2023 19:11:48] /r
[6/5/2023 19:11:49] /r
[6/5/2023 19:11:49] /r
[6/5/2023 19:11:49] /r
[6/5/2023 19:11:49] /r
[6/5/2023 19:11:49] /r
[6/5/2023 19:11:49] /r
[6/5/2023 19:11:50] /r
[6/5/2023 19:11:50] /r
[6/5/2023 19:11:50] /r
[6/5/2023 19:11:51] /r
[6/5/2023 19:11:52] /r
[6/5/2023 19:11:52] /r
[6/5/2023 19:11:52] /r
[6/5/2023 19:11:52] /r
[6/5/2023 19:11:52] /r
[6/5/2023 19:11:53] /r
[6/5/2023 19:11:53] /r
[6/5/2023 19:11:53] /r
[6/5/2023 19:11:53] /r
[6/5/2023 19:11:53] /r
[6/5/2023 19:11:54] /r
[6/5/2023 19:11:54] /r
[6/5/2023 19:11:54] /r
[6/5/2023 19:11:54] /r
[6/5/2023 19:11:54] /r
[6/5/2023 19:11:55] /r
[6/5/2023 19:11:55] /r
[6/5/2023 19:11:55] /r
[6/5/2023 19:11:55] /r
[6/5/2023 19:11:56] /r
[6/5/2023 19:11:56] /r
[6/5/2023 19:11:56] /r
[6/5/2023 19:11:56] /r
[6/5/2023 19:11:56] /r
[6/5/2023 19:11:57] /r
[6/5/2023 19:11:57] /r
[6/5/2023 19:11:57] /r
[6/5/2023 19:11:57] /r
[6/5/2023 19:11:58] /r
[6/5/2023 19:11:58] /r
[6/5/2023 19:11:58] /r
[6/5/2023 19:11:58] /r
[6/5/2023 19:11:59] /r
[6/5/2023 19:11:59] /r
[6/5/2023 19:11:59] /r
[6/5/2023 19:11:59] /r
[6/5/2023 19:11:59] /r
[6/5/2023 19:12:4] /light
[6/5/2023 19:12:13] /r
[6/5/2023 19:12:13] /r
[6/5/2023 19:12:14] /r
[6/5/2023 19:12:14] /r
[6/5/2023 19:12:14] /r
[6/5/2023 19:12:14] /r
[6/5/2023 19:12:14] /r
[6/5/2023 19:12:15] /r
[6/5/2023 19:12:15] /r
[6/5/2023 19:12:15] /r
[6/5/2023 19:12:15] /r
[6/5/2023 19:12:15] /r
[6/5/2023 19:12:16] /r
[6/5/2023 19:12:16] /r
[6/5/2023 19:12:16] /r
[6/5/2023 19:12:17] /r
[6/5/2023 19:12:17] /r
[6/5/2023 19:12:17] /r
[6/5/2023 19:12:18] /r
[6/5/2023 19:12:18] /r
[6/5/2023 19:12:18] /r
[6/5/2023 19:12:18] /r
[6/5/2023 19:12:18] /r
[6/5/2023 19:12:19] /r
[6/5/2023 19:12:19] /r
[6/5/2023 19:12:19] /r
[6/5/2023 19:12:19] /r
[6/5/2023 19:12:20] /r
[6/5/2023 19:12:20] /r
[6/5/2023 19:12:20] /r
[6/5/2023 19:12:20] /r
[6/5/2023 19:12:20] /r
[6/5/2023 19:12:21] /r
[6/5/2023 19:12:21] /r
[6/5/2023 19:12:21] /r
[6/5/2023 19:12:21] /r
[6/5/2023 19:12:22] /r
[6/5/2023 19:12:22] /r
[6/5/2023 19:12:23] /r
[6/5/2023 19:12:23] /r
[6/5/2023 19:12:23] /r
[6/5/2023 19:12:23] /r
[6/5/2023 19:12:24] /r
[6/5/2023 19:12:24] /r
[6/5/2023 19:12:24] /r
[6/5/2023 19:12:24] /r
[6/5/2023 19:12:25] /r
[6/5/2023 19:12:25] /r
[6/5/2023 19:12:25] /r
[6/5/2023 19:12:25] /r
[6/5/2023 19:12:26] /r
[6/5/2023 19:12:26] /r
[6/5/2023 19:12:26] /r
[6/5/2023 19:12:27] /r
[6/5/2023 19:12:27] /r
[6/5/2023 19:12:27] /r
[6/5/2023 19:12:27] /r
[6/5/2023 19:12:28] /r
[6/5/2023 19:12:28] /r
[6/5/2023 19:12:28] /r
[6/5/2023 19:12:28] /r
[6/5/2023 19:12:28] /r
[6/5/2023 19:12:29] /r
[6/5/2023 19:12:29] /r
[6/5/2023 19:12:29] /r
[6/5/2023 19:12:29] /r
[6/5/2023 19:12:30] /r
[6/5/2023 19:12:30] /r
[6/5/2023 19:12:30] /r
[6/5/2023 19:12:30] /r
[6/5/2023 19:12:31] /r
[6/5/2023 19:12:31] /r
[6/5/2023 19:12:31] /r
[6/5/2023 19:12:32] /r
[6/5/2023 19:12:32] /r
[6/5/2023 19:12:32] /r
[6/5/2023 19:12:32] /r
[6/5/2023 19:12:32] /r
[6/5/2023 19:12:33] /r
[6/5/2023 19:12:33] /r
[6/5/2023 19:12:33] /r
[6/5/2023 19:12:33] /r
[6/5/2023 19:12:34] /r
[6/5/2023 19:12:34] /r
[6/5/2023 19:12:34] /r
[6/5/2023 19:12:34] /r
[6/5/2023 19:12:35] /r
[6/5/2023 19:12:35] /r
[6/5/2023 19:12:35] /r
[6/5/2023 19:12:35] /r
[6/5/2023 19:12:35] /r
[6/5/2023 19:12:36] /r
[6/5/2023 19:12:36] /r
[6/5/2023 19:12:36] /r
[6/5/2023 19:12:36] /r
[6/5/2023 19:12:37] /r
[6/5/2023 19:12:37] /r
[6/5/2023 19:12:37] /r
[6/5/2023 19:12:37] /r
[6/5/2023 19:12:37] /r
[6/5/2023 19:12:38] /r
[6/5/2023 19:12:38] /r
[6/5/2023 19:12:38] /r
[6/5/2023 19:12:38] /r
[6/5/2023 19:12:39] /r
[6/5/2023 19:12:39] /r
[6/5/2023 19:12:40] /r
[6/5/2023 19:12:40] /r
[6/5/2023 19:12:40] /r
[6/5/2023 19:12:41] /r
[6/5/2023 19:12:41] /r
[6/5/2023 19:12:41] /r
[6/5/2023 19:12:41] /r
[6/5/2023 19:12:41] /r
[6/5/2023 19:12:42] /r
[6/5/2023 19:12:42] /r
[6/5/2023 19:12:42] /r
[6/5/2023 19:12:42] /r
[6/5/2023 19:12:43] /r
[6/5/2023 19:12:43] /r
[6/5/2023 19:12:43] /r
[6/5/2023 19:12:43] /r
[6/5/2023 19:12:44] /r
[6/5/2023 19:12:45] /r
[6/5/2023 19:12:45] /r
[6/5/2023 19:12:45] /r
[6/5/2023 19:12:45] /r
[6/5/2023 19:12:46] /r
[6/5/2023 19:12:46] /r
[6/5/2023 19:12:46] /r
[6/5/2023 19:12:47] /r
[6/5/2023 19:12:47] /r
[6/5/2023 19:12:47] /r
[6/5/2023 19:12:48] /r
[6/5/2023 19:12:48] /r
[6/5/2023 19:12:49] /r
[6/5/2023 19:12:49] /r
[6/5/2023 19:12:50] /r
[6/5/2023 19:12:50] /r
[6/5/2023 19:12:50] /r
[6/5/2023 19:12:50] /r
[6/5/2023 19:12:51] /r
[6/5/2023 19:12:51] /r
[6/5/2023 19:12:51] /r
[6/5/2023 19:12:52] /r
[6/5/2023 19:12:52] /r
[6/5/2023 19:12:52] /r
[6/5/2023 19:12:52] /r
[6/5/2023 19:12:52] /r
[6/5/2023 19:12:53] /r
[6/5/2023 19:12:53] /r
[6/5/2023 19:12:53] /r
[6/5/2023 19:12:53] /r
[6/5/2023 19:12:54] /r
[6/5/2023 19:12:54] /r
[6/5/2023 19:12:54] /r
[6/5/2023 19:12:54] /r
[6/5/2023 19:12:55] /r
[6/5/2023 19:12:56] /r
[6/5/2023 19:12:56] /r
[6/5/2023 19:12:56] /r
[6/5/2023 19:12:56] /r
[6/5/2023 19:12:57] /r
[6/5/2023 19:12:57] /r
[6/5/2023 19:12:57] /r
[6/5/2023 19:12:57] /r
[6/5/2023 19:12:58] /r
[6/5/2023 19:12:58] /r
[6/5/2023 19:12:59] /r
[6/5/2023 19:12:59] /r
[6/5/2023 19:12:59] /r
[6/5/2023 19:13:0] /r
[6/5/2023 19:13:0] /r
[6/5/2023 19:13:0] /r
[6/5/2023 19:13:0] /r
[6/5/2023 19:13:1] /r
[6/5/2023 19:13:1] /r
[6/5/2023 19:13:1] /r
[6/5/2023 19:13:1] /r
[6/5/2023 19:13:2] /r
[6/5/2023 19:13:2] /r
[6/5/2023 19:13:3] /r
[6/5/2023 19:13:3] /r
[6/5/2023 19:13:4] /r
[6/5/2023 19:13:4] /r
[6/5/2023 19:13:4] /r
[6/5/2023 19:13:4] /r
[6/5/2023 19:13:5] /r
[6/5/2023 19:13:5] /r
[6/5/2023 19:13:6] /r
[6/5/2023 19:13:6] /r
[6/5/2023 19:13:6] /r
[6/5/2023 19:13:7] /r
[6/5/2023 19:13:7] /r
[6/5/2023 19:13:7] /r
[6/5/2023 19:13:8] /r
[6/5/2023 19:13:8] /r
[6/5/2023 19:13:8] /r
[6/5/2023 19:13:9] /r
[6/5/2023 19:13:10] /r
[6/5/2023 19:13:10] /r
[6/5/2023 19:13:10] /r
[6/5/2023 19:13:11] /r
[6/5/2023 19:13:11] /r
[6/5/2023 19:13:11] /r
[6/5/2023 19:13:13] /r
[6/5/2023 19:13:13] /r
[6/5/2023 19:13:14] /r
[6/5/2023 19:13:14] /r
[6/5/2023 19:13:14] /r
[6/5/2023 19:13:14] /r
[6/5/2023 19:13:15] /r
[6/5/2023 19:13:15] /r
[6/5/2023 19:13:15] /r
[6/5/2023 19:13:15] /r
[6/5/2023 19:13:16] /r
[6/5/2023 19:13:16] /r
[6/5/2023 19:13:17] /r
[6/5/2023 19:13:17] /r
[6/5/2023 19:13:17] /r
[6/5/2023 19:13:17] /r
[6/5/2023 19:13:18] /r
[6/5/2023 19:13:18] /r
[6/5/2023 19:13:19] /r
[6/5/2023 19:13:19] /r
[6/5/2023 19:13:19] /r
[6/5/2023 19:13:19] /r
[6/5/2023 19:13:20] /r
[6/5/2023 19:13:20] /r
[6/5/2023 19:13:20] /r
[6/5/2023 19:13:20] /r
[6/5/2023 19:13:20] /r
[6/5/2023 19:13:21] /r
[6/5/2023 19:13:21] /r
[6/5/2023 19:13:21] /r
[6/5/2023 19:13:23] /r
[6/5/2023 19:13:23] /r
[6/5/2023 19:13:23] /r
[6/5/2023 19:13:24] /r
[6/5/2023 19:13:24] /r
[6/5/2023 19:13:24] /r
[6/5/2023 19:13:24] /r
[6/5/2023 19:13:25] /r
[6/5/2023 19:13:25] /r
[6/5/2023 19:13:26] /r
[6/5/2023 19:13:27] /r
[6/5/2023 19:13:27] /r
[6/5/2023 19:13:28] /r
[6/5/2023 19:13:28] /r
[6/5/2023 19:13:28] /r
[6/5/2023 19:13:29] /addskill goodness, magic
[6/5/2023 19:13:54] /r
[6/5/2023 19:13:55] /r
[6/5/2023 19:13:55] /r
[6/5/2023 19:13:56] /r
[6/5/2023 19:13:56] /r
[6/5/2023 19:13:57] /r
[6/5/2023 19:13:57] /r
[6/5/2023 19:13:58] /r
[6/5/2023 19:13:58] /r
[6/5/2023 19:13:59] /r
[6/5/2023 19:14:0] /r
[6/5/2023 19:14:1] /r
[6/5/2023 19:14:2] /r
[6/5/2023 19:14:2] /r
[6/5/2023 19:14:4] /r
[6/5/2023 19:14:5] /r
[6/5/2023 19:14:23] /addskill goodness, magic
[6/5/2023 19:14:23] /addskill goodness, magic
[6/5/2023 19:14:23] /addskill goodness, magic
[6/5/2023 19:14:23] /addskill goodness, magic
[6/5/2023 19:14:24] /addskill goodness, magic
[6/5/2023 19:14:24] /addskill goodness, magic
[6/5/2023 19:14:24] /addskill goodness, magic
[6/5/2023 19:14:25] /addskill goodness, magic
[6/5/2023 19:14:25] /addskill goodness, magic
[6/5/2023 19:14:25] /addskill goodness, magic
[6/5/2023 19:14:26] /addskill goodness, magic
[6/5/2023 19:14:26] /addskill goodness, magic
[6/5/2023 19:18:56] /goto eternal~
[6/5/2023 19:19:19] /i 12855
[6/5/2023 19:20:52] /goto eternal~
[6/5/2023 19:20:54] /i 12855
[6/5/2023 19:20:56] /i 12855
[6/5/2023 19:20:57] /i 12855
[6/5/2023 19:21:10] /i 2000
[6/5/2023 19:21:13] /i 12855
[6/5/2023 19:21:15] /i 12855
[6/5/2023 19:21:16] /i 12855
[6/5/2023 19:21:16] /i 12855
[6/5/2023 19:21:17] /i 12855
[6/5/2023 19:21:17] /i 12855
[6/5/2023 19:21:18] /i 12855
[6/5/2023 19:21:18] /i 12855
[6/5/2023 19:21:18] /i 12855
[6/5/2023 19:21:19] /i 12855
[6/5/2023 19:21:19] /i 12855
[6/5/2023 19:21:19] /i 12855
[6/5/2023 19:21:20] /i 12855
[6/5/2023 19:21:31] /i 12855
[6/5/2023 19:21:31] /i 12855
[6/5/2023 19:21:32] /i 12855
[6/5/2023 19:21:32] /i 12855
[6/5/2023 19:21:33] /i 12855
[6/5/2023 19:21:33] /i 12855
[6/5/2023 19:21:33] /i 12855
[6/5/2023 19:21:44] /i 12855
[6/5/2023 19:22:5] /i 12855
[6/5/2023 19:22:6] /i 12855
[6/5/2023 19:22:6] /i 12855
[6/5/2023 19:22:6] /i 12855
[6/5/2023 19:22:7] /i 12855
[6/5/2023 19:22:7] /i 12855
[6/5/2023 19:22:7] /i 12855
[6/5/2023 19:22:7] /i 12855
[6/5/2023 19:22:8] /i 12855
[6/5/2023 19:22:8] /i 12855
[6/5/2023 19:24:30] /goto legendyer
[6/5/2023 19:24:43] /cliport
[6/5/2023 19:27:22] /r
[6/5/2023 19:27:23] /r
[6/5/2023 19:27:24] /r
[6/5/2023 19:27:25] /r
[6/5/2023 19:27:26] /r
[6/5/2023 19:27:28] /r
[6/5/2023 19:27:31] /r
[6/5/2023 19:27:32] /r
[6/5/2023 19:27:48] /town yurots
[6/5/2023 19:30:34] /up
[6/5/2023 19:31:4] /up
[6/5/2023 19:31:22] /up
[6/5/2023 19:32:19] /down
[6/5/2023 19:33:35] /down
[6/5/2023 19:33:36] /down
[6/5/2023 19:33:37] /up
[6/5/2023 19:33:40] /down
[6/5/2023 19:34:28] /i 7390
[6/5/2023 19:34:46] /goto legendyer
[6/5/2023 19:39:57] /goto legendyer
[6/5/2023 19:49:17] /town yurots
[6/5/2023 19:49:50] /addskill godness, experience
[6/5/2023 19:49:55] /addskill goodness, experience
[6/5/2023 19:49:57] /addskill goodness, experience
[6/5/2023 19:49:57] /addskill goodness, experience
[6/5/2023 19:49:58] /addskill goodness, experience
[6/5/2023 19:49:58] /addskill goodness, experience
[6/5/2023 19:49:59] /addskill goodness, experience
[6/5/2023 19:49:59] /addskill goodness, experience
[6/5/2023 19:49:59] /addskill goodness, experience
[6/5/2023 19:50:0] /addskill goodness, experience
[6/5/2023 19:50:0] /addskill goodness, experience
[6/5/2023 19:50:0] /addskill goodness, experience
[6/5/2023 19:50:0] /addskill goodness, experience
[6/5/2023 19:50:1] /addskill goodness, experience
[6/5/2023 19:50:1] /addskill goodness, experience
[6/5/2023 19:50:1] /addskill goodness, experience
[6/5/2023 19:50:2] /addskill goodness, experience
[6/5/2023 19:50:5] /addskill goodness, experience
[6/5/2023 19:50:10] /addskill goodness, experience
[6/5/2023 19:50:10] /addskill goodness, experience
[6/5/2023 19:50:11] /addskill goodness, experience
[6/5/2023 19:50:11] /addskill goodness, experience
[6/5/2023 19:50:11] /addskill goodness, experience
[6/5/2023 19:50:11] /addskill goodness, experience
[6/5/2023 19:50:12] /addskill goodness, experience
[6/5/2023 19:50:12] /addskill goodness, experience
[6/5/2023 19:50:12] /addskill goodness, experience
[6/5/2023 19:50:12] /addskill goodness, experience
[6/5/2023 19:50:12] /addskill goodness, experience
[6/5/2023 19:50:12] /addskill goodness, experience
[6/5/2023 19:50:12] /addskill goodness, experience
[6/5/2023 19:50:12] /addskill goodness, experience
[6/5/2023 19:50:12] /addskill goodness, experience
[6/5/2023 19:50:13] /addskill goodness, experience
[6/5/2023 19:50:13] /addskill goodness, experience
[6/5/2023 19:50:13] /addskill goodness, experience
[6/5/2023 19:50:13] /addskill goodness, experience
[6/5/2023 19:50:13] /addskill goodness, experience
[6/5/2023 19:50:13] /addskill goodness, experience
[6/5/2023 19:50:13] /addskill goodness, experience
[6/5/2023 19:50:13] /addskill goodness, experience
[6/5/2023 19:50:13] /addskill goodness, experience
[6/5/2023 19:50:13] /addskill goodness, experience
[6/5/2023 19:50:13] /addskill goodness, experience
[6/5/2023 19:50:14] /addskill goodness, experience
[6/5/2023 19:50:14] /addskill goodness, experience
[6/5/2023 19:50:14] /addskill goodness, experience
[6/5/2023 19:50:14] /addskill goodness, experience
[6/5/2023 19:50:14] /addskill goodness, experience
[6/5/2023 19:50:14] /addskill goodness, experience
[6/5/2023 19:50:15] /addskill goodness, experience
[6/5/2023 19:50:15] /addskill goodness, experience
[6/5/2023 19:50:15] /addskill goodness, experience
[6/5/2023 19:50:15] /addskill goodness, experience
[6/5/2023 19:50:15] /addskill goodness, experience
[6/5/2023 19:50:16] /addskill goodness, experience
[6/5/2023 19:50:16] /addskill goodness, experience
[6/5/2023 19:50:16] /addskill goodness, experience
[6/5/2023 19:50:16] /addskill goodness, experience
[6/5/2023 19:50:16] /addskill goodness, experience
[6/5/2023 19:50:16] /addskill goodness, experience
[6/5/2023 19:50:16] /addskill goodness, experience
[6/5/2023 19:50:16] /addskill goodness, experience
[6/5/2023 19:50:16] /addskill goodness, experience
[6/5/2023 19:50:16] /addskill goodness, experience
[6/5/2023 19:50:16] /addskill goodness, experience
[6/5/2023 19:50:16] /addskill goodness, experience
[6/5/2023 19:50:16] /addskill goodness, experience
[6/5/2023 19:50:17] /addskill goodness, experience
[6/5/2023 19:50:17] /addskill goodness, experience
[6/5/2023 19:50:17] /addskill goodness, experience
[6/5/2023 19:50:17] /addskill goodness, experience
[6/5/2023 19:50:17] /addskill goodness, experience
[6/5/2023 19:50:17] /addskill goodness, experience
[6/5/2023 19:50:17] /addskill goodness, experience
[6/5/2023 19:50:18] /addskill goodness, experience
[6/5/2023 19:50:18] /addskill goodness, experience
[6/5/2023 19:50:18] /addskill goodness, experience
[6/5/2023 19:50:18] /addskill goodness, experience
[6/5/2023 19:50:19] /addskill goodness, experience
[6/5/2023 19:51:28] /down
[6/5/2023 19:51:42] /i 2000
[6/5/2023 19:51:53] /i 12855
[6/5/2023 19:51:57] /i 12855
[6/5/2023 19:52:0] /i 12855
[6/5/2023 19:52:0] /i 12855
[6/5/2023 19:52:0] /i 12855
[6/5/2023 19:52:1] /i 12855
[6/5/2023 19:52:1] /i 12855
[6/5/2023 19:52:2] /i 12855
[6/5/2023 19:52:3] /i 12855
[6/5/2023 19:52:3] /i 12855
[6/5/2023 19:52:3] /i 12855
[6/5/2023 19:52:3] /i 12855
[6/5/2023 19:52:3] /i 12855
[6/5/2023 19:52:4] /i 12855
[6/5/2023 19:52:4] /i 12855
[6/5/2023 19:52:4] /i 12855
[6/5/2023 19:52:4] /i 12855
[6/5/2023 19:52:5] /i 12855
[6/5/2023 19:52:19] /i 12855
[6/5/2023 19:52:20] /i 12855
[6/5/2023 19:52:21] /i 12855
[6/5/2023 19:52:22] /i 12855
[6/5/2023 19:52:22] /i 12855
[6/5/2023 19:52:23] /i 12855
[6/5/2023 19:52:23] /i 12855
[6/5/2023 19:52:24] /i 12855
[6/5/2023 19:52:30] /r
[6/5/2023 19:52:56] /r
[6/5/2023 19:52:57] /r
[6/5/2023 19:52:59] /i 2000
[6/5/2023 19:53:0] /i 12855
[6/5/2023 19:53:1] /i 12855
[6/5/2023 19:53:1] /i 12855
[6/5/2023 19:53:1] /i 12855
[6/5/2023 19:53:1] /i 12855
[6/5/2023 19:53:2] /i 12855
[6/5/2023 19:53:2] /i 12855
[6/5/2023 19:53:2] /i 12855
[6/5/2023 19:53:2] /i 12855
[6/5/2023 19:53:2] /i 12855
[6/5/2023 19:53:3] /i 12855
[6/5/2023 19:53:3] /i 12855
[6/5/2023 19:53:3] /i 12855
[6/5/2023 19:53:3] /i 12855
[6/5/2023 19:53:10] /i 12855
[6/5/2023 19:53:15] /r
[6/5/2023 19:53:15] /i 12855
[6/5/2023 19:53:21] /i 2000
[6/5/2023 19:53:24] /i 2000
[6/5/2023 19:53:26] /i 2000
[6/5/2023 19:53:28] /i 2000
[6/5/2023 19:53:29] /i 2000
[6/5/2023 19:53:29] /i 2000
[6/5/2023 19:53:30] /i 2000
[6/5/2023 19:53:43] /i 12855
[6/5/2023 19:53:45] /i 12855
[6/5/2023 19:53:45] /i 12855
[6/5/2023 19:53:45] /i 12855
[6/5/2023 19:53:46] /i 12855
[6/5/2023 19:53:46] /i 12855
[6/5/2023 19:53:46] /i 12855
[6/5/2023 19:53:46] /i 12855
[6/5/2023 19:53:46] /i 12855
[6/5/2023 19:53:47] /i 12855
[6/5/2023 19:53:47] /i 12855
[6/5/2023 19:53:47] /i 12855
[6/5/2023 19:53:47] /i 12855
[6/5/2023 19:53:48] /i 12855
[6/5/2023 19:53:48] /i 12855
[6/5/2023 19:53:48] /i 12855
[6/5/2023 19:53:48] /i 12855
[6/5/2023 19:53:48] /i 12855
[6/5/2023 19:53:49] /i 12855
[6/5/2023 19:53:49] /i 12855
[6/5/2023 19:53:49] /i 12855
[6/5/2023 19:53:50] /i 12855
[6/5/2023 19:53:58] /i 12855
[6/5/2023 19:53:59] /i 12855
[6/5/2023 19:53:59] /i 12855
[6/5/2023 19:53:59] /i 12855
[6/5/2023 19:53:59] /i 12855
[6/5/2023 19:53:59] /i 12855
[6/5/2023 19:54:0] /i 12855
[6/5/2023 19:54:0] /i 12855
[6/5/2023 19:54:0] /i 12855
[6/5/2023 19:54:1] /i 12855
[6/5/2023 19:54:1] /i 12855
[6/5/2023 19:54:1] /i 12855
[6/5/2023 19:54:1] /i 12855
[6/5/2023 19:54:2] /i 12855
[6/5/2023 19:54:2] /i 12855
[6/5/2023 19:54:2] /i 12855
[6/5/2023 19:54:2] /i 12855
[6/5/2023 19:54:2] /i 12855
[6/5/2023 19:54:3] /i 12855
[6/5/2023 19:54:3] /i 12855
[6/5/2023 19:54:3] /i 12855
[6/5/2023 19:54:3] /i 12855
[6/5/2023 19:54:3] /i 12855
[6/5/2023 19:54:4] /i 12855
[6/5/2023 19:54:4] /i 12855
[6/5/2023 19:54:4] /i 12855
[6/5/2023 19:54:4] /i 12855
[6/5/2023 19:54:5] /i 12855
[6/5/2023 19:54:5] /i 12855
[6/5/2023 19:54:5] /i 12855
[6/5/2023 19:54:6] /i 12855
[6/5/2023 19:54:6] /i 12855
[6/5/2023 19:54:6] /i 12855
[6/5/2023 19:54:6] /i 12855
[6/5/2023 19:54:7] /i 12855
[6/5/2023 19:54:7] /i 12855
[6/5/2023 19:54:7] /i 12855
[6/5/2023 19:54:8] /i 12855
[6/5/2023 19:54:8] /i 12855
[6/5/2023 19:54:8] /i 12855
[6/5/2023 19:54:8] /i 12855
[6/5/2023 19:54:9] /i 12855
[6/5/2023 19:54:9] /i 12855
[6/5/2023 19:54:10] /i 12855
[6/5/2023 19:54:10] /i 12855
[6/5/2023 19:54:11] /i 12855
[6/5/2023 19:54:11] /i 12855
[6/5/2023 19:54:26] /i 12855
[6/5/2023 19:54:26] /i 12855
[6/5/2023 19:54:28] /i 12855
[6/5/2023 19:54:28] /i 12855
[6/5/2023 19:54:40] /i 12855
[6/5/2023 19:54:41] /i 12855
[6/5/2023 19:54:41] /i 12855
[6/5/2023 19:54:42] /i 12855
[6/5/2023 19:54:42] /i 12855
[6/5/2023 19:54:42] /i 12855
[6/5/2023 19:54:44] /i 12855
[6/5/2023 19:54:45] /i 12855
[6/5/2023 19:54:45] /i 12855
[6/5/2023 19:54:45] /i 12855
[6/5/2023 19:54:45] /i 12855
[6/5/2023 19:54:46] /i 12855
[6/5/2023 19:54:54] /i 12855
[6/5/2023 19:54:54] /i 12855
[6/5/2023 19:54:54] /i 12855
[6/5/2023 19:54:55] /i 12855
[6/5/2023 19:54:55] /i 12855
[6/5/2023 19:54:56] /i 12855
[6/5/2023 19:54:56] /i 12855
[6/5/2023 19:54:57] /i 12855
[6/5/2023 19:54:58] /i 12855
[6/5/2023 19:55:1] /i 12855
[6/5/2023 19:55:2] /i 12855
[6/5/2023 19:57:58] /r
[6/5/2023 19:58:2] /i 2000
[6/5/2023 19:58:55] /r
[6/5/2023 19:58:56] /r
[6/5/2023 19:59:9] /r
[6/5/2023 19:59:28] /light
[6/5/2023 19:59:38] /light
[6/5/2023 20:0:55] /goto byte~
[6/5/2023 20:1:20] /goto byte~
[6/5/2023 20:1:50] /light
[6/5/2023 20:1:52] /light
[6/5/2023 20:2:8] /goto minerador
[6/5/2023 20:3:41] /goto pifafa mago
[6/5/2023 20:3:53] /i demon
[6/5/2023 20:3:58] /s demon
[6/5/2023 20:4:3] /r
[6/5/2023 20:4:25] /goto lord kine
[6/5/2023 20:4:27] /goto lord kina
[6/5/2023 20:4:43] /goto karenn
[6/5/2023 20:7:48] /goto etern~
[6/5/2023 20:8:1] /r
[6/5/2023 20:8:2] /r
[6/5/2023 20:8:3] /r
[6/5/2023 20:8:5] /r
[6/5/2023 20:8:6] /r
[6/5/2023 20:8:8] /r
[6/5/2023 20:8:9] /r
[6/5/2023 20:8:13] /r
[6/5/2023 20:8:14] /r
[6/5/2023 20:8:15] /r
[6/5/2023 20:8:20] /r
[6/5/2023 20:9:22] /goto etern~
[6/5/2023 20:9:29] /town yurots
[6/5/2023 20:9:49] /goto etern~
[6/5/2023 20:9:51] /r
[6/5/2023 20:10:56] /r
[6/5/2023 20:11:19] /s dark torturer
[6/5/2023 20:11:26] /s destroyer
[6/5/2023 20:11:47] /r
[6/5/2023 20:11:49] /r
[6/5/2023 20:12:3] /up
[6/5/2023 20:12:17] /down
[6/5/2023 20:14:3] /goto legendyer
[6/5/2023 20:14:6] /i 2789
[6/5/2023 20:14:8] /i 2789
[6/5/2023 20:14:10] /goto legendyer
[6/5/2023 20:14:37] /goto etern~
[6/5/2023 20:15:43] /s demon
[6/5/2023 20:16:7] /r
[6/5/2023 20:16:9] /r
[6/5/2023 20:16:11] /r
[6/5/2023 20:17:27] /goto leg~
[6/5/2023 20:19:28] /goto eter~
[6/5/2023 20:19:33] /up
[6/5/2023 20:19:47] /goto eter~
[6/5/2023 20:20:7] /down
[6/5/2023 20:20:8] /down
[6/5/2023 20:20:10] /down
[6/5/2023 20:20:10] /down
[6/5/2023 20:20:11] /down
[6/5/2023 20:20:13] /up
[6/5/2023 20:20:13] /up
[7/5/2023 21:17:47] /ghost
[7/5/2023 21:18:41] /goto feiticeiro mestre
[7/5/2023 21:18:51] /goto byte~
[7/5/2023 21:20:10] /goto etern~
[7/5/2023 21:20:12] /r
