[1/4/2019 19:14:8] /b gostei do nome
[1/4/2019 19:14:16] /b toda vez que entrar vou lembrar de vc <3
[1/4/2019 19:24:16] /down
[1/4/2019 19:24:29] /c admin
[1/4/2019 19:26:10] /c admin
[1/4/2019 19:27:9] /m minotaur mage
[1/4/2019 19:27:15] /r
[1/4/2019 19:27:19] /goto admin
[1/4/2019 19:27:21] /goto admin
[1/4/2019 19:27:23] /goto admin
[1/4/2019 19:27:24] /goto admin
[1/4/2019 19:27:25] /goto admin
[1/4/2019 19:27:26] /goto admin
[1/4/2019 19:27:27] /goto admin
[1/4/2019 19:27:29] /goto admin
[1/4/2019 19:42:12] /light
[1/4/2019 20:41:1] /goto admin
[1/4/2019 21:5:18] /goto admin
[1/4/2019 21:6:31] /r
[1/4/2019 21:29:0] /r
