[1/3/2019 18:0:59] /town 1
[1/3/2019 18:13:57] /town 1
[1/3/2019 18:15:31] /town 1
[1/3/2019 18:15:57] /town 1
[1/3/2019 18:16:10] /town 1
[1/3/2019 18:17:24] /r
[1/3/2019 18:17:25] /r
[1/3/2019 18:17:26] /r
[1/3/2019 18:17:27] /r
[1/3/2019 18:17:29] /r
[1/3/2019 18:17:31] /r
[1/3/2019 18:17:32] /r
[1/3/2019 18:17:34] /r
[1/3/2019 18:17:40] /i 2160
[1/3/2019 18:17:41] /i 2160
[1/3/2019 18:17:42] /i 2160
[1/3/2019 18:17:42] /i 2160
[1/3/2019 18:17:43] /i 2160
[1/3/2019 18:17:43] /i 2160
[1/3/2019 18:17:44] /i 2160
[1/3/2019 18:17:44] /i 2160
[1/3/2019 18:17:45] /i 2160
[1/3/2019 18:17:46] /i 2160
[1/3/2019 18:18:47] /town 1
[1/3/2019 18:49:56] /i classic sword
[1/3/2019 18:50:5] /addskill senta chora, sword, 200
[1/3/2019 18:50:22] /addskill senta chora, sword, 200
[1/3/2019 20:55:43] /addskill Senta Chora, sword, 300
[1/3/2019 20:55:58] /addskill Senta Chora, sword, 100
[1/3/2019 20:56:0] /addskill Senta Chora, sword, 100
[1/3/2019 20:56:5] /addskill Senta Chora, sword, 5
[1/3/2019 20:56:6] /addskill Senta Chora, sword, 5
[1/3/2019 22:10:59] /save
[1/3/2019 22:11:0] /shutdown
[2/3/2019 12:44:19] /addskill Senta Chora, magic level, 60
[2/3/2019 12:44:22] /addskill Senta Chora, magic level, 60
[2/3/2019 12:47:35] /m archangel
[2/3/2019 12:48:3] /goto archangel
[2/3/2019 12:48:6] /goto arcanjo
[2/3/2019 12:54:42] /reload monster
[2/3/2019 13:11:2] /m archangel
[2/3/2019 13:12:8] /reload creaturescript
[2/3/2019 13:12:11] /m archangel
[2/3/2019 13:13:54] /reload creaturescript
[2/3/2019 13:13:57] /m archangel
[2/3/2019 13:15:23] /reload creaturescript
[2/3/2019 13:15:25] /m archangel
[2/3/2019 13:19:46] /m archangel
[2/3/2019 13:20:20] /m archangel
[2/3/2019 13:20:39] /attr health -999
[2/3/2019 13:20:40] /attr health -9999
[2/3/2019 13:20:41] /attr health -9999
[2/3/2019 13:20:41] /attr health -9999
[2/3/2019 13:20:42] /attr health -99990
[2/3/2019 13:20:43] /attr health -99990
[2/3/2019 13:21:1] /attr health -999
[2/3/2019 13:21:3] /attr health -9999
[2/3/2019 13:21:4] /attr health -9999
[2/3/2019 13:21:4] /attr health -9999
[2/3/2019 13:21:6] /attr health -9999
[2/3/2019 13:21:29] /m archangel
[10/3/2019 17:2:33] /addskill Senta Chora, sword, 40
[10/3/2019 17:2:43] /goto arcanjo
[10/3/2019 17:2:47] /light
[10/3/2019 17:2:51] /m archangel
[10/3/2019 17:3:2] /attr health -340000
[10/3/2019 17:45:34] /m archangel
[10/3/2019 17:45:45] /attr health -330000
[10/3/2019 17:46:41] /m archangel
[11/3/2019 20:40:14] /town 1
[11/3/2019 20:40:18] /light
[11/3/2019 20:40:25] /i backpack
[11/3/2019 20:40:29] /i 2160, 10
[11/3/2019 20:42:15] /i 2160, 3
[11/3/2019 20:42:41] /i 2160, 10
