[30/7/2018 20:34:40] /addskill subyth, level, 100
[30/7/2018 20:36:35] /reload action
[30/7/2018 20:37:59] /reload action
[30/7/2018 20:38:36] /reload action
[30/7/2018 20:40:57] /reload action
[30/7/2018 20:42:56] /addskill Mage Test, level, 30
[30/7/2018 20:43:2] /addskill Mage Test, level, 30
[30/7/2018 20:43:16] /addskill Mage Test, level, 100
[30/7/2018 20:43:18] /addskill Mage Test, level, 100
[30/7/2018 20:43:19] /addskill Mage Test, level, 100
[30/7/2018 20:43:45] /addskill Mage Test, level, 200
[30/7/2018 20:48:7] /reload action
[30/7/2018 20:59:34] /reload action
[30/7/2018 20:59:43] /i 2160
[30/7/2018 20:59:55] /reload action
[30/7/2018 21:6:26] /i backpack
[30/7/2018 21:6:42] /i 2001
[30/7/2018 21:6:48] /i great mana potion
[30/7/2018 21:6:48] /i great mana potion
[30/7/2018 21:6:48] /i great mana potion
[30/7/2018 21:6:48] /i great mana potion
[30/7/2018 21:6:48] /i great mana potion
[30/7/2018 21:6:48] /i great mana potion
[30/7/2018 21:6:48] /i great mana potion
[30/7/2018 21:6:49] /i great mana potion
[30/7/2018 21:6:49] /i great mana potion
[30/7/2018 21:6:49] /i great mana potion
[30/7/2018 21:6:49] /i great mana potion
[30/7/2018 21:6:49] /i great mana potion
[30/7/2018 21:6:49] /i great mana potion
[30/7/2018 21:6:49] /i great mana potion
[30/7/2018 21:6:49] /i great mana potion
[30/7/2018 21:6:49] /i great mana potion
[30/7/2018 21:6:49] /i great mana potion
[30/7/2018 21:6:49] /i great mana potion
[30/7/2018 21:6:49] /i great mana potion
[30/7/2018 21:6:49] /i great mana potion
[30/7/2018 21:6:49] /i great mana potion
[30/7/2018 21:6:49] /i great mana potion
[30/7/2018 21:6:49] /i great mana potion
[30/7/2018 21:6:49] /i great mana potion
[30/7/2018 21:6:49] /i great mana potion
[30/7/2018 21:6:49] /i great mana potion
[30/7/2018 21:6:49] /i great mana potion
[30/7/2018 21:6:49] /i great mana potion
[30/7/2018 21:12:37] /i 7342
[30/7/2018 21:12:45] /i great spirit potion
[30/7/2018 21:12:47] /i great spirit potion
[30/7/2018 21:12:47] /i great spirit potion
[30/7/2018 21:12:47] /i great spirit potion
[30/7/2018 21:12:48] /i great spirit potion
[30/7/2018 21:12:48] /i great spirit potion
[30/7/2018 21:12:48] /i great spirit potion
[30/7/2018 21:12:49] /i great spirit potion
[30/7/2018 21:12:49] /i great spirit potion
[30/7/2018 21:12:49] /i great spirit potion
[30/7/2018 21:12:50] /i great spirit potion
[30/7/2018 21:12:50] /i great spirit potion
[30/7/2018 21:12:50] /i great spirit potion
[30/7/2018 21:12:50] /i great spirit potion
[30/7/2018 21:12:51] /i great spirit potion
[30/7/2018 21:12:51] /i great spirit potion
[30/7/2018 21:12:51] /i great spirit potion
[30/7/2018 21:12:52] /i great spirit potion
[30/7/2018 21:12:52] /i great spirit potion
[30/7/2018 21:12:52] /i great spirit potion
[30/7/2018 21:12:53] /i great spirit potion
[30/7/2018 21:12:53] /i great spirit potion
[30/7/2018 21:12:53] /i great spirit potion
[30/7/2018 21:18:2] /i 2000
[30/7/2018 21:18:14] /i health potion, 2000
[30/7/2018 21:18:17] /i health potion, 100
[30/7/2018 21:18:21] /i health potion, 100
[30/7/2018 21:18:21] /i health potion, 100
[30/7/2018 21:18:21] /i health potion, 100
[30/7/2018 21:18:22] /i health potion, 100
[30/7/2018 21:18:22] /i health potion, 100
[30/7/2018 21:18:24] /i health potion, 100
[30/7/2018 21:18:24] /i health potion, 100
[30/7/2018 21:18:25] /i health potion, 100
[30/7/2018 21:18:25] /i health potion, 100
[30/7/2018 21:18:25] /i health potion, 100
[30/7/2018 21:18:25] /i health potion, 100
[30/7/2018 21:18:26] /i health potion, 100
[30/7/2018 21:18:26] /i health potion, 100
[30/7/2018 21:18:26] /i health potion, 100
[30/7/2018 21:18:27] /i health potion, 100
[30/7/2018 21:18:27] /i health potion, 100
[30/7/2018 21:18:27] /i health potion, 100
[30/7/2018 21:18:28] /i health potion, 100
[30/7/2018 21:18:28] /i health potion, 100
[30/7/2018 21:21:29] /i 2000
[30/7/2018 21:21:39] /i strong health potion
[30/7/2018 21:21:39] /i strong health potion
[30/7/2018 21:21:39] /i strong health potion
[30/7/2018 21:21:39] /i strong health potion
[30/7/2018 21:21:39] /i strong health potion
[30/7/2018 21:21:39] /i strong health potion
[30/7/2018 21:21:39] /i strong health potion
[30/7/2018 21:21:39] /i strong health potion
[30/7/2018 21:21:39] /i strong health potion
[30/7/2018 21:21:40] /i strong health potion
[30/7/2018 21:21:40] /i strong health potion
[30/7/2018 21:21:40] /i strong health potion
[30/7/2018 21:21:40] /i strong health potion
[30/7/2018 21:21:40] /i strong health potion
[30/7/2018 21:21:40] /i strong health potion
[30/7/2018 21:21:40] /i strong health potion
[30/7/2018 21:21:40] /i strong health potion
[30/7/2018 21:21:40] /i strong health potion
[30/7/2018 21:21:40] /i strong health potion
[30/7/2018 21:21:40] /i strong health potion
[30/7/2018 21:21:40] /i strong health potion
[30/7/2018 21:21:40] /i strong health potion
[30/7/2018 21:21:40] /i strong health potion
[30/7/2018 21:26:56] /i 2000
[30/7/2018 21:27:2] /i great health potion
[30/7/2018 21:27:2] /i great health potion
[30/7/2018 21:27:2] /i great health potion
[30/7/2018 21:27:2] /i great health potion
[30/7/2018 21:27:2] /i great health potion
[30/7/2018 21:27:2] /i great health potion
[30/7/2018 21:27:2] /i great health potion
[30/7/2018 21:27:2] /i great health potion
[30/7/2018 21:27:2] /i great health potion
[30/7/2018 21:27:2] /i great health potion
[30/7/2018 21:27:2] /i great health potion
[30/7/2018 21:27:2] /i great health potion
[30/7/2018 21:27:3] /i great health potion
[30/7/2018 21:27:3] /i great health potion
[30/7/2018 21:27:3] /i great health potion
[30/7/2018 21:27:3] /i great health potion
[30/7/2018 21:27:3] /i great health potion
[30/7/2018 21:27:3] /i great health potion
[30/7/2018 21:27:3] /i great health potion
[30/7/2018 21:27:3] /i great health potion
[30/7/2018 21:27:3] /i great health potion
[30/7/2018 21:27:3] /i great health potion
[30/7/2018 21:30:5] /save
[30/7/2018 21:30:6] /shutdown
[30/7/2018 21:34:55] /i backpack
[30/7/2018 21:36:29] /reload action
[30/7/2018 21:36:47] /i 2160
[30/7/2018 21:37:29] /reload action
[30/7/2018 21:37:40] /reload action
[30/7/2018 21:38:43] /save
[30/7/2018 21:38:44] /shutdown
[30/7/2018 23:23:0] /m mutated tiger
[30/7/2018 23:23:2] /m mutated tiger
[30/7/2018 23:23:3] /m mutated tiger
[30/7/2018 23:23:3] /m mutated tiger
[30/7/2018 23:23:3] /m mutated tiger
[30/7/2018 23:23:4] /m mutated tiger
[30/7/2018 23:23:4] /m mutated tiger
[30/7/2018 23:23:5] /m mutated tiger
[30/7/2018 23:23:22] /m mutated tiger
[30/7/2018 23:23:23] /m mutated tiger
[30/7/2018 23:23:23] /m mutated tiger
[30/7/2018 23:23:24] /m mutated tiger
[30/7/2018 23:23:24] /m mutated tiger
[30/7/2018 23:23:24] /m mutated tiger
[30/7/2018 23:23:47] /m mutated tiger
[30/7/2018 23:23:48] /m mutated tiger
[30/7/2018 23:23:48] /m mutated tiger
[30/7/2018 23:23:49] /m mutated tiger
[30/7/2018 23:23:49] /m mutated tiger
[30/7/2018 23:23:49] /m mutated tiger
[30/7/2018 23:24:20] /m fire devil
[30/7/2018 23:24:21] /m fire devil
[30/7/2018 23:24:21] /m fire devil
[30/7/2018 23:24:21] /m fire devil
[30/7/2018 23:24:22] /m fire devil
[30/7/2018 23:24:22] /m fire devil
[30/7/2018 23:24:22] /m fire devil
[30/7/2018 23:24:23] /m fire devil
[30/7/2018 23:24:23] /m fire devil
[30/7/2018 23:24:33] /m fire devil
[30/7/2018 23:24:34] /m fire devil
[30/7/2018 23:24:34] /m fire devil
[30/7/2018 23:24:34] /m fire devil
[30/7/2018 23:24:35] /m fire devil
[30/7/2018 23:24:35] /m fire devil
[30/7/2018 23:24:35] /m fire devil
[30/7/2018 23:24:36] /m fire devil
[30/7/2018 23:24:36] /m fire devil
[30/7/2018 23:24:43] /m fire devil
[30/7/2018 23:24:43] /m fire devil
[30/7/2018 23:24:44] /m fire devil
[30/7/2018 23:24:44] /m fire devil
[30/7/2018 23:24:44] /m fire devil
[30/7/2018 23:24:45] /m fire devil
[30/7/2018 23:24:45] /m fire devil
[30/7/2018 23:24:45] /m fire devil
[30/7/2018 23:24:55] /m fire devil
[30/7/2018 23:24:56] /m fire devil
[30/7/2018 23:24:56] /m fire devil
[30/7/2018 23:24:57] /m fire devil
[30/7/2018 23:24:57] /m fire devil
[30/7/2018 23:24:57] /m fire devil
[30/7/2018 23:24:58] /m fire devil
[30/7/2018 23:25:0] /m fire devil
[30/7/2018 23:25:14] /m fire devil
[30/7/2018 23:25:15] /m fire devil
[30/7/2018 23:25:15] /m fire devil
[30/7/2018 23:25:15] /m fire devil
[30/7/2018 23:25:16] /m fire devil
[30/7/2018 23:25:16] /m fire devil
[30/7/2018 23:25:16] /m fire devil
[30/7/2018 23:25:19] /m fire devil
[30/7/2018 23:25:29] /m fire devil
[30/7/2018 23:25:29] /m fire devil
[30/7/2018 23:25:30] /m fire devil
[30/7/2018 23:25:30] /m fire devil
[30/7/2018 23:25:30] /m fire devil
[30/7/2018 23:25:31] /m fire devil
[30/7/2018 23:25:31] /m fire devil
[30/7/2018 23:25:31] /m fire devil
[30/7/2018 23:25:41] /m fire devil
[30/7/2018 23:25:41] /m fire devil
[30/7/2018 23:25:42] /m fire devil
[30/7/2018 23:25:42] /m fire devil
[30/7/2018 23:25:42] /m fire devil
[30/7/2018 23:25:43] /m fire devil
[30/7/2018 23:25:43] /m fire devil
[30/7/2018 23:25:43] /m fire devil
[30/7/2018 23:25:55] /m demon skeleton
[30/7/2018 23:25:56] /m demon skeleton
[30/7/2018 23:25:56] /m demon skeleton
[30/7/2018 23:25:56] /m demon skeleton
[30/7/2018 23:25:57] /m demon skeleton
[30/7/2018 23:25:57] /m demon skeleton
[30/7/2018 23:25:57] /m demon skeleton
[30/7/2018 23:25:58] /m demon skeleton
[30/7/2018 23:26:8] /m demon skeleton
[30/7/2018 23:26:8] /m demon skeleton
[30/7/2018 23:26:9] /m demon skeleton
[30/7/2018 23:26:9] /m demon skeleton
[30/7/2018 23:26:9] /m demon skeleton
[30/7/2018 23:26:10] /m demon skeleton
[30/7/2018 23:26:10] /m demon skeleton
[30/7/2018 23:26:10] /m demon skeleton
[30/7/2018 23:26:31] /m warlork
[30/7/2018 23:26:33] /m warlok
[30/7/2018 23:26:36] /m warlork
[30/7/2018 23:26:43] /m warlock
[30/7/2018 23:26:43] /m warlock
[30/7/2018 23:26:44] /m warlock
[30/7/2018 23:26:44] /m warlock
[30/7/2018 23:26:45] /m warlock
[30/7/2018 23:26:45] /m warlock
[30/7/2018 23:26:45] /m warlock
[30/7/2018 23:26:46] /m warlock
[30/7/2018 23:26:54] /i magic sword
[30/7/2018 23:27:6] /i magic sword
[30/7/2018 23:27:7] /i magic sword
[30/7/2018 23:27:8] /i magic sword
[30/7/2018 23:27:10] /m warlock
[30/7/2018 23:27:11] /m warlock
[30/7/2018 23:27:11] /m warlock
[30/7/2018 23:27:11] /m warlock
[30/7/2018 23:27:12] /m warlock
[30/7/2018 23:27:12] /m warlock
[30/7/2018 23:27:12] /m warlock
[30/7/2018 23:27:13] /m warlock
[30/7/2018 23:46:14] /save
[30/7/2018 23:46:18] /shutdown
[31/7/2018 9:4:37] /i backpack
[31/7/2018 9:4:44] /i 2000
[31/7/2018 9:4:54] /i ultimate health potion
[31/7/2018 9:4:55] /i ultimate health potion
[31/7/2018 9:4:55] /i ultimate health potion
[31/7/2018 9:4:55] /i ultimate health potion
[31/7/2018 9:4:55] /i ultimate health potion
[31/7/2018 9:4:55] /i ultimate health potion
[31/7/2018 9:4:55] /i ultimate health potion
[31/7/2018 9:4:55] /i ultimate health potion
[31/7/2018 9:4:55] /i ultimate health potion
[31/7/2018 9:4:55] /i ultimate health potion
[31/7/2018 9:4:55] /i ultimate health potion
[31/7/2018 9:4:55] /i ultimate health potion
[31/7/2018 9:4:55] /i ultimate health potion
[31/7/2018 9:4:55] /i ultimate health potion
[31/7/2018 9:4:55] /i ultimate health potion
[31/7/2018 9:4:55] /i ultimate health potion
[31/7/2018 9:4:55] /i ultimate health potion
[31/7/2018 9:4:55] /i ultimate health potion
[31/7/2018 9:4:55] /i ultimate health potion
[31/7/2018 9:4:55] /i ultimate health potion
[31/7/2018 9:4:55] /i ultimate health potion
[31/7/2018 9:4:55] /i ultimate health potion
[31/7/2018 9:4:56] /i ultimate health potion
[31/7/2018 9:7:4] /i 2281
[31/7/2018 9:7:49] /i 2270
[31/7/2018 9:34:19] /i ultimate health rune
[31/7/2018 9:34:25] /i ultimate healing rune
[31/7/2018 9:46:23] /addskill kina test, level, 200
[31/7/2018 9:46:35] /addskill kina test, magic level, 7
[31/7/2018 9:49:21] /addskill kina test, magic level, -3
[31/7/2018 9:49:26] /addskill kina test, magic level, -3
[31/7/2018 9:50:58] /addskill kina test, magic level, 5
[31/7/2018 9:51:59] /addskill kina test, magic level, 4
[31/7/2018 9:59:38] /addskill kina test, magic level, 2
[31/7/2018 9:59:42] /addskill kina test, magic level, 1
[31/7/2018 10:2:1] /addskill kina test, magic level, 2
[31/7/2018 10:2:46] /addskill kina test, level, 50
[31/7/2018 10:3:34] /addskill kina test, level, 50
[31/7/2018 10:3:48] /town kina test
[31/7/2018 10:3:53] /town 1 kina test
[31/7/2018 10:3:56] /town 1
[31/7/2018 10:3:58] /c kina test
[31/7/2018 10:4:10] /m demon
[31/7/2018 10:4:11] /m demon
[31/7/2018 10:4:11] /m demon
[31/7/2018 10:4:11] /m demon
[31/7/2018 10:4:12] /m demon
[31/7/2018 10:4:12] /m demon
[31/7/2018 10:4:38] /addskill kina test, level, 50
[31/7/2018 10:6:6] /i ultimate healing rune
[31/7/2018 10:6:16] /i ultimate health potiojn
[31/7/2018 10:6:18] /i ultimate health potion
[31/7/2018 10:7:37] /m morgaroth
[31/7/2018 10:7:38] /m morgaroth
[31/7/2018 10:7:38] /m morgaroth
[31/7/2018 10:7:39] /m morgaroth
[31/7/2018 10:12:56] /addskill kina test, level, -300
[31/7/2018 10:13:5] /m orc berserker
[31/7/2018 10:13:5] /m orc berserker
[31/7/2018 10:13:6] /m orc berserker
[31/7/2018 10:13:6] /m orc berserker
[31/7/2018 10:13:6] /m orc berserker
[31/7/2018 10:13:7] /m orc berserker
[31/7/2018 10:13:7] /m orc berserker
[31/7/2018 10:13:7] /m orc berserker
[31/7/2018 10:13:32] /addskill kina test, level, 150
[31/7/2018 10:14:6] /addskill kina test, magic level, 3
[31/7/2018 10:15:11] /addskill kina test, level, -50
[31/7/2018 10:15:34] /addskill kina test, magic level, 2
[31/7/2018 10:15:37] /addskill kina test, magic level, 1
[31/7/2018 10:20:31] /i ultimate healing rune
[31/7/2018 10:20:33] /i ultimate healing rune
[31/7/2018 10:21:8] /addskill mage test, leve, -300
[31/7/2018 10:22:35] /m training dummy
[31/7/2018 10:22:40] /i magic longsword
[31/7/2018 10:22:56] /addskill subyth, sword, 40
[31/7/2018 10:23:1] /addskill subyth, sword, 40
[31/7/2018 10:23:17] /c mage test
[31/7/2018 10:24:5] /addskill subyth, sword, 40
[31/7/2018 10:25:2] /addskill mage test, magic level, 70
[31/7/2018 11:4:27] /addskill mage test, magic level, 50
[31/7/2018 11:7:44] /town 1
[31/7/2018 11:34:35] /i mana rune
[31/7/2018 11:35:41] /reload spells
[31/7/2018 11:35:49] /reload spells
[31/7/2018 11:35:55] /i 2160
[31/7/2018 11:36:32] /reload spells
[31/7/2018 11:36:42] /reload spells
[31/7/2018 11:37:8] /reload spells
[31/7/2018 11:37:26] /i ultimate healing rune
[31/7/2018 11:37:59] /m giant spider
[31/7/2018 11:38:0] /m giant spider
[31/7/2018 11:38:0] /m giant spider
[31/7/2018 11:38:1] /m giant spider
[31/7/2018 11:38:1] /m giant spider
[31/7/2018 11:38:1] /m giant spider
[31/7/2018 11:38:2] /m giant spider
[31/7/2018 11:53:18] /i mana rune
[31/7/2018 12:12:54] /i mana rune
[31/7/2018 12:15:55] /i mana rune
[31/7/2018 12:19:36] /i mana rune
[31/7/2018 12:19:56] /m demon
[31/7/2018 12:20:9] /r
[31/7/2018 12:20:10] /r
[31/7/2018 12:20:45] /m training dummy
[31/7/2018 12:21:14] /addskill subyth, sword, 40
[31/7/2018 12:21:18] /addskill subyth, sword, 40
[31/7/2018 12:21:21] /addskill subyth, sword, 40
[31/7/2018 12:21:23] /addskill subyth, sword, 40
[31/7/2018 12:21:26] /addskill subyth, sword, 40
[31/7/2018 12:21:28] /addskill subyth, sword, 40
[31/7/2018 12:22:40] /i ultimate healing rune
[31/7/2018 12:25:32] /m orb berserker
[31/7/2018 12:25:37] /m orc berserker
[31/7/2018 12:25:37] /m orc berserker
[31/7/2018 12:25:37] /m orc berserker
[31/7/2018 12:25:38] /m orc berserker
[31/7/2018 12:25:38] /m orc berserker
[31/7/2018 12:25:38] /m orc berserker
[31/7/2018 12:25:39] /m orc berserker
[31/7/2018 12:25:39] /m orc berserker
[31/7/2018 12:25:39] /m orc berserker
[31/7/2018 12:41:26] /addskill mage test, magic level, 100
[31/7/2018 12:41:29] /addskill mage test, magic level, 100
[31/7/2018 12:41:34] /addskill mage test, magic level, 10
[31/7/2018 12:41:39] /addskill mage test, magic level, 10
[31/7/2018 12:41:44] /addskill mage test, magic level, 1
[31/7/2018 12:42:22] /addskill kina test, sword, 200
[31/7/2018 12:42:34] /addskill kina test, sword, 50
[31/7/2018 12:42:41] /addskill kina test, sword, 50
[31/7/2018 12:42:46] /addskill kina test, sword, 50
[31/7/2018 12:43:8] /addskill kina test, sword, 50
[31/7/2018 12:44:44] /m demon
[31/7/2018 12:46:16] /m demon
[31/7/2018 12:47:34] /addskill mage test, magic level, 1
[31/7/2018 12:47:36] /addskill mage test, magic level, 1
[31/7/2018 12:47:36] /addskill mage test, magic level, 1
[31/7/2018 12:47:38] /addskill mage test, magic level, 1
[31/7/2018 12:47:39] /addskill mage test, magic level, 1
[31/7/2018 12:47:43] /addskill mage test, magic level, 1
[31/7/2018 12:47:44] /addskill mage test, magic level, 1
[31/7/2018 12:47:44] /addskill mage test, magic level, 1
[31/7/2018 12:47:44] /addskill mage test, magic level, 1
[31/7/2018 12:47:44] /addskill mage test, magic level, 1
[31/7/2018 12:47:44] /addskill mage test, magic level, 1
[31/7/2018 12:47:44] /addskill mage test, magic level, 1
[31/7/2018 12:47:44] /addskill mage test, magic level, 1
[31/7/2018 12:47:44] /addskill mage test, magic level, 1
[31/7/2018 12:47:44] /addskill mage test, magic level, 1
[31/7/2018 12:47:44] /addskill mage test, magic level, 1
[31/7/2018 12:47:44] /addskill mage test, magic level, 1
[31/7/2018 12:47:44] /addskill mage test, magic level, 1
[31/7/2018 12:47:47] /addskill mage test, magic level, 1
[31/7/2018 12:47:47] /addskill mage test, magic level, 1
[31/7/2018 12:47:47] /addskill mage test, magic level, 1
[31/7/2018 12:47:49] /addskill mage test, magic level, 1
[31/7/2018 12:47:49] /addskill mage test, magic level, 1
[31/7/2018 12:47:49] /addskill mage test, magic level, 1
[31/7/2018 12:47:49] /addskill mage test, magic level, 1
[31/7/2018 12:47:49] /addskill mage test, magic level, 1
[31/7/2018 12:47:49] /addskill mage test, magic level, 1
[31/7/2018 12:47:49] /addskill mage test, magic level, 1
[31/7/2018 12:47:49] /addskill mage test, magic level, 1
[31/7/2018 12:47:49] /addskill mage test, magic level, 1
[31/7/2018 12:47:50] /addskill mage test, magic level, 1
[31/7/2018 12:47:50] /addskill mage test, magic level, 1
[31/7/2018 12:47:50] /addskill mage test, magic level, 1
[31/7/2018 12:47:50] /addskill mage test, magic level, 1
[31/7/2018 12:47:50] /addskill mage test, magic level, 1
[31/7/2018 12:47:50] /addskill mage test, magic level, 1
[31/7/2018 12:47:50] /addskill mage test, magic level, 1
[31/7/2018 12:47:50] /addskill mage test, magic level, 1
[31/7/2018 12:47:50] /addskill mage test, magic level, 1
[31/7/2018 12:47:50] /addskill mage test, magic level, 1
[31/7/2018 12:47:50] /addskill mage test, magic level, 1
[31/7/2018 12:47:50] /addskill mage test, magic level, 1
[31/7/2018 12:47:50] /addskill mage test, magic level, 1
[31/7/2018 12:47:50] /addskill mage test, magic level, 1
[31/7/2018 12:47:50] /addskill mage test, magic level, 1
[31/7/2018 12:47:50] /addskill mage test, magic level, 1
[31/7/2018 12:47:50] /addskill mage test, magic level, 1
[31/7/2018 12:47:50] /addskill mage test, magic level, 1
[31/7/2018 12:47:50] /addskill mage test, magic level, 1
[31/7/2018 12:47:50] /addskill mage test, magic level, 1
[31/7/2018 12:47:50] /addskill mage test, magic level, 1
[31/7/2018 12:47:50] /addskill mage test, magic level, 1
[31/7/2018 12:47:50] /addskill mage test, magic level, 1
[31/7/2018 12:47:50] /addskill mage test, magic level, 1
[31/7/2018 12:47:50] /addskill mage test, magic level, 1
[31/7/2018 12:47:53] /addskill mage test, magic level, 1
[31/7/2018 12:47:53] /addskill mage test, magic level, 1
[31/7/2018 12:47:53] /addskill mage test, magic level, 1
[31/7/2018 12:47:53] /addskill mage test, magic level, 1
[31/7/2018 12:47:53] /addskill mage test, magic level, 1
[31/7/2018 12:47:53] /addskill mage test, magic level, 1
[31/7/2018 12:47:54] /addskill mage test, magic level, 1
[31/7/2018 12:47:54] /addskill mage test, magic level, 1
[31/7/2018 12:47:55] /addskill mage test, magic level, 1
[31/7/2018 12:47:55] /addskill mage test, magic level, 1
[31/7/2018 12:47:55] /addskill mage test, magic level, 1
[31/7/2018 12:47:56] /addskill mage test, magic level, 1
[31/7/2018 12:47:56] /addskill mage test, magic level, 1
[31/7/2018 12:47:56] /addskill mage test, magic level, 1
[31/7/2018 12:47:56] /addskill mage test, magic level, 1
[31/7/2018 12:47:56] /addskill mage test, magic level, 1
[31/7/2018 12:47:56] /addskill mage test, magic level, 1
[31/7/2018 12:47:56] /addskill mage test, magic level, 1
[31/7/2018 12:47:56] /addskill mage test, magic level, 1
[31/7/2018 12:47:56] /addskill mage test, magic level, 1
[31/7/2018 12:47:56] /addskill mage test, magic level, 1
[31/7/2018 12:47:56] /addskill mage test, magic level, 1
[31/7/2018 12:47:56] /addskill mage test, magic level, 1
[31/7/2018 12:47:56] /addskill mage test, magic level, 1
[31/7/2018 12:47:56] /addskill mage test, magic level, 1
[31/7/2018 12:47:56] /addskill mage test, magic level, 1
[31/7/2018 12:47:56] /addskill mage test, magic level, 1
[31/7/2018 12:47:56] /addskill mage test, magic level, 1
[31/7/2018 12:47:56] /addskill mage test, magic level, 1
[31/7/2018 12:47:56] /addskill mage test, magic level, 1
[31/7/2018 12:47:56] /addskill mage test, magic level, 1
[31/7/2018 12:47:56] /addskill mage test, magic level, 1
[31/7/2018 12:47:56] /addskill mage test, magic level, 1
[31/7/2018 12:47:56] /addskill mage test, magic level, 1
[31/7/2018 12:47:57] /addskill mage test, magic level, 1
[31/7/2018 12:47:57] /addskill mage test, magic level, 1
[31/7/2018 12:47:57] /addskill mage test, magic level, 1
[31/7/2018 12:47:57] /addskill mage test, magic level, 1
[31/7/2018 12:47:57] /addskill mage test, magic level, 1
[31/7/2018 12:47:57] /addskill mage test, magic level, 1
[31/7/2018 12:47:57] /addskill mage test, magic level, 1
[31/7/2018 12:47:57] /addskill mage test, magic level, 1
[31/7/2018 12:47:57] /addskill mage test, magic level, 1
[31/7/2018 12:47:57] /addskill mage test, magic level, 1
[31/7/2018 12:47:57] /addskill mage test, magic level, 1
[31/7/2018 12:47:57] /addskill mage test, magic level, 1
[31/7/2018 12:47:57] /addskill mage test, magic level, 1
[31/7/2018 12:47:57] /addskill mage test, magic level, 1
[31/7/2018 12:47:57] /addskill mage test, magic level, 1
[31/7/2018 12:47:57] /addskill mage test, magic level, 1
[31/7/2018 12:47:57] /addskill mage test, magic level, 1
[31/7/2018 12:48:0] /addskill mage test, magic level, 1
[31/7/2018 12:48:2] /addskill mage test, magic level, 1
[31/7/2018 15:21:20] /i blue backpack
[31/7/2018 15:21:29] /i 2270
[31/7/2018 15:21:30] /i 2270
[31/7/2018 15:21:30] /i 2270
[31/7/2018 15:21:31] /i 2270
[31/7/2018 15:21:31] /i 2270
[31/7/2018 15:21:31] /i 2270
[31/7/2018 15:21:32] /i 2270
[31/7/2018 15:21:32] /i 2270
[31/7/2018 15:21:32] /i 2270
[31/7/2018 15:21:32] /i 2270
[31/7/2018 15:21:33] /i 2270
[31/7/2018 15:21:33] /i 2270
[31/7/2018 15:21:33] /i 2270
[31/7/2018 15:21:34] /i 2270
[31/7/2018 15:21:34] /i 2270
[31/7/2018 15:21:34] /i 2270
[31/7/2018 15:21:35] /i 2270
[31/7/2018 15:21:35] /i 2270
[31/7/2018 15:21:35] /i 2270
[31/7/2018 15:21:36] /i 2270
[31/7/2018 15:21:36] /i 2270
[31/7/2018 15:21:36] /i 2270
[31/7/2018 15:21:37] /i 2270
[31/7/2018 15:27:51] /i blue backpack
[31/7/2018 15:28:26] /i ultimate healing rune
[31/7/2018 15:28:26] /i ultimate healing rune
[31/7/2018 15:28:27] /i ultimate healing rune
[31/7/2018 15:28:27] /i ultimate healing rune
[31/7/2018 15:28:27] /i ultimate healing rune
[31/7/2018 15:28:27] /i ultimate healing rune
[31/7/2018 15:28:27] /i ultimate healing rune
[31/7/2018 15:28:27] /i ultimate healing rune
[31/7/2018 15:28:27] /i ultimate healing rune
[31/7/2018 15:28:27] /i ultimate healing rune
[31/7/2018 15:28:27] /i ultimate healing rune
[31/7/2018 15:28:27] /i ultimate healing rune
[31/7/2018 15:28:27] /i ultimate healing rune
[31/7/2018 15:28:27] /i ultimate healing rune
[31/7/2018 15:28:27] /i ultimate healing rune
[31/7/2018 15:28:27] /i ultimate healing rune
[31/7/2018 15:28:27] /i ultimate healing rune
[31/7/2018 15:28:29] /i ultimate healing rune
[31/7/2018 15:28:29] /i ultimate healing rune
[31/7/2018 15:28:29] /i ultimate healing rune
[31/7/2018 15:28:29] /i ultimate healing rune
[31/7/2018 15:33:26] /i sudden death rune
[31/7/2018 15:33:30] /i grey backpack
[31/7/2018 15:33:41] /i sudden death rune
[31/7/2018 15:33:41] /i sudden death rune
[31/7/2018 15:33:41] /i sudden death rune
[31/7/2018 15:33:41] /i sudden death rune
[31/7/2018 15:33:41] /i sudden death rune
[31/7/2018 15:33:42] /i sudden death rune
[31/7/2018 15:33:42] /i sudden death rune
[31/7/2018 15:33:42] /i sudden death rune
[31/7/2018 15:33:42] /i sudden death rune
[31/7/2018 15:33:42] /i sudden death rune
[31/7/2018 15:33:42] /i sudden death rune
[31/7/2018 15:33:42] /i sudden death rune
[31/7/2018 15:33:42] /i sudden death rune
[31/7/2018 15:33:43] /i sudden death rune
[31/7/2018 15:33:43] /i sudden death rune
[31/7/2018 15:33:43] /i sudden death rune
[31/7/2018 15:33:43] /i sudden death rune
[31/7/2018 15:33:43] /i sudden death rune
[31/7/2018 15:33:43] /i sudden death rune
[31/7/2018 15:33:43] /i sudden death rune
[31/7/2018 15:33:43] /i sudden death rune
[31/7/2018 15:33:43] /i sudden death rune
[31/7/2018 15:33:43] /i sudden death rune
[31/7/2018 15:37:2] /i 2288
[31/7/2018 15:51:20] /i 2001
[31/7/2018 15:51:37] /i explosion rune
[31/7/2018 15:53:22] /i explosion rune
[31/7/2018 15:53:22] /i explosion rune
[31/7/2018 15:53:22] /i explosion rune
[31/7/2018 15:53:23] /i explosion rune
[31/7/2018 15:53:23] /i explosion rune
[31/7/2018 15:53:23] /i explosion rune
[31/7/2018 15:53:25] /i explosion rune
[31/7/2018 15:53:25] /i explosion rune
[31/7/2018 15:53:25] /i explosion rune
[31/7/2018 15:53:25] /i explosion rune
[31/7/2018 15:53:25] /i explosion rune
[31/7/2018 15:53:26] /i explosion rune
[31/7/2018 15:53:26] /i explosion rune
[31/7/2018 15:53:26] /i explosion rune
[31/7/2018 15:53:26] /i explosion rune
[31/7/2018 15:53:26] /i explosion rune
[31/7/2018 15:53:27] /i explosion rune
[31/7/2018 15:53:27] /i explosion rune
[31/7/2018 15:53:27] /i explosion rune
[31/7/2018 15:53:27] /i explosion rune
[31/7/2018 15:53:28] /i explosion rune
[31/7/2018 15:54:57] /i 2304
[31/7/2018 15:55:2] /i orange backpack
[31/7/2018 15:55:6] /i 2304
[31/7/2018 15:55:6] /i 2304
[31/7/2018 15:55:7] /i 2304
[31/7/2018 15:55:7] /i 2304
[31/7/2018 15:55:7] /i 2304
[31/7/2018 15:55:8] /i 2304
[31/7/2018 15:55:8] /i 2304
[31/7/2018 15:55:8] /i 2304
[31/7/2018 15:55:9] /i 2304
[31/7/2018 15:55:9] /i 2304
[31/7/2018 15:55:9] /i 2304
[31/7/2018 15:55:9] /i 2304
[31/7/2018 15:55:10] /i 2304
[31/7/2018 15:55:10] /i 2304
[31/7/2018 15:55:10] /i 2304
[31/7/2018 15:55:11] /i 2304
[31/7/2018 15:55:11] /i 2304
[31/7/2018 15:55:11] /i 2304
[31/7/2018 15:55:12] /i 2304
[31/7/2018 15:55:12] /i 2304
[31/7/2018 15:55:12] /i 2304
[31/7/2018 15:58:28] /i 2001
[31/7/2018 15:58:34] /i thunderstorm rune
[31/7/2018 15:58:35] /i thunderstorm rune
[31/7/2018 15:58:37] /i thunderstorm rune
[31/7/2018 15:58:37] /i thunderstorm rune
[31/7/2018 15:58:38] /i thunderstorm rune
[31/7/2018 15:58:39] /i thunderstorm rune
[31/7/2018 15:58:39] /i thunderstorm rune
[31/7/2018 15:58:40] /i thunderstorm rune
[31/7/2018 15:58:40] /i thunderstorm rune
[31/7/2018 15:58:40] /i thunderstorm rune
[31/7/2018 15:58:41] /i thunderstorm rune
[31/7/2018 15:58:41] /i thunderstorm rune
[31/7/2018 15:58:41] /i thunderstorm rune
[31/7/2018 15:58:41] /i thunderstorm rune
[31/7/2018 15:58:42] /i thunderstorm rune
[31/7/2018 15:58:42] /i thunderstorm rune
[31/7/2018 15:58:42] /i thunderstorm rune
[31/7/2018 15:58:43] /i thunderstorm rune
[31/7/2018 15:58:43] /i thunderstorm rune
[31/7/2018 15:58:43] /i thunderstorm rune
[31/7/2018 16:1:39] /i 2002
[31/7/2018 16:1:44] /i avalanche rune
[31/7/2018 16:1:45] /i avalanche rune
[31/7/2018 16:1:45] /i avalanche rune
[31/7/2018 16:1:45] /i avalanche rune
[31/7/2018 16:1:46] /i avalanche rune
[31/7/2018 16:1:46] /i avalanche rune
[31/7/2018 16:1:46] /i avalanche rune
[31/7/2018 16:1:46] /i avalanche rune
[31/7/2018 16:1:47] /i avalanche rune
[31/7/2018 16:1:47] /i avalanche rune
[31/7/2018 16:1:47] /i avalanche rune
[31/7/2018 16:1:48] /i avalanche rune
[31/7/2018 16:1:48] /i avalanche rune
[31/7/2018 16:1:48] /i avalanche rune
[31/7/2018 16:1:49] /i avalanche rune
[31/7/2018 16:1:49] /i avalanche rune
[31/7/2018 16:1:49] /i avalanche rune
[31/7/2018 16:1:49] /i avalanche rune
[31/7/2018 16:1:50] /i avalanche rune
[31/7/2018 16:1:51] /i avalanche rune
[31/7/2018 16:1:53] /i avalanche rune
[31/7/2018 16:4:8] /i green backpack
[31/7/2018 16:4:43] /i 2288
[31/7/2018 16:4:43] /i 2288
[31/7/2018 16:4:44] /i 2288
[31/7/2018 16:4:44] /i 2288
[31/7/2018 16:4:44] /i 2288
[31/7/2018 16:4:45] /i 2288
[31/7/2018 16:4:45] /i 2288
[31/7/2018 16:4:45] /i 2288
[31/7/2018 16:4:46] /i 2288
[31/7/2018 16:4:46] /i 2288
[31/7/2018 16:4:46] /i 2288
[31/7/2018 16:4:46] /i 2288
[31/7/2018 16:4:47] /i 2288
[31/7/2018 16:4:47] /i 2288
[31/7/2018 16:4:47] /i 2288
[31/7/2018 16:4:48] /i 2288
[31/7/2018 16:4:48] /i 2288
[31/7/2018 16:4:48] /i 2288
[31/7/2018 16:4:49] /i 2288
[31/7/2018 16:4:49] /i 2288
[31/7/2018 16:4:49] /i 2288
[31/7/2018 16:4:50] /i 2288
[31/7/2018 16:4:50] /i 2288
[31/7/2018 16:7:8] /i yellow backpack
[31/7/2018 16:8:2] /i 2297
[31/7/2018 16:8:3] /i 2297
[31/7/2018 16:8:4] /i 2297
[31/7/2018 16:8:4] /i 2297
[31/7/2018 16:8:4] /i 2297
[31/7/2018 16:8:4] /i 2297
[31/7/2018 16:8:5] /i 2297
[31/7/2018 16:8:5] /i 2297
[31/7/2018 16:8:5] /i 2297
[31/7/2018 16:8:6] /i 2297
[31/7/2018 16:8:6] /i 2297
[31/7/2018 16:8:6] /i 2297
[31/7/2018 16:8:7] /i 2297
[31/7/2018 16:8:7] /i 2297
[31/7/2018 16:8:7] /i 2297
[31/7/2018 16:8:8] /i 2297
[31/7/2018 16:8:8] /i 2297
[31/7/2018 16:8:8] /i 2297
[31/7/2018 16:8:9] /i 2297
[31/7/2018 16:8:9] /i 2297
[31/7/2018 16:8:9] /i 2297
[31/7/2018 16:8:10] /i 2297
[31/7/2018 16:8:10] /i 2297
[31/7/2018 16:11:32] /save
[31/7/2018 16:11:35] /shutdown
[31/7/2018 16:16:3] /i backpack
[31/7/2018 16:16:5] /i 2160
[31/7/2018 16:46:27] /down
[31/7/2018 16:46:37] /down
[31/7/2018 16:46:39] /down
[31/7/2018 16:46:39] /down
[31/7/2018 16:46:40] /down
[31/7/2018 16:46:41] /down
[31/7/2018 16:46:52] /up
[31/7/2018 16:46:52] /up
[31/7/2018 16:47:0] /down
[31/7/2018 16:47:2] /down
[31/7/2018 16:47:5] /up
[31/7/2018 16:47:29] /i 1483
[31/7/2018 16:47:31] /i 1483
[31/7/2018 16:47:47] /r
[31/7/2018 16:47:48] /i 1483
[31/7/2018 16:47:49] /r
[31/7/2018 16:47:50] /i 10198
[31/7/2018 16:47:51] /r
[31/7/2018 16:47:53] /i 10198
[31/7/2018 16:47:59] /i 11999
[31/7/2018 16:48:9] /i 3944
[31/7/2018 16:48:10] /i 3944
[31/7/2018 16:55:0] /save
[31/7/2018 16:55:1] /shutdown
[31/7/2018 16:58:48] /save
[31/7/2018 16:58:49] /shutdown
[31/7/2018 22:41:23] /m orc
[31/7/2018 22:41:39] /i 2006, 2
[31/7/2018 22:41:41] /i 2006, 2
[31/7/2018 22:41:42] /i 2006, 2
[31/7/2018 22:41:42] /i 2006, 2
[31/7/2018 22:41:42] /i 2006, 2
[31/7/2018 22:41:43] /i 2006, 2
[31/7/2018 22:43:27] /down
[31/7/2018 22:44:27] /save
[31/7/2018 22:44:28] /shutdown
[31/7/2018 22:52:15] /save
[31/7/2018 22:52:16] /shutdown
[31/7/2018 22:56:51] /save
[31/7/2018 22:56:52] /shutdown
[31/7/2018 22:58:45] /save
[31/7/2018 22:58:46] /shutdown
[31/7/2018 23:0:14] /i 2006, 2
[31/7/2018 23:0:17] /save
[31/7/2018 23:0:18] /shutdown
[31/7/2018 23:2:5] /i 1970
[31/7/2018 23:8:34] /save
[31/7/2018 23:8:36] /shutdown
[31/7/2018 23:14:13] /save
[31/7/2018 23:14:15] /shutdown
[31/7/2018 23:16:38] /i pick
[31/7/2018 23:35:37] /save
[31/7/2018 23:35:39] /shutdown
[31/7/2018 23:42:33] /save
[31/7/2018 23:42:36] /shutdown
[31/7/2018 23:43:52] /town 1
[31/7/2018 23:44:6] /i hole
[31/7/2018 23:44:13] /i 384
[31/7/2018 23:44:15] /i 382
[31/7/2018 23:44:18] /i 385
[31/7/2018 23:44:24] /up
[31/7/2018 23:44:26] /up
[31/7/2018 23:44:43] /i 8579
[31/7/2018 23:44:49] /i shovel
[31/7/2018 23:44:55] /up
[31/7/2018 23:45:33] /i 7200
[31/7/2018 23:54:57] /save
[31/7/2018 23:54:59] /shutdown
[31/7/2018 23:55:41] /i 2006, 2
[31/7/2018 23:56:6] /i 2006, 9
[31/7/2018 23:56:8] /i 2006, 8
[31/7/2018 23:56:9] /i 2006, 7
[31/7/2018 23:56:10] /i 2006, 6
[31/7/2018 23:56:10] /i 2006, 5
[31/7/2018 23:56:11] /i 2006, 4
[31/7/2018 23:56:13] /i 2006, 1
[31/7/2018 23:56:16] /i 2006, 2
[31/7/2018 23:56:18] /i 2006, 3
[31/7/2018 23:56:23] /i 2006, 11
[31/7/2018 23:57:25] /reload action
[31/7/2018 23:57:29] /i 2006, 11
[31/7/2018 23:58:52] /reload action
[31/7/2018 23:58:55] /i 2006, 11
[1/8/2018 0:0:45] /reload action
[1/8/2018 0:0:46] /i 2006, 11
[1/8/2018 0:4:34] /reload action
[1/8/2018 0:4:34] /i 2006, 11
[1/8/2018 0:4:51] /reload action
[1/8/2018 0:5:46] /reload action
[1/8/2018 0:5:54] /i 2006, 11
[1/8/2018 0:6:31] /up
[1/8/2018 0:6:38] /up
[1/8/2018 0:6:39] /down
[1/8/2018 0:9:29] /i backpack
[1/8/2018 0:9:52] /r
[1/8/2018 0:9:53] /r
[1/8/2018 0:9:54] /r
[1/8/2018 0:12:34] /down
[1/8/2018 0:13:56] /c test kina
[1/8/2018 0:14:1] /c kina test
[1/8/2018 0:14:35] /save
[1/8/2018 0:14:36] /shutdown
[1/8/2018 0:35:32] /save
[1/8/2018 0:35:34] /shutdown
[1/8/2018 0:36:30] /save
[1/8/2018 0:36:32] /shutdown
[1/8/2018 0:38:13] /c mage test
[1/8/2018 0:38:47] /c mage test
[1/8/2018 0:39:12] /c mage test
[1/8/2018 0:39:24] /c mage test
[1/8/2018 1:14:0] /town 1
[1/8/2018 1:15:25] /i 2006, 2
[1/8/2018 1:16:34] /i 2006, 11
[1/8/2018 1:18:17] /i pick
[1/8/2018 1:26:54] /save
[1/8/2018 1:26:56] /shutdown
[1/8/2018 17:25:52] /reload action
[1/8/2018 17:26:42] /i gold coin
[1/8/2018 17:33:5] /save
[1/8/2018 17:33:7] /shutdown
[1/8/2018 17:43:51] /save
[1/8/2018 17:43:52] /shutdown
[1/8/2018 18:20:54] /light
[1/8/2018 18:32:15] /town 1
[1/8/2018 18:32:18] /save
[1/8/2018 18:32:19] /shutdown
[1/8/2018 18:33:23] /up
[1/8/2018 18:33:23] /up
[1/8/2018 18:33:32] /i 2006, 2
[1/8/2018 18:33:35] /i 2006, 11
[1/8/2018 18:33:56] /i pick
[1/8/2018 18:36:7] /reload action
[1/8/2018 18:43:48] /save
[1/8/2018 18:43:50] /shutdown
[1/8/2018 18:45:15] /reload action
[1/8/2018 18:45:46] /reload action
[1/8/2018 18:46:37] /reload action
[1/8/2018 18:46:54] /save
[1/8/2018 18:46:56] /shutdown
[1/8/2018 18:47:54] /save
[1/8/2018 18:47:55] /shutdown
[1/8/2018 18:50:42] /save
[1/8/2018 18:50:43] /shutdown
[1/8/2018 18:51:4] /reload action
[1/8/2018 18:51:41] /save
[1/8/2018 18:51:42] /shutdown
[1/8/2018 18:53:36] /save
[1/8/2018 18:53:37] /shutdown
[1/8/2018 19:3:58] /save
[1/8/2018 19:4:0] /shutdown
[1/8/2018 19:5:17] /save
[1/8/2018 19:5:18] /shutdown
[1/8/2018 19:6:35] /save
[1/8/2018 19:6:36] /shutdown
[1/8/2018 19:7:24] /reload action
[1/8/2018 19:8:8] /reload action
[1/8/2018 19:8:48] /reload action
[1/8/2018 19:15:13] /down
[1/8/2018 19:16:57] /reload action
[1/8/2018 19:17:51] /reload action
[1/8/2018 19:18:17] /reload action
[1/8/2018 19:18:32] /reload action
[1/8/2018 19:18:43] /reload action
[1/8/2018 19:18:51] /reload action
[1/8/2018 19:18:56] /reload action
[1/8/2018 19:19:21] /reload action
[1/8/2018 19:19:36] /reload action
[1/8/2018 19:20:12] /reload action
[1/8/2018 19:20:29] /reload action
[1/8/2018 19:20:55] /reload action
[1/8/2018 19:21:11] /reload action
[1/8/2018 19:21:22] /reload action
[1/8/2018 19:21:27] /reload action
[1/8/2018 19:22:14] /reload action
[1/8/2018 19:22:37] /reload action
[1/8/2018 19:22:45] /reload action
[1/8/2018 19:23:8] /reload action
[1/8/2018 19:23:33] /reload action
[1/8/2018 19:23:39] /reload action
[1/8/2018 19:23:46] /reload action
[1/8/2018 19:23:51] /reload action
[1/8/2018 19:24:5] /reload action
[1/8/2018 19:24:24] /reload action
[1/8/2018 19:24:28] /reload action
[1/8/2018 19:24:44] /reload action
[1/8/2018 19:24:55] /reload action
[1/8/2018 19:24:59] /reload action
[1/8/2018 19:25:3] /reload action
[1/8/2018 19:25:14] /reload action
[1/8/2018 19:25:20] /reload action
[1/8/2018 19:25:29] /reload action
[1/8/2018 19:25:35] /reload action
[1/8/2018 19:25:46] /reload action
[1/8/2018 19:25:59] /reload action
[1/8/2018 19:26:17] /reload action
[1/8/2018 19:26:24] /reload action
[1/8/2018 19:26:30] /reload action
[1/8/2018 19:27:5] /reload action
[1/8/2018 19:27:26] /save
[1/8/2018 19:27:27] /shutdown
[1/8/2018 19:28:19] /i firebomb rune
[1/8/2018 19:28:22] /i fire bomb rune
[1/8/2018 19:29:25] /save
[1/8/2018 19:29:26] /shutdown
[1/8/2018 19:36:4] /up
[1/8/2018 19:39:6] /up
[1/8/2018 19:39:8] /up
[1/8/2018 19:39:16] /i 2006, 11
[1/8/2018 19:40:11] /i 2006, 11
[1/8/2018 19:41:19] /reload action
[1/8/2018 19:41:23] /i 2006, 11
[1/8/2018 19:43:6] /i 2006, 11
[1/8/2018 19:45:27] /i 2006, 11
[1/8/2018 19:45:32] /reload action
[1/8/2018 19:45:42] /save
[1/8/2018 19:45:43] /shutdown
[1/8/2018 19:46:13] /i 2006, 11
[1/8/2018 19:47:5] /i 2006, 11
[1/8/2018 19:47:25] /i 2006, 11
[1/8/2018 19:47:51] /up
[1/8/2018 19:47:59] /i 2006, 2
[1/8/2018 19:48:0] /i 2006, 11
[1/8/2018 20:30:32] /i 2006, 11
[2/8/2018 11:30:36] /i 2006, 11
[2/8/2018 11:32:37] /i brown book
[2/8/2018 11:32:47] /i 1980
[2/8/2018 11:33:48] /i 1971
[2/8/2018 11:34:35] /save
[2/8/2018 11:34:36] /shutdown
[2/8/2018 11:36:57] /i book
[2/8/2018 11:37:17] /i 1955
[2/8/2018 11:40:40] /i 1950
[2/8/2018 11:44:11] /save
[2/8/2018 11:44:12] /shutdown
[2/8/2018 11:49:8] /save
[2/8/2018 11:49:10] /shutdown
[2/8/2018 11:50:6] /reload action
[2/8/2018 11:50:45] /r
[2/8/2018 11:50:46] /r
[2/8/2018 11:53:11] /save
[2/8/2018 11:53:12] /shutdown
[2/8/2018 11:54:29] /save
[2/8/2018 11:54:30] /shutdown
[2/8/2018 11:56:50] /reload action
[2/8/2018 11:59:36] /reload action
[2/8/2018 12:3:37] /reload action
[2/8/2018 12:3:42] /reload action
[2/8/2018 12:4:9] /save
[2/8/2018 12:4:10] /shutdown
[2/8/2018 12:7:41] /reload action
[2/8/2018 12:7:57] /reload action
[2/8/2018 12:9:7] /save
[2/8/2018 12:9:8] /shutdown
[2/8/2018 12:10:24] /reload action
[2/8/2018 12:10:33] /shutdown
[2/8/2018 12:11:20] /save
[2/8/2018 12:11:22] /shutdown
[2/8/2018 12:15:18] /save
[2/8/2018 12:15:19] /shutdown
[2/8/2018 12:16:53] /save
[2/8/2018 12:16:54] /shutdown
[2/8/2018 12:17:50] /save
[2/8/2018 12:17:51] /shutdown
[2/8/2018 12:19:44] /save
[2/8/2018 12:19:46] /shutdown
[2/8/2018 12:22:24] /save
[2/8/2018 12:22:25] /shutdown
[2/8/2018 12:24:1] /save
[2/8/2018 12:24:2] /shutdown
[2/8/2018 12:24:50] /save
[2/8/2018 12:24:51] /shutdown
[2/8/2018 12:25:40] /r
[2/8/2018 12:25:45] /i parcel
[2/8/2018 12:26:34] /i 1741
[2/8/2018 12:33:35] /i 2023
[2/8/2018 12:33:59] /i 1739
[2/8/2018 12:34:23] /i knight statue
[2/8/2018 12:34:29] /r
[2/8/2018 12:35:0] /i energy bomb rune
[2/8/2018 12:35:43] /i poison bomb rune
[2/8/2018 12:36:5] /i /r
[2/8/2018 12:36:17] /r
[2/8/2018 12:36:18] /r
[2/8/2018 12:36:19] /r
[2/8/2018 12:36:20] /r
[2/8/2018 12:36:21] /r
[2/8/2018 12:36:22] /r
[2/8/2018 12:36:22] /r
[2/8/2018 12:36:23] /r
[2/8/2018 12:36:33] /i magic wall rune
[2/8/2018 12:36:57] /r
[2/8/2018 12:36:59] /r
[2/8/2018 12:37:38] /save
[2/8/2018 12:37:40] /shutdown
[2/8/2018 12:38:28] /c kina test
[2/8/2018 12:39:18] /goto kina test
[2/8/2018 12:39:49] /goto kina test
[2/8/2018 12:40:42] /goto kina test
[2/8/2018 12:41:45] /i shovel
[2/8/2018 12:41:57] /up
[2/8/2018 12:56:9] /save
[2/8/2018 12:56:10] /shutdown
[2/8/2018 12:56:46] /down
[2/8/2018 13:0:9] /save
[2/8/2018 13:0:11] /shutdown
[2/8/2018 13:5:10] /save
[2/8/2018 13:5:11] /shutdown
[2/8/2018 13:7:40] /reload action
[2/8/2018 13:8:21] /reload action
[2/8/2018 13:8:33] /reload action
[2/8/2018 13:8:51] /reload action
[2/8/2018 13:9:13] /reload action
[2/8/2018 13:9:31] /reload action
[2/8/2018 13:9:54] /reload action
[2/8/2018 13:10:4] /reload action
[2/8/2018 13:10:52] /down
[2/8/2018 13:11:13] /down
[2/8/2018 13:11:48] /down
[2/8/2018 13:16:24] /down
[2/8/2018 22:58:39] /up
[2/8/2018 22:59:28] /save
[2/8/2018 22:59:29] /shutdown
[2/8/2018 23:6:33] /save
[2/8/2018 23:6:34] /shutdown
[2/8/2018 23:7:46] /r
[2/8/2018 23:8:26] /r
[2/8/2018 23:12:46] /up
[2/8/2018 23:15:22] /save
[2/8/2018 23:15:23] /shutdown
[2/8/2018 23:15:52] /r
[2/8/2018 23:15:56] /save
[2/8/2018 23:15:57] /shutdown
[2/8/2018 23:16:30] /i destroy field
[2/8/2018 23:16:33] /i destroy field rune
[2/8/2018 23:17:15] /save
[2/8/2018 23:17:17] /shutdown
[3/8/2018 0:10:9] /save
[3/8/2018 0:10:10] /shutdown
[3/8/2018 0:13:47] /save
[3/8/2018 0:13:48] /shutdown
[3/8/2018 0:14:59] /save
[3/8/2018 0:15:0] /shutdown
[3/8/2018 0:17:36] /save
[3/8/2018 0:17:37] /shutdown
[3/8/2018 12:23:18] /save
[3/8/2018 12:23:20] /shutdown
[3/8/2018 12:25:34] /save
[3/8/2018 12:25:36] /shutdown
[3/8/2018 12:26:47] /save
[3/8/2018 12:26:48] /shutdown
[3/8/2018 12:28:16] /reload action
[3/8/2018 12:30:28] /save
[3/8/2018 12:30:29] /shutdown
[3/8/2018 12:31:55] /reload action
[3/8/2018 12:32:53] /reload action
[3/8/2018 12:33:1] /i 598
[3/8/2018 12:33:2] /i 598
[3/8/2018 12:33:2] /i 598
[3/8/2018 12:33:3] /i 598
[3/8/2018 12:34:1] /reload action
[3/8/2018 12:34:14] /reload action
[3/8/2018 12:34:30] /reload action
[3/8/2018 12:34:52] /reload action
[3/8/2018 12:35:18] /r
[3/8/2018 12:36:5] /reload action
[3/8/2018 12:38:40] /save
[3/8/2018 12:38:41] /shutdown
[3/8/2018 12:39:19] /save
[3/8/2018 12:39:22] /shutdown
[3/8/2018 12:40:27] /save
[3/8/2018 12:40:29] /shutdown
[3/8/2018 16:46:0] /light
[3/8/2018 16:47:20] /down
[3/8/2018 16:47:30] /down
[3/8/2018 16:47:51] /r
[3/8/2018 16:48:32] /up
[3/8/2018 16:50:2] /up
[3/8/2018 16:50:10] /down
[3/8/2018 17:14:0] /save
[3/8/2018 17:14:2] /shutdown
[3/8/2018 17:14:34] /up
[3/8/2018 17:14:34] /up
[3/8/2018 17:14:35] /up
[3/8/2018 17:14:38] /down
[3/8/2018 17:16:12] /save
[3/8/2018 17:16:14] /shutdown
[3/8/2018 17:17:8] /down
[3/8/2018 17:17:10] /down
[3/8/2018 17:40:36] /save
[3/8/2018 17:40:39] /shutdown
[3/8/2018 17:42:34] /down
[3/8/2018 17:42:37] /down
[3/8/2018 17:42:47] /down
[3/8/2018 17:42:48] /down
[3/8/2018 17:42:54] /m morgaroth
[3/8/2018 17:42:59] /goto morgaroth
[3/8/2018 17:43:1] /goto morgaroth
[3/8/2018 17:43:22] /up
[3/8/2018 17:43:23] /up
[3/8/2018 17:43:37] /down
[3/8/2018 17:44:25] /down
[3/8/2018 17:44:25] /down
[3/8/2018 17:44:53] /down
[3/8/2018 17:44:53] /down
[3/8/2018 17:57:1] /save
[3/8/2018 17:57:6] /shutdown
[5/8/2018 21:46:40] /save
[5/8/2018 21:46:41] /shutdown
[5/8/2018 21:56:2] /save
[5/8/2018 21:56:3] /shutdown
[5/8/2018 21:57:9] /save
[5/8/2018 21:57:10] /shutdown
[5/8/2018 21:59:39] /save
[5/8/2018 21:59:40] /shutdown
[5/8/2018 22:1:1] /save
[5/8/2018 22:1:2] /shutdown
[5/8/2018 22:4:1] /up
[5/8/2018 22:4:10] /up
[5/8/2018 22:5:59] /save
[5/8/2018 22:6:0] /shutdown
[5/8/2018 22:8:42] /save
[5/8/2018 22:8:43] /shutdown
[5/8/2018 22:11:51] /up
[5/8/2018 22:11:52] /up
[5/8/2018 22:12:58] /up
[5/8/2018 22:12:58] /up
[5/8/2018 22:13:4] /up
[5/8/2018 22:13:48] /r
[5/8/2018 22:14:46] /up
[5/8/2018 22:14:46] /up
[5/8/2018 22:15:40] /down
[5/8/2018 22:15:40] /down
[5/8/2018 22:16:27] /save
[5/8/2018 22:16:28] /shutdown
[5/8/2018 22:17:1] /r
[5/8/2018 22:18:45] /down
[5/8/2018 22:18:47] /up
[5/8/2018 22:18:51] /down
[5/8/2018 22:18:53] /up
[5/8/2018 22:22:56] /save
[5/8/2018 22:22:57] /shutdown
[5/8/2018 22:29:52] /i 2006, 1
[5/8/2018 22:29:55] /i 2006, 2
[5/8/2018 22:30:18] /i 2006, 2
[5/8/2018 22:30:51] /i 2006, 2
[5/8/2018 22:32:2] /i 2006, 11
[5/8/2018 22:35:57] /down
[5/8/2018 22:36:31] /down
[5/8/2018 22:37:14] /down
[5/8/2018 22:37:24] /up
[5/8/2018 22:37:25] /up
[5/8/2018 22:37:25] /up
[5/8/2018 22:37:26] /up
[5/8/2018 22:37:30] /down
[5/8/2018 22:39:5] /up
[5/8/2018 22:39:7] /up
[5/8/2018 22:39:13] /down
[5/8/2018 22:39:23] /r
[5/8/2018 22:40:41] /r
[5/8/2018 22:40:42] /r
[5/8/2018 22:40:43] /r
[5/8/2018 22:40:45] /r
[5/8/2018 23:12:31] /reload npc
[5/8/2018 23:12:44] /reload npc
[5/8/2018 23:12:58] /reload npc
[5/8/2018 23:14:27] /reload nps
[5/8/2018 23:14:28] /reload npc
[5/8/2018 23:21:2] /reload npc
[5/8/2018 23:23:43] /reload npc
[5/8/2018 23:27:36] /reload npc
[5/8/2018 23:28:50] /reload npc
[5/8/2018 23:28:51] /town 1
[5/8/2018 23:29:2] /reload npc
[5/8/2018 23:29:3] /reload npc
[5/8/2018 23:29:9] /i 2160
[5/8/2018 23:29:27] /town 1
[5/8/2018 23:30:6] /town 1
[5/8/2018 23:31:12] /reload npc
[5/8/2018 23:31:46] /reload npc
[5/8/2018 23:32:34] /reload npc
[5/8/2018 23:33:15] /reload npc
[5/8/2018 23:36:0] /reload npc
[5/8/2018 23:47:1] /reload npc
[5/8/2018 23:47:32] /reload npc
[5/8/2018 23:48:59] /i football
[5/8/2018 23:50:43] /reload npc
[5/8/2018 23:51:21] /reload npc
[5/8/2018 23:51:58] /save
[5/8/2018 23:51:59] /shutdown
[6/8/2018 20:33:22] /save
[6/8/2018 20:33:23] /shutdown
[7/8/2018 10:56:14] /town 1
[7/8/2018 10:56:41] /light
[7/8/2018 11:2:11] /save
[7/8/2018 11:2:12] /shutdown
[7/8/2018 11:6:37] /r
[7/8/2018 11:6:39] /i backpack
[7/8/2018 11:6:48] /r
[7/8/2018 11:6:55] /i 12505
[7/8/2018 11:7:50] /i 12505
[7/8/2018 11:7:55] /r
[7/8/2018 11:7:56] /r
[7/8/2018 11:8:40] /i 12300
[7/8/2018 11:8:42] /i 12300
[7/8/2018 11:10:3] /i 11421
[7/8/2018 11:10:19] /i dwarven pickaxe
[7/8/2018 11:13:2] /i 9743
[7/8/2018 11:15:26] /i 9141
[7/8/2018 11:15:31] /i 9141
[7/8/2018 11:15:42] /i 9369
[7/8/2018 11:19:45] /r
[7/8/2018 11:20:50] /save
[7/8/2018 11:20:51] /shutdown
[7/8/2018 11:29:57] /r
[7/8/2018 11:29:58] /r
[7/8/2018 11:30:2] /i 12679
[7/8/2018 11:30:8] /r
[7/8/2018 11:30:33] /save
[7/8/2018 11:30:35] /shutdown
[7/8/2018 11:31:16] /i 7760
[7/8/2018 11:32:26] /i 12543
[7/8/2018 11:37:3] /i 8303
[7/8/2018 11:43:27] /save
[7/8/2018 11:43:28] /shutdown
[7/8/2018 11:44:9] /i 12681
[7/8/2018 11:45:24] /i ice pick
[7/8/2018 11:48:56] /save
[7/8/2018 11:48:57] /shutdown
[7/8/2018 11:49:19] /i 12682
[7/8/2018 11:50:19] /i 2157
[7/8/2018 11:55:6] /save
[7/8/2018 11:55:7] /shutdown
[7/8/2018 12:2:46] /i 3610
[7/8/2018 12:2:47] /r
[7/8/2018 12:2:54] /i 12680
[7/8/2018 12:12:1] /save
[7/8/2018 12:12:5] /reload action
[7/8/2018 12:13:2] /reload action
[7/8/2018 12:13:19] /reload action
[7/8/2018 12:15:39] /reload action
[7/8/2018 12:16:44] /save
[7/8/2018 12:16:45] /shutdown
[7/8/2018 12:18:6] /reload action
[7/8/2018 12:21:22] /reload action
[7/8/2018 12:24:36] /reload action
[7/8/2018 12:27:20] /reload action
[7/8/2018 12:28:29] /save
[7/8/2018 12:28:30] /shutdown
[7/8/2018 12:30:10] /save
[7/8/2018 12:30:11] /shutdown
[7/8/2018 12:32:36] /save
[7/8/2018 12:32:37] /shutdown
[7/8/2018 12:37:48] /reload action
[7/8/2018 12:38:19] /reload action
[7/8/2018 12:38:37] /town 1
[7/8/2018 12:38:42] /i advanced pick
[7/8/2018 12:44:14] /reload action
[7/8/2018 12:45:29] /reload action
[7/8/2018 12:47:32] /reload action
[7/8/2018 12:48:18] /reload action
[7/8/2018 13:3:1] /town 1
[7/8/2018 13:14:36] /save
[7/8/2018 13:14:38] /shutdown
[7/8/2018 13:36:55] /i life ring
[7/8/2018 13:37:0] /i life ring
[7/8/2018 13:37:1] /i life ring
[7/8/2018 13:37:19] /i ring of healing
[7/8/2018 13:37:55] /save
[7/8/2018 13:37:56] /shutdown
[7/8/2018 13:51:37] /reload npc
[7/8/2018 13:52:1] /i concentrated red crystal
[7/8/2018 13:52:34] /reload npc
[7/8/2018 14:1:15] /save
[7/8/2018 14:1:16] /shutdown
[7/8/2018 14:2:17] /save
[7/8/2018 14:2:18] /shutdown
[7/8/2018 14:5:58] /save
[7/8/2018 14:5:59] /shutdown
[7/8/2018 14:9:1] /save
[7/8/2018 14:9:2] /shutdown
[7/8/2018 14:10:43] /save
[7/8/2018 14:10:44] /shutdown
[7/8/2018 14:16:14] /save
[7/8/2018 14:16:15] /shutdown
[7/8/2018 14:26:29] /reload talkaction
[7/8/2018 14:26:35] /reload talkaction
[7/8/2018 14:26:47] /reload talkaction
[7/8/2018 14:26:53] /reload talkaction
[7/8/2018 14:26:58] /reload talkaction
[7/8/2018 14:28:15] /reload talkaction
[7/8/2018 14:28:26] /reload talkaction
[7/8/2018 14:28:41] /reload talkaction
[7/8/2018 14:28:50] /reload talkaction
[7/8/2018 14:29:19] /reload talkaction
[7/8/2018 14:29:31] /reload talkaction
[7/8/2018 14:29:45] /reload talkaction
[7/8/2018 14:29:57] /reload talkaction
[7/8/2018 14:30:8] /reload talkaction
[7/8/2018 14:30:29] /reload talkaction
[7/8/2018 14:30:42] /reload talkaction
[7/8/2018 14:30:57] /reload talkaction
[7/8/2018 14:31:4] /reload talkaction
[7/8/2018 14:31:47] /reload talkaction
[7/8/2018 14:31:54] /reload talkaction
[7/8/2018 14:32:9] /reload talkaction
[7/8/2018 14:32:26] /reload talkaction
[7/8/2018 14:32:40] /reload talkaction
[7/8/2018 14:32:52] /reload talkaction
[7/8/2018 14:32:57] /reload talkaction
[7/8/2018 14:33:5] /reload talkaction
[7/8/2018 14:33:12] /reload talkaction
[7/8/2018 14:33:39] /reload talkaction
[7/8/2018 14:33:45] /reload talkaction
[7/8/2018 14:33:58] /reload talkaction
[7/8/2018 14:34:32] /reload talkaction
[7/8/2018 14:35:17] /reload talkaction
[7/8/2018 14:35:48] /reload talkaction
[7/8/2018 14:36:18] /reload talkaction
[7/8/2018 14:39:30] /reload talkaction
[7/8/2018 14:39:44] /reload talkaction
[7/8/2018 14:39:51] /reload talkaction
[7/8/2018 14:39:55] /reload talkaction
[7/8/2018 14:39:59] /reload talkaction
[7/8/2018 14:40:2] /reload talkaction
[7/8/2018 14:40:8] /reload talkaction
[7/8/2018 14:40:14] /reload talkaction
[7/8/2018 14:40:18] /reload talkaction
[7/8/2018 14:40:35] /reload talkaction
[7/8/2018 14:40:42] /reload talkaction
[7/8/2018 14:40:45] /reload talkaction
[7/8/2018 14:41:6] /reload talkaction
[7/8/2018 14:41:13] /reload talkaction
[7/8/2018 14:41:24] /reload talkaction
[7/8/2018 14:41:32] /reload talkaction
[7/8/2018 14:41:47] /reload talkaction
[7/8/2018 14:41:51] /reload talkaction
[7/8/2018 14:41:56] /reload talkaction
[7/8/2018 14:42:2] /reload talkaction
[7/8/2018 14:48:4] /reload npc
[7/8/2018 14:48:39] /reload npc
[7/8/2018 14:49:3] /i 12681
[7/8/2018 17:54:56] /goto lizard chosen
[7/8/2018 17:54:58] /r
[7/8/2018 17:54:59] /goto lizard chosen
[7/8/2018 17:55:1] /r
[7/8/2018 17:55:1] /goto lizard chosen
[7/8/2018 17:55:2] /r
[7/8/2018 17:55:4] /r
[7/8/2018 17:55:4] /goto lizard chosen
[7/8/2018 17:55:5] /r
[7/8/2018 17:55:7] /r
[7/8/2018 17:55:7] /r
[7/8/2018 17:55:8] /goto lizard chosen
[7/8/2018 17:55:9] /r
[7/8/2018 17:55:11] /r
[7/8/2018 17:55:11] /goto lizard chosen
[7/8/2018 17:55:12] /r
[7/8/2018 17:55:13] /goto lizard chosen
[7/8/2018 17:55:14] /r
[7/8/2018 17:55:15] /goto lizard chosen
[7/8/2018 17:55:16] /r
[7/8/2018 17:55:16] /goto lizard chosen
[7/8/2018 17:55:18] /r
[7/8/2018 17:55:18] /goto lizard chosen
[7/8/2018 17:55:19] /r
[7/8/2018 17:55:20] /goto lizard chosen
[7/8/2018 17:55:21] /r
[7/8/2018 17:55:21] /goto lizard chosen
[7/8/2018 17:55:23] /r
[7/8/2018 17:55:23] /goto lizard chosen
[7/8/2018 17:55:25] /r
[7/8/2018 17:55:25] /goto lizard chosen
[7/8/2018 17:55:26] /goto lizard chosen
[7/8/2018 17:55:27] /goto lizard chosen
[7/8/2018 17:55:28] /goto lizard chosen
[7/8/2018 17:55:59] /town 1
[7/8/2018 17:56:3] /save
[7/8/2018 17:56:4] /shutdown
[16/8/2018 13:42:16] /light
[16/8/2018 13:44:8] /town 1
[16/8/2018 13:51:20] /up
[16/8/2018 13:52:0] /i life ring
[16/8/2018 13:52:1] /i life ring
[16/8/2018 13:52:2] /i life ring
[16/8/2018 13:52:2] /i life ring
[16/8/2018 13:52:3] /i life ring
[16/8/2018 15:10:6] /town 1
[16/8/2018 15:12:55] /reload globalevents
[16/8/2018 15:13:10] /reload globalevents
[16/8/2018 15:13:36] /reload globalevents
[16/8/2018 15:13:46] /reload globalevents
[16/8/2018 15:14:6] /light
[16/8/2018 15:15:41] /i 2297
[16/8/2018 15:15:56] /i mana rune
[16/8/2018 15:16:44] /save
[16/8/2018 15:16:45] /shutdown
