[24/7/2018 10:9:4] Deleted item from 'player_items' with SERIAL: [35K71-TDNYX-VCZQY-5ZW5K] PLAYER: [2] PLAYER NAME: [Rook Sample] ITEM: [2457] COUNT: [1]
[24/7/2018 10:9:4] Deleted item from 'player_items' with SERIAL: [35K71-TDNYX-VCZQY-5ZW5K] PLAYER: [3] PLAYER NAME: [Sorcerer Sample] ITEM: [2457] COUNT: [1]
[24/7/2018 10:9:4] Deleted item from 'player_items' with SERIAL: [35K71-TDNYX-VCZQY-5ZW5K] PLAYER: [4] PLAYER NAME: [Druid Sample] ITEM: [2457] COUNT: [1]
[24/7/2018 10:9:4] Deleted item from 'player_items' with SERIAL: [35K71-TDNYX-VCZQY-5ZW5K] PLAYER: [5] PLAYER NAME: [Paladin Sample] ITEM: [2457] COUNT: [1]
[24/7/2018 10:9:4] Deleted item from 'player_items' with SERIAL: [35K71-TDNYX-VCZQY-5ZW5K] PLAYER: [6] PLAYER NAME: [Knight Sample] ITEM: [2457] COUNT: [1]
[24/7/2018 10:9:4] Deleted item from 'player_items' with SERIAL: [3YGVT-WRU28-HO3Z1-4ZVEN] PLAYER: [2] PLAYER NAME: [Rook Sample] ITEM: [2120] COUNT: [1]
[24/7/2018 10:9:4] Deleted item from 'player_items' with SERIAL: [3YGVT-WRU28-HO3Z1-4ZVEN] PLAYER: [3] PLAYER NAME: [Sorcerer Sample] ITEM: [2120] COUNT: [1]
[24/7/2018 10:9:4] Deleted item from 'player_items' with SERIAL: [3YGVT-WRU28-HO3Z1-4ZVEN] PLAYER: [4] PLAYER NAME: [Druid Sample] ITEM: [2120] COUNT: [1]
[24/7/2018 10:9:4] Deleted item from 'player_items' with SERIAL: [3YGVT-WRU28-HO3Z1-4ZVEN] PLAYER: [5] PLAYER NAME: [Paladin Sample] ITEM: [2120] COUNT: [1]
[24/7/2018 10:9:4] Deleted item from 'player_items' with SERIAL: [3YGVT-WRU28-HO3Z1-4ZVEN] PLAYER: [6] PLAYER NAME: [Knight Sample] ITEM: [2120] COUNT: [1]
[24/7/2018 10:9:4] Deleted item from 'player_items' with SERIAL: [5NN5X-7DSUC-9KD0S-GZLTN] PLAYER: [2] PLAYER NAME: [Rook Sample] ITEM: [2647] COUNT: [1]
[24/7/2018 10:9:4] Deleted item from 'player_items' with SERIAL: [5NN5X-7DSUC-9KD0S-GZLTN] PLAYER: [3] PLAYER NAME: [Sorcerer Sample] ITEM: [2647] COUNT: [1]
[24/7/2018 10:9:4] Deleted item from 'player_items' with SERIAL: [5NN5X-7DSUC-9KD0S-GZLTN] PLAYER: [4] PLAYER NAME: [Druid Sample] ITEM: [2647] COUNT: [1]
[24/7/2018 10:9:4] Deleted item from 'player_items' with SERIAL: [5NN5X-7DSUC-9KD0S-GZLTN] PLAYER: [5] PLAYER NAME: [Paladin Sample] ITEM: [2647] COUNT: [1]
[24/7/2018 10:9:4] Deleted item from 'player_items' with SERIAL: [5NN5X-7DSUC-9KD0S-GZLTN] PLAYER: [6] PLAYER NAME: [Knight Sample] ITEM: [2647] COUNT: [1]
[24/7/2018 10:9:4] Deleted item from 'player_items' with SERIAL: [5OTLJ-36T5G-ZX81C-YZH6B] PLAYER: [2] PLAYER NAME: [Rook Sample] ITEM: [1988] COUNT: [1]
[24/7/2018 10:9:4] Deleted item from 'player_items' with SERIAL: [5OTLJ-36T5G-ZX81C-YZH6B] PLAYER: [3] PLAYER NAME: [Sorcerer Sample] ITEM: [1988] COUNT: [1]
[24/7/2018 10:9:4] Deleted item from 'player_items' with SERIAL: [5OTLJ-36T5G-ZX81C-YZH6B] PLAYER: [4] PLAYER NAME: [Druid Sample] ITEM: [1988] COUNT: [1]
[24/7/2018 10:9:4] Deleted item from 'player_items' with SERIAL: [5OTLJ-36T5G-ZX81C-YZH6B] PLAYER: [5] PLAYER NAME: [Paladin Sample] ITEM: [1988] COUNT: [1]
[24/7/2018 10:9:4] Deleted item from 'player_items' with SERIAL: [5OTLJ-36T5G-ZX81C-YZH6B] PLAYER: [6] PLAYER NAME: [Knight Sample] ITEM: [1988] COUNT: [1]
[24/7/2018 10:9:4] Deleted item from 'player_items' with SERIAL: [IEBLU-ZP3XS-757KQ-KTBD0] PLAYER: [2] PLAYER NAME: [Rook Sample] ITEM: [2463] COUNT: [1]
[24/7/2018 10:9:4] Deleted item from 'player_items' with SERIAL: [IEBLU-ZP3XS-757KQ-KTBD0] PLAYER: [3] PLAYER NAME: [Sorcerer Sample] ITEM: [2463] COUNT: [1]
[24/7/2018 10:9:4] Deleted item from 'player_items' with SERIAL: [IEBLU-ZP3XS-757KQ-KTBD0] PLAYER: [4] PLAYER NAME: [Druid Sample] ITEM: [2463] COUNT: [1]
[24/7/2018 10:9:4] Deleted item from 'player_items' with SERIAL: [IEBLU-ZP3XS-757KQ-KTBD0] PLAYER: [5] PLAYER NAME: [Paladin Sample] ITEM: [2463] COUNT: [1]
[24/7/2018 10:9:4] Deleted item from 'player_items' with SERIAL: [IEBLU-ZP3XS-757KQ-KTBD0] PLAYER: [6] PLAYER NAME: [Knight Sample] ITEM: [2463] COUNT: [1]
[24/7/2018 10:9:4] Deleted item from 'player_items' with SERIAL: [X9VL0-IIVQ2-Y5W0U-4M5L1] PLAYER: [2] PLAYER NAME: [Rook Sample] ITEM: [2643] COUNT: [1]
[24/7/2018 10:9:4] Deleted item from 'player_items' with SERIAL: [X9VL0-IIVQ2-Y5W0U-4M5L1] PLAYER: [3] PLAYER NAME: [Sorcerer Sample] ITEM: [2643] COUNT: [1]
[24/7/2018 10:9:4] Deleted item from 'player_items' with SERIAL: [X9VL0-IIVQ2-Y5W0U-4M5L1] PLAYER: [4] PLAYER NAME: [Druid Sample] ITEM: [2643] COUNT: [1]
[24/7/2018 10:9:4] Deleted item from 'player_items' with SERIAL: [X9VL0-IIVQ2-Y5W0U-4M5L1] PLAYER: [5] PLAYER NAME: [Paladin Sample] ITEM: [2643] COUNT: [1]
[24/7/2018 10:9:4] Deleted item from 'player_items' with SERIAL: [X9VL0-IIVQ2-Y5W0U-4M5L1] PLAYER: [6] PLAYER NAME: [Knight Sample] ITEM: [2643] COUNT: [1]
[24/7/2018 10:9:4] Deleted item from 'player_items' with SERIAL: [Z8MR4-J2EWO-X3X5Q-BOHUJ] PLAYER: [2] PLAYER NAME: [Rook Sample] ITEM: [2525] COUNT: [1]
[24/7/2018 10:9:4] Deleted item from 'player_items' with SERIAL: [Z8MR4-J2EWO-X3X5Q-BOHUJ] PLAYER: [3] PLAYER NAME: [Sorcerer Sample] ITEM: [2525] COUNT: [1]
[24/7/2018 10:9:4] Deleted item from 'player_items' with SERIAL: [Z8MR4-J2EWO-X3X5Q-BOHUJ] PLAYER: [4] PLAYER NAME: [Druid Sample] ITEM: [2525] COUNT: [1]
[24/7/2018 10:9:4] Deleted item from 'player_items' with SERIAL: [Z8MR4-J2EWO-X3X5Q-BOHUJ] PLAYER: [5] PLAYER NAME: [Paladin Sample] ITEM: [2525] COUNT: [1]
[24/7/2018 10:9:4] Deleted item from 'player_items' with SERIAL: [Z8MR4-J2EWO-X3X5Q-BOHUJ] PLAYER: [6] PLAYER NAME: [Knight Sample] ITEM: [2525] COUNT: [1]
[25/7/2018 22:26:46] Deleted item from 'player_items' with SERIAL: [54KKB-SJK5M-2QDCI-8JQ8B] PLAYER: [3] PLAYER NAME: [Sorcerer Sample] ITEM: [2190] COUNT: [1]
[25/7/2018 22:26:46] Deleted item from 'player_items' with SERIAL: [54KKB-SJK5M-2QDCI-8JQ8B] PLAYER: [8] PLAYER NAME: [Mage Test] ITEM: [2190] COUNT: [1]
[25/7/2018 22:26:46] Deleted item from 'player_items' with SERIAL: [561SP-78HGZ-QQ1B6-YD43N] PLAYER: [3] PLAYER NAME: [Sorcerer Sample] ITEM: [2457] COUNT: [1]
[25/7/2018 22:26:46] Deleted item from 'player_items' with SERIAL: [561SP-78HGZ-QQ1B6-YD43N] PLAYER: [8] PLAYER NAME: [Mage Test] ITEM: [2457] COUNT: [1]
[25/7/2018 22:26:46] Deleted item from 'player_items' with SERIAL: [6TFFT-8MX79-O0FJW-WRUND] PLAYER: [3] PLAYER NAME: [Sorcerer Sample] ITEM: [2643] COUNT: [1]
[25/7/2018 22:26:46] Deleted item from 'player_items' with SERIAL: [6TFFT-8MX79-O0FJW-WRUND] PLAYER: [8] PLAYER NAME: [Mage Test] ITEM: [2643] COUNT: [1]
[25/7/2018 22:26:46] Deleted item from 'player_items' with SERIAL: [B21LN-8JEF3-M66N0-IE48J] PLAYER: [3] PLAYER NAME: [Sorcerer Sample] ITEM: [2598] COUNT: [1]
[25/7/2018 22:26:46] Deleted item from 'player_items' with SERIAL: [B21LN-8JEF3-M66N0-IE48J] PLAYER: [8] PLAYER NAME: [Mage Test] ITEM: [2598] COUNT: [1]
[25/7/2018 22:26:46] Deleted item from 'player_items' with SERIAL: [ND2M2-JEOO9-4JIDJ-J22VJ] PLAYER: [3] PLAYER NAME: [Sorcerer Sample] ITEM: [2525] COUNT: [1]
[25/7/2018 22:26:46] Deleted item from 'player_items' with SERIAL: [ND2M2-JEOO9-4JIDJ-J22VJ] PLAYER: [8] PLAYER NAME: [Mage Test] ITEM: [2525] COUNT: [1]
[25/7/2018 22:26:46] Deleted item from 'player_items' with SERIAL: [NRIJW-451S7-WOC8D-MI9OG] PLAYER: [3] PLAYER NAME: [Sorcerer Sample] ITEM: [2463] COUNT: [1]
[25/7/2018 22:26:46] Deleted item from 'player_items' with SERIAL: [NRIJW-451S7-WOC8D-MI9OG] PLAYER: [8] PLAYER NAME: [Mage Test] ITEM: [2463] COUNT: [1]
[25/7/2018 22:26:46] Deleted item from 'player_items' with SERIAL: [Q4BMG-4P00W-KGLY4-2JEML] PLAYER: [3] PLAYER NAME: [Sorcerer Sample] ITEM: [2120] COUNT: [1]
[25/7/2018 22:26:46] Deleted item from 'player_items' with SERIAL: [Q4BMG-4P00W-KGLY4-2JEML] PLAYER: [8] PLAYER NAME: [Mage Test] ITEM: [2120] COUNT: [1]
[25/7/2018 22:26:46] Deleted item from 'player_items' with SERIAL: [UF6OH-K4PVE-VH7XE-RXB3R] PLAYER: [3] PLAYER NAME: [Sorcerer Sample] ITEM: [2647] COUNT: [1]
[25/7/2018 22:26:46] Deleted item from 'player_items' with SERIAL: [UF6OH-K4PVE-VH7XE-RXB3R] PLAYER: [8] PLAYER NAME: [Mage Test] ITEM: [2647] COUNT: [1]
[25/7/2018 22:26:46] Deleted item from 'player_items' with SERIAL: [UH91P-315QN-ZZDSE-UYRGJ] PLAYER: [3] PLAYER NAME: [Sorcerer Sample] ITEM: [1988] COUNT: [1]
[25/7/2018 22:26:46] Deleted item from 'player_items' with SERIAL: [UH91P-315QN-ZZDSE-UYRGJ] PLAYER: [8] PLAYER NAME: [Mage Test] ITEM: [1988] COUNT: [1]
[30/7/2018 20:13:45] Deleted item from 'player_items' with SERIAL: [0N50B-NG59M-3JCR1-ESNVD] PLAYER: [6] PLAYER NAME: [Knight Sample] ITEM: [2525] COUNT: [1]
[30/7/2018 20:13:45] Deleted item from 'player_items' with SERIAL: [0N50B-NG59M-3JCR1-ESNVD] PLAYER: [8] PLAYER NAME: [Kina Test] ITEM: [2525] COUNT: [1]
[30/7/2018 20:13:45] Deleted item from 'player_items' with SERIAL: [17FWN-U6KFD-ERQTJ-RXOBT] PLAYER: [6] PLAYER NAME: [Knight Sample] ITEM: [1988] COUNT: [1]
[30/7/2018 20:13:45] Deleted item from 'player_items' with SERIAL: [17FWN-U6KFD-ERQTJ-RXOBT] PLAYER: [8] PLAYER NAME: [Kina Test] ITEM: [1988] COUNT: [1]
[30/7/2018 20:13:45] Deleted item from 'player_items' with SERIAL: [24D1Z-0KPBO-Z8TJM-S2VGI] PLAYER: [6] PLAYER NAME: [Knight Sample] ITEM: [8601] COUNT: [1]
[30/7/2018 20:13:45] Deleted item from 'player_items' with SERIAL: [24D1Z-0KPBO-Z8TJM-S2VGI] PLAYER: [8] PLAYER NAME: [Kina Test] ITEM: [8601] COUNT: [1]
[30/7/2018 20:13:45] Deleted item from 'player_items' with SERIAL: [3J3UN-T8NQG-XKY0V-QF5VJ] PLAYER: [6] PLAYER NAME: [Knight Sample] ITEM: [2643] COUNT: [1]
[30/7/2018 20:13:45] Deleted item from 'player_items' with SERIAL: [3J3UN-T8NQG-XKY0V-QF5VJ] PLAYER: [8] PLAYER NAME: [Kina Test] ITEM: [2643] COUNT: [1]
[30/7/2018 20:13:45] Deleted item from 'player_items' with SERIAL: [ISVQJ-4PJSN-8Q8HK-DF4L8] PLAYER: [6] PLAYER NAME: [Knight Sample] ITEM: [2439] COUNT: [1]
[30/7/2018 20:13:45] Deleted item from 'player_items' with SERIAL: [ISVQJ-4PJSN-8Q8HK-DF4L8] PLAYER: [8] PLAYER NAME: [Kina Test] ITEM: [2439] COUNT: [1]
[30/7/2018 20:13:45] Deleted item from 'player_items' with SERIAL: [PFLT6-OLSYQ-5L3LQ-6DRX2] PLAYER: [6] PLAYER NAME: [Knight Sample] ITEM: [2598] COUNT: [1]
[30/7/2018 20:13:45] Deleted item from 'player_items' with SERIAL: [PFLT6-OLSYQ-5L3LQ-6DRX2] PLAYER: [8] PLAYER NAME: [Kina Test] ITEM: [2598] COUNT: [1]
[30/7/2018 20:13:45] Deleted item from 'player_items' with SERIAL: [Q5KIF-XWGT3-L62YI-Q3MX9] PLAYER: [6] PLAYER NAME: [Knight Sample] ITEM: [2457] COUNT: [1]
[30/7/2018 20:13:45] Deleted item from 'player_items' with SERIAL: [Q5KIF-XWGT3-L62YI-Q3MX9] PLAYER: [8] PLAYER NAME: [Kina Test] ITEM: [2457] COUNT: [1]
[30/7/2018 20:13:45] Deleted item from 'player_items' with SERIAL: [RIE8R-PNIR8-DCZ5Q-6C1UM] PLAYER: [6] PLAYER NAME: [Knight Sample] ITEM: [2463] COUNT: [1]
[30/7/2018 20:13:45] Deleted item from 'player_items' with SERIAL: [RIE8R-PNIR8-DCZ5Q-6C1UM] PLAYER: [8] PLAYER NAME: [Kina Test] ITEM: [2463] COUNT: [1]
[30/7/2018 20:13:45] Deleted item from 'player_items' with SERIAL: [UV4LY-XIF7F-PB9DY-GE4RN] PLAYER: [6] PLAYER NAME: [Knight Sample] ITEM: [2647] COUNT: [1]
[30/7/2018 20:13:45] Deleted item from 'player_items' with SERIAL: [UV4LY-XIF7F-PB9DY-GE4RN] PLAYER: [8] PLAYER NAME: [Kina Test] ITEM: [2647] COUNT: [1]
[30/7/2018 20:13:45] Deleted item from 'player_items' with SERIAL: [VP6O2-0GLL6-E2BVB-PDS18] PLAYER: [6] PLAYER NAME: [Knight Sample] ITEM: [2120] COUNT: [1]
[30/7/2018 20:13:45] Deleted item from 'player_items' with SERIAL: [VP6O2-0GLL6-E2BVB-PDS18] PLAYER: [8] PLAYER NAME: [Kina Test] ITEM: [2120] COUNT: [1]
[30/7/2018 20:13:45] Deleted item from 'player_items' with SERIAL: [XLYSF-KCN84-232E0-HRWF4] PLAYER: [6] PLAYER NAME: [Knight Sample] ITEM: [8602] COUNT: [1]
[30/7/2018 20:13:45] Deleted item from 'player_items' with SERIAL: [XLYSF-KCN84-232E0-HRWF4] PLAYER: [8] PLAYER NAME: [Kina Test] ITEM: [8602] COUNT: [1]
[16/8/2018 13:40:54] Deleted item from 'player_items' with SERIAL: [54KKB-SJK5M-2QDCI-8JQ8B] PLAYER: [3] PLAYER NAME: [Sorcerer Sample] ITEM: [2190] COUNT: [1]
[16/8/2018 13:40:54] Deleted item from 'player_items' with SERIAL: [54KKB-SJK5M-2QDCI-8JQ8B] PLAYER: [10] PLAYER NAME: [Cryptanalyze] ITEM: [2190] COUNT: [1]
[16/8/2018 13:40:54] Deleted item from 'player_items' with SERIAL: [54KKB-SJK5M-2QDCI-8JQ8B] PLAYER: [11] PLAYER NAME: [Symmetric] ITEM: [2190] COUNT: [1]
[16/8/2018 13:40:54] Deleted item from 'player_items' with SERIAL: [54KKB-SJK5M-2QDCI-8JQ8B] PLAYER: [12] PLAYER NAME: [Synonymus] ITEM: [2190] COUNT: [1]
[16/8/2018 13:40:54] Deleted item from 'player_items' with SERIAL: [54KKB-SJK5M-2QDCI-8JQ8B] PLAYER: [13] PLAYER NAME: [Mental Alchemy] ITEM: [2190] COUNT: [1]
[16/8/2018 13:40:54] Deleted item from 'player_items' with SERIAL: [54KKB-SJK5M-2QDCI-8JQ8B] PLAYER: [14] PLAYER NAME: [Metal Alchemy] ITEM: [2190] COUNT: [1]
[16/8/2018 13:40:54] Deleted item from 'player_items' with SERIAL: [561SP-78HGZ-QQ1B6-YD43N] PLAYER: [3] PLAYER NAME: [Sorcerer Sample] ITEM: [2457] COUNT: [1]
[16/8/2018 13:40:54] Deleted item from 'player_items' with SERIAL: [561SP-78HGZ-QQ1B6-YD43N] PLAYER: [10] PLAYER NAME: [Cryptanalyze] ITEM: [2457] COUNT: [1]
[16/8/2018 13:40:54] Deleted item from 'player_items' with SERIAL: [561SP-78HGZ-QQ1B6-YD43N] PLAYER: [11] PLAYER NAME: [Symmetric] ITEM: [2457] COUNT: [1]
[16/8/2018 13:40:54] Deleted item from 'player_items' with SERIAL: [561SP-78HGZ-QQ1B6-YD43N] PLAYER: [12] PLAYER NAME: [Synonymus] ITEM: [2457] COUNT: [1]
[16/8/2018 13:40:54] Deleted item from 'player_items' with SERIAL: [561SP-78HGZ-QQ1B6-YD43N] PLAYER: [13] PLAYER NAME: [Mental Alchemy] ITEM: [2457] COUNT: [1]
[16/8/2018 13:40:54] Deleted item from 'player_items' with SERIAL: [561SP-78HGZ-QQ1B6-YD43N] PLAYER: [14] PLAYER NAME: [Metal Alchemy] ITEM: [2457] COUNT: [1]
[16/8/2018 13:40:54] Deleted item from 'player_items' with SERIAL: [6TFFT-8MX79-O0FJW-WRUND] PLAYER: [3] PLAYER NAME: [Sorcerer Sample] ITEM: [2643] COUNT: [1]
[16/8/2018 13:40:54] Deleted item from 'player_items' with SERIAL: [6TFFT-8MX79-O0FJW-WRUND] PLAYER: [10] PLAYER NAME: [Cryptanalyze] ITEM: [2643] COUNT: [1]
[16/8/2018 13:40:54] Deleted item from 'player_items' with SERIAL: [6TFFT-8MX79-O0FJW-WRUND] PLAYER: [11] PLAYER NAME: [Symmetric] ITEM: [2643] COUNT: [1]
[16/8/2018 13:40:54] Deleted item from 'player_items' with SERIAL: [6TFFT-8MX79-O0FJW-WRUND] PLAYER: [12] PLAYER NAME: [Synonymus] ITEM: [2643] COUNT: [1]
[16/8/2018 13:40:54] Deleted item from 'player_items' with SERIAL: [6TFFT-8MX79-O0FJW-WRUND] PLAYER: [13] PLAYER NAME: [Mental Alchemy] ITEM: [2643] COUNT: [1]
[16/8/2018 13:40:54] Deleted item from 'player_items' with SERIAL: [6TFFT-8MX79-O0FJW-WRUND] PLAYER: [14] PLAYER NAME: [Metal Alchemy] ITEM: [2643] COUNT: [1]
[16/8/2018 13:40:54] Deleted item from 'player_items' with SERIAL: [B21LN-8JEF3-M66N0-IE48J] PLAYER: [3] PLAYER NAME: [Sorcerer Sample] ITEM: [2598] COUNT: [1]
[16/8/2018 13:40:54] Deleted item from 'player_items' with SERIAL: [B21LN-8JEF3-M66N0-IE48J] PLAYER: [10] PLAYER NAME: [Cryptanalyze] ITEM: [2598] COUNT: [1]
[16/8/2018 13:40:54] Deleted item from 'player_items' with SERIAL: [B21LN-8JEF3-M66N0-IE48J] PLAYER: [11] PLAYER NAME: [Symmetric] ITEM: [2598] COUNT: [1]
[16/8/2018 13:40:54] Deleted item from 'player_items' with SERIAL: [B21LN-8JEF3-M66N0-IE48J] PLAYER: [12] PLAYER NAME: [Synonymus] ITEM: [2598] COUNT: [1]
[16/8/2018 13:40:54] Deleted item from 'player_items' with SERIAL: [B21LN-8JEF3-M66N0-IE48J] PLAYER: [13] PLAYER NAME: [Mental Alchemy] ITEM: [2598] COUNT: [1]
[16/8/2018 13:40:54] Deleted item from 'player_items' with SERIAL: [B21LN-8JEF3-M66N0-IE48J] PLAYER: [14] PLAYER NAME: [Metal Alchemy] ITEM: [2598] COUNT: [1]
[16/8/2018 13:40:54] Deleted item from 'player_items' with SERIAL: [ND2M2-JEOO9-4JIDJ-J22VJ] PLAYER: [3] PLAYER NAME: [Sorcerer Sample] ITEM: [2525] COUNT: [1]
[16/8/2018 13:40:54] Deleted item from 'player_items' with SERIAL: [ND2M2-JEOO9-4JIDJ-J22VJ] PLAYER: [10] PLAYER NAME: [Cryptanalyze] ITEM: [2525] COUNT: [1]
[16/8/2018 13:40:54] Deleted item from 'player_items' with SERIAL: [ND2M2-JEOO9-4JIDJ-J22VJ] PLAYER: [11] PLAYER NAME: [Symmetric] ITEM: [2525] COUNT: [1]
[16/8/2018 13:40:54] Deleted item from 'player_items' with SERIAL: [ND2M2-JEOO9-4JIDJ-J22VJ] PLAYER: [12] PLAYER NAME: [Synonymus] ITEM: [2525] COUNT: [1]
[16/8/2018 13:40:54] Deleted item from 'player_items' with SERIAL: [ND2M2-JEOO9-4JIDJ-J22VJ] PLAYER: [13] PLAYER NAME: [Mental Alchemy] ITEM: [2525] COUNT: [1]
[16/8/2018 13:40:54] Deleted item from 'player_items' with SERIAL: [ND2M2-JEOO9-4JIDJ-J22VJ] PLAYER: [14] PLAYER NAME: [Metal Alchemy] ITEM: [2525] COUNT: [1]
[16/8/2018 13:40:54] Deleted item from 'player_items' with SERIAL: [NRIJW-451S7-WOC8D-MI9OG] PLAYER: [3] PLAYER NAME: [Sorcerer Sample] ITEM: [2463] COUNT: [1]
[16/8/2018 13:40:54] Deleted item from 'player_items' with SERIAL: [NRIJW-451S7-WOC8D-MI9OG] PLAYER: [10] PLAYER NAME: [Cryptanalyze] ITEM: [2463] COUNT: [1]
[16/8/2018 13:40:54] Deleted item from 'player_items' with SERIAL: [NRIJW-451S7-WOC8D-MI9OG] PLAYER: [11] PLAYER NAME: [Symmetric] ITEM: [2463] COUNT: [1]
[16/8/2018 13:40:54] Deleted item from 'player_items' with SERIAL: [NRIJW-451S7-WOC8D-MI9OG] PLAYER: [12] PLAYER NAME: [Synonymus] ITEM: [2463] COUNT: [1]
[16/8/2018 13:40:54] Deleted item from 'player_items' with SERIAL: [NRIJW-451S7-WOC8D-MI9OG] PLAYER: [13] PLAYER NAME: [Mental Alchemy] ITEM: [2463] COUNT: [1]
[16/8/2018 13:40:54] Deleted item from 'player_items' with SERIAL: [NRIJW-451S7-WOC8D-MI9OG] PLAYER: [14] PLAYER NAME: [Metal Alchemy] ITEM: [2463] COUNT: [1]
[16/8/2018 13:40:54] Deleted item from 'player_items' with SERIAL: [Q4BMG-4P00W-KGLY4-2JEML] PLAYER: [3] PLAYER NAME: [Sorcerer Sample] ITEM: [2120] COUNT: [1]
[16/8/2018 13:40:54] Deleted item from 'player_items' with SERIAL: [Q4BMG-4P00W-KGLY4-2JEML] PLAYER: [10] PLAYER NAME: [Cryptanalyze] ITEM: [2120] COUNT: [1]
[16/8/2018 13:40:55] Deleted item from 'player_items' with SERIAL: [Q4BMG-4P00W-KGLY4-2JEML] PLAYER: [11] PLAYER NAME: [Symmetric] ITEM: [2120] COUNT: [1]
[16/8/2018 13:40:55] Deleted item from 'player_items' with SERIAL: [Q4BMG-4P00W-KGLY4-2JEML] PLAYER: [12] PLAYER NAME: [Synonymus] ITEM: [2120] COUNT: [1]
[16/8/2018 13:40:55] Deleted item from 'player_items' with SERIAL: [Q4BMG-4P00W-KGLY4-2JEML] PLAYER: [13] PLAYER NAME: [Mental Alchemy] ITEM: [2120] COUNT: [1]
[16/8/2018 13:40:55] Deleted item from 'player_items' with SERIAL: [Q4BMG-4P00W-KGLY4-2JEML] PLAYER: [14] PLAYER NAME: [Metal Alchemy] ITEM: [2120] COUNT: [1]
[16/8/2018 13:40:55] Deleted item from 'player_items' with SERIAL: [UF6OH-K4PVE-VH7XE-RXB3R] PLAYER: [3] PLAYER NAME: [Sorcerer Sample] ITEM: [2647] COUNT: [1]
[16/8/2018 13:40:55] Deleted item from 'player_items' with SERIAL: [UF6OH-K4PVE-VH7XE-RXB3R] PLAYER: [10] PLAYER NAME: [Cryptanalyze] ITEM: [2647] COUNT: [1]
[16/8/2018 13:40:55] Deleted item from 'player_items' with SERIAL: [UF6OH-K4PVE-VH7XE-RXB3R] PLAYER: [11] PLAYER NAME: [Symmetric] ITEM: [2647] COUNT: [1]
[16/8/2018 13:40:55] Deleted item from 'player_items' with SERIAL: [UF6OH-K4PVE-VH7XE-RXB3R] PLAYER: [12] PLAYER NAME: [Synonymus] ITEM: [2647] COUNT: [1]
[16/8/2018 13:40:55] Deleted item from 'player_items' with SERIAL: [UF6OH-K4PVE-VH7XE-RXB3R] PLAYER: [13] PLAYER NAME: [Mental Alchemy] ITEM: [2647] COUNT: [1]
[16/8/2018 13:40:55] Deleted item from 'player_items' with SERIAL: [UF6OH-K4PVE-VH7XE-RXB3R] PLAYER: [14] PLAYER NAME: [Metal Alchemy] ITEM: [2647] COUNT: [1]
[16/8/2018 13:40:55] Deleted item from 'player_items' with SERIAL: [UH91P-315QN-ZZDSE-UYRGJ] PLAYER: [3] PLAYER NAME: [Sorcerer Sample] ITEM: [1988] COUNT: [1]
[16/8/2018 13:40:55] Deleted item from 'player_items' with SERIAL: [UH91P-315QN-ZZDSE-UYRGJ] PLAYER: [10] PLAYER NAME: [Cryptanalyze] ITEM: [1988] COUNT: [1]
[16/8/2018 13:40:55] Deleted item from 'player_items' with SERIAL: [UH91P-315QN-ZZDSE-UYRGJ] PLAYER: [11] PLAYER NAME: [Symmetric] ITEM: [1988] COUNT: [1]
[16/8/2018 13:40:55] Deleted item from 'player_items' with SERIAL: [UH91P-315QN-ZZDSE-UYRGJ] PLAYER: [12] PLAYER NAME: [Synonymus] ITEM: [1988] COUNT: [1]
[16/8/2018 13:40:55] Deleted item from 'player_items' with SERIAL: [UH91P-315QN-ZZDSE-UYRGJ] PLAYER: [13] PLAYER NAME: [Mental Alchemy] ITEM: [1988] COUNT: [1]
[16/8/2018 13:40:55] Deleted item from 'player_items' with SERIAL: [UH91P-315QN-ZZDSE-UYRGJ] PLAYER: [14] PLAYER NAME: [Metal Alchemy] ITEM: [1988] COUNT: [1]
