[28/3/2019 15:29:15] Admin: ss
[11/10/2019 9:59:38] Admin: exura gran san
[12/10/2019 14:9:49] Admin: foi?
[14/10/2019 8:29:43] Admin: opa
[14/10/2019 23:20:46] Admin: vamos la?
[15/10/2019 12:36:48] Admin: /shutdonw 2
[15/10/2019 12:49:37] Admin: n
[15/10/2019 12:49:38] Admin: kkk
[16/10/2019 11:32:55] Admin: nosas
[18/10/2019 15:53:31] Admin: hi
[22/10/2019 11:8:11] Admin: ?
[25/10/2019 10:15:39] Admin: vc
[25/10/2019 11:55:43] Admin: titania
[31/10/2019 14:54:25] Admin: so subir
[31/10/2019 16:34:51] Admin: /towns yurtos
[31/10/2019 16:38:42] Admin: go ver
[1/11/2019 8:58:12] Admin: vai ir ali
[1/11/2019 8:58:13] Admin: ?
[4/11/2019 12:16:11] Admin: /t
[5/11/2019 11:31:17] Admin: ai
[5/2/2020 21:41:3] Admin: verdade
[17/2/2020 10:36:31] Admin: /addskill, level, Putao
[16/3/2020 19:25:17] Admin: ?
[23/3/2020 19:12:28] Admin: /gotoCoronavirus
[22/4/2020 1:48:41] Admin: opa
[22/4/2020 1:48:45] Admin: boa noite
[23/4/2020 21:52:19] Admin: ai
[23/4/2020 21:52:20] Admin: mano
[23/4/2020 22:42:6] Admin: :o
[24/4/2020 14:24:59] Admin: ei
[24/4/2020 15:37:3] Admin: agora sim
[24/4/2020 23:27:14] Admin: ola
[26/4/2020 18:21:51] Admin: qual shield?
[28/4/2020 21:4:9] Admin: /ban Elvaxfara
[2/5/2020 11:28:50] Admin: 30 Premium Points added to the account of Thart !
[3/5/2020 18:59:2] Admin: fala viado
[6/5/2020 9:33:27] Admin: /shutdonw 5
[11/5/2020 22:5:14] Admin: 9
[21/5/2020 22:52:39] Admin: hi
[27/5/2020 15:30:56] Admin: que deu
[27/5/2020 15:30:56] Admin: ?
[1/6/2020 1:2:14] Admin: ola
[1/6/2020 1:2:15] Admin: amigo
[27/6/2020 20:57:19] Admin: então vc
[27/6/2020 20:57:21] Admin: esta indo joga
[27/6/2020 20:58:56] Admin: ajajja
[24/4/2023 15:55:52] Admin: ola
[24/4/2023 15:57:32] Admin: t
[24/4/2023 15:57:35] Admin: talvez
[27/4/2023 14:28:35] Admin: opa 1 jogador
[27/4/2023 14:38:23] Admin: acho que deu certo
[28/4/2023 0:4:49] Admin: hi
